Watching for file changes with StatReloader
Waiting for apps ready_event.
Apps ready_event triggered. Sending autoreload_started signal.
Watching dir /Users/admin/Desktop/AirTicket/emka/lib/python3.10/site-packages/django_filters/templates with glob **/*.
Watching dir /Users/admin/Desktop/AirTicket/emka/lib/python3.10/site-packages/drf_yasg/templates with glob **/*.
Watching dir /Users/admin/Desktop/AirTicket/emka/lib/python3.10/site-packages/rest_framework/templates with glob **/*.
Watching dir /Users/admin/Desktop/AirTicket/buy_tickets/locale with glob **/*.mo.
Watching dir /Users/admin/Desktop/AirTicket/emka/lib/python3.10/site-packages/rest_framework/locale with glob **/*.mo.
Watching dir /Users/admin/Desktop/AirTicket/emka/lib/python3.10/site-packages/rest_framework/authtoken/locale with glob **/*.mo.
Watching dir /Users/admin/Desktop/AirTicket/emka/lib/python3.10/site-packages/django_filters/locale with glob **/*.mo.
Watching dir /Users/admin/Desktop/AirTicket/emka/lib/python3.10/site-packages/drf_yasg/locale with glob **/*.mo.
Watching dir /Users/admin/Desktop/AirTicket/buy_tickets/account/locale with glob **/*.mo.
Watching dir /Users/admin/Desktop/AirTicket/buy_tickets/buy_tickets/locale with glob **/*.mo.
File /Users/admin/Desktop/AirTicket/emka/lib/python3.10/site-packages/django/db/models/fields/__init__.py first seen with mtime 1684412601.930301
File /opt/homebrew/Cellar/python@3.10/3.10.9/Frameworks/Python.framework/Versions/3.10/lib/python3.10/uuid.py first seen with mtime 1670352297.0
File /opt/homebrew/Cellar/python@3.10/3.10.9/Frameworks/Python.framework/Versions/3.10/lib/python3.10/site.py first seen with mtime 1670352297.0
File /Users/admin/Desktop/AirTicket/emka/lib/python3.10/site-packages/django/utils/inspect.py first seen with mtime 1684412601.9630148
File /Users/admin/Desktop/AirTicket/emka/lib/python3.10/site-packages/django/db/backends/utils.py first seen with mtime 1684412601.915332
File /opt/homebrew/Cellar/python@3.10/3.10.9/Frameworks/Python.framework/Versions/3.10/lib/python3.10/sre_constants.py first seen with mtime 1670352297.0
File /opt/homebrew/Cellar/python@3.10/3.10.9/Frameworks/Python.framework/Versions/3.10/lib/python3.10/xml/dom/domreg.py first seen with mtime 1670352297.0
File /opt/homebrew/Cellar/python@3.10/3.10.9/Frameworks/Python.framework/Versions/3.10/lib/python3.10/collections/__init__.py first seen with mtime 1670352297.0
File /opt/homebrew/Cellar/python@3.10/3.10.9/Frameworks/Python.framework/Versions/3.10/lib/python3.10/asyncio/events.py first seen with mtime 1670352297.0
File /Users/admin/Desktop/AirTicket/emka/lib/python3.10/site-packages/pytz/exceptions.py first seen with mtime 1684412600.9826834
File /Users/admin/Desktop/AirTicket/emka/lib/python3.10/site-packages/click/formatting.py first seen with mtime 1684412867.269902
File /Users/admin/Desktop/AirTicket/emka/lib/python3.10/site-packages/django/db/models/indexes.py first seen with mtime 1684412601.9286404
File /Users/admin/Desktop/AirTicket/emka/lib/python3.10/site-packages/django/db/backends/postgresql/client.py first seen with mtime 1684412601.9212866
File /Users/admin/Desktop/AirTicket/emka/lib/python3.10/site-packages/django/core/checks/security/sessions.py first seen with mtime 1684412601.90415
File /Users/admin/Desktop/AirTicket/emka/lib/python3.10/site-packages/jinja2/async_utils.py first seen with mtime 1684415001.0856726
File /Users/admin/Desktop/AirTicket/emka/lib/python3.10/site-packages/click/_compat.py first seen with mtime 1684412867.2685754
File /Users/admin/Desktop/AirTicket/emka/lib/python3.10/site-packages/urllib3/util/connection.py first seen with mtime 1684415000.885103
File /opt/homebrew/Cellar/python@3.10/3.10.9/Frameworks/Python.framework/Versions/3.10/lib/python3.10/zoneinfo/_tzpath.py first seen with mtime 1670352297.0
File /Users/admin/Desktop/AirTicket/emka/lib/python3.10/site-packages/django/contrib/staticfiles/apps.py first seen with mtime 1684412601.8965802
File /Users/admin/Desktop/AirTicket/emka/lib/python3.10/site-packages/rest_framework/schemas/generators.py first seen with mtime 1684412602.6194336
File /Users/admin/Desktop/AirTicket/emka/lib/python3.10/site-packages/ruamel/yaml/tokens.py first seen with mtime 1684415001.0189204
File /opt/homebrew/Cellar/python@3.10/3.10.9/Frameworks/Python.framework/Versions/3.10/lib/python3.10/lib-dynload/_scproxy.cpython-310-darwin.so first seen with mtime 1670352297.0
File /opt/homebrew/Cellar/python@3.10/3.10.9/Frameworks/Python.framework/Versions/3.10/lib/python3.10/asyncio/queues.py first seen with mtime 1670352297.0
File /Users/admin/Desktop/AirTicket/emka/lib/python3.10/site-packages/django/contrib/__init__.py first seen with mtime 1684412601.3755953
File /opt/homebrew/Cellar/python@3.10/3.10.9/Frameworks/Python.framework/Versions/3.10/lib/python3.10/argparse.py first seen with mtime 1670352297.0
File /Users/admin/Desktop/AirTicket/emka/lib/python3.10/site-packages/django/core/servers/__init__.py first seen with mtime 1684412601.9141514
File /opt/homebrew/Cellar/python@3.10/3.10.9/Frameworks/Python.framework/Versions/3.10/lib/python3.10/fnmatch.py first seen with mtime 1670352297.0
File /Users/admin/Desktop/AirTicket/emka/lib/python3.10/site-packages/rest_framework/utils/model_meta.py first seen with mtime 1684412602.643778
File /Users/admin/Desktop/AirTicket/emka/lib/python3.10/site-packages/click/decorators.py first seen with mtime 1684412867.2695813
File /Users/admin/Desktop/AirTicket/buy_tickets/buy_tickets/permissions.py first seen with mtime 1684412398.5927103
File /Users/admin/Desktop/AirTicket/emka/lib/python3.10/site-packages/coreschema/schemas.py first seen with mtime 1486556597.0
File /Users/admin/Desktop/AirTicket/emka/lib/python3.10/site-packages/django/views/debug.py first seen with mtime 1684412601.9672754
File /Users/admin/Desktop/AirTicket/emka/lib/python3.10/site-packages/ruamel/yaml/constructor.py first seen with mtime 1684415001.0157936
File /opt/homebrew/Cellar/python@3.10/3.10.9/Frameworks/Python.framework/Versions/3.10/lib/python3.10/lib-dynload/_ssl.cpython-310-darwin.so first seen with mtime 1676385110.0443685
File /opt/homebrew/Cellar/python@3.10/3.10.9/Frameworks/Python.framework/Versions/3.10/lib/python3.10/_weakrefset.py first seen with mtime 1670352297.0
File /Users/admin/Desktop/AirTicket/emka/lib/python3.10/site-packages/django/core/signing.py first seen with mtime 1684412601.8996997
File /opt/homebrew/Cellar/python@3.10/3.10.9/Frameworks/Python.framework/Versions/3.10/lib/python3.10/asyncio/selector_events.py first seen with mtime 1670352297.0
File /Users/admin/Desktop/AirTicket/emka/lib/python3.10/site-packages/django/template/loaders/app_directories.py first seen with mtime 1684412601.9549804
File /Users/admin/Desktop/AirTicket/emka/lib/python3.10/site-packages/rest_framework/schemas/openapi.py first seen with mtime 1684412602.6198575
File /Users/admin/Desktop/AirTicket/emka/lib/python3.10/site-packages/django/contrib/admin/templatetags/log.py first seen with mtime 1684412601.479766
File /Users/admin/Desktop/AirTicket/emka/lib/python3.10/site-packages/django/core/checks/messages.py first seen with mtime 1684412601.902333
File /Users/admin/Desktop/AirTicket/emka/lib/python3.10/site-packages/django/core/handlers/wsgi.py first seen with mtime 1684412601.9069602
File /Users/admin/Desktop/AirTicket/emka/lib/python3.10/site-packages/django/template/loaders/base.py first seen with mtime 1684412601.9551148
File /Users/admin/Desktop/AirTicket/emka/lib/python3.10/site-packages/django/contrib/staticfiles/management/commands/runserver.py first seen with mtime 1684412601.8983781
File /Users/admin/Desktop/AirTicket/emka/lib/python3.10/site-packages/coreapi/exceptions.py first seen with mtime 1684415001.311158
File /Users/admin/Desktop/AirTicket/emka/lib/python3.10/site-packages/django_filters/compat.py first seen with mtime 1684413294.2054133
File /Users/admin/Desktop/AirTicket/emka/lib/python3.10/site-packages/django_filters/__init__.py first seen with mtime 1684413294.2052739
File /Users/admin/Desktop/AirTicket/emka/lib/python3.10/site-packages/coreapi/transports/__init__.py first seen with mtime 1684415001.3124268
File /Users/admin/Desktop/AirTicket/emka/lib/python3.10/site-packages/django/contrib/admin/templatetags/__init__.py first seen with mtime 1684412601.4790027
File /Users/admin/Desktop/AirTicket/emka/lib/python3.10/site-packages/django/test/signals.py first seen with mtime 1684412601.9574962
File /Users/admin/Desktop/AirTicket/emka/lib/python3.10/site-packages/django/db/backends/postgresql/creation.py first seen with mtime 1684412601.9214518
File /opt/homebrew/Cellar/python@3.10/3.10.9/Frameworks/Python.framework/Versions/3.10/lib/python3.10/email/_policybase.py first seen with mtime 1670352297.0
File /Users/admin/Desktop/AirTicket/emka/lib/python3.10/site-packages/idna/intranges.py first seen with mtime 1684415000.9538271
File /Users/admin/Desktop/AirTicket/emka/lib/python3.10/site-packages/django/contrib/postgres/fields/hstore.py first seen with mtime 1684412601.7528338
File /Users/admin/Desktop/AirTicket/emka/lib/python3.10/site-packages/jinja2/filters.py first seen with mtime 1684415001.0872772
File /Users/admin/Desktop/AirTicket/emka/lib/python3.10/site-packages/coreschema/encodings/html.py first seen with mtime 1485963706.0
File /Users/admin/Desktop/AirTicket/emka/lib/python3.10/site-packages/django/core/exceptions.py first seen with mtime 1684412601.899263
File /Users/admin/Desktop/AirTicket/emka/lib/python3.10/site-packages/charset_normalizer/version.py first seen with mtime 1684415000.9930806
File /opt/homebrew/Cellar/python@3.10/3.10.9/Frameworks/Python.framework/Versions/3.10/lib/python3.10/email/_encoded_words.py first seen with mtime 1670352297.0
File /Users/admin/Desktop/AirTicket/emka/lib/python3.10/site-packages/ruamel/yaml/nodes.py first seen with mtime 1684415001.0170078
File /opt/homebrew/Cellar/python@3.10/3.10.9/Frameworks/Python.framework/Versions/3.10/lib/python3.10/concurrent/futures/__init__.py first seen with mtime 1670352297.0
File /opt/homebrew/Cellar/python@3.10/3.10.9/Frameworks/Python.framework/Versions/3.10/lib/python3.10/queue.py first seen with mtime 1670352297.0
File /Users/admin/Desktop/AirTicket/emka/lib/python3.10/site-packages/pytz/__init__.py first seen with mtime 1684412600.9825141
File /Users/admin/Desktop/AirTicket/emka/lib/python3.10/site-packages/django/core/management/sql.py first seen with mtime 1684412601.9089715
File /Users/admin/Desktop/AirTicket/emka/lib/python3.10/site-packages/django/core/checks/urls.py first seen with mtime 1684412601.9032557
File /Users/admin/Desktop/AirTicket/emka/lib/python3.10/site-packages/django/utils/ipv6.py first seen with mtime 1684412601.963185
File /Users/admin/Desktop/AirTicket/emka/lib/python3.10/site-packages/django/db/migrations/operations/__init__.py first seen with mtime 1684412601.9262507
File /Users/admin/Desktop/AirTicket/emka/lib/python3.10/site-packages/ruamel/yaml/representer.py first seen with mtime 1684415001.0176208
File /Users/admin/Desktop/AirTicket/emka/lib/python3.10/site-packages/django/contrib/contenttypes/fields.py first seen with mtime 1684412601.5675623
File /Users/admin/Desktop/AirTicket/emka/lib/python3.10/site-packages/text_unidecode/__init__.py first seen with mtime 1684412600.962508
File /Users/admin/Desktop/AirTicket/emka/lib/python3.10/site-packages/rest_framework/utils/field_mapping.py first seen with mtime 1684412602.6427927
File /Users/admin/Desktop/AirTicket/emka/lib/python3.10/site-packages/rest_framework/templatetags/__init__.py first seen with mtime 1684412602.6418302
File /Users/admin/Desktop/AirTicket/emka/lib/python3.10/site-packages/django/db/backends/__init__.py first seen with mtime 1684412601.9148858
File /opt/homebrew/Cellar/python@3.10/3.10.9/Frameworks/Python.framework/Versions/3.10/lib/python3.10/lib-dynload/_bz2.cpython-310-darwin.so first seen with mtime 1670352297.0
File /opt/homebrew/Cellar/python@3.10/3.10.9/Frameworks/Python.framework/Versions/3.10/lib/python3.10/xml/dom/minicompat.py first seen with mtime 1670352297.0
File /Users/admin/Desktop/AirTicket/emka/lib/python3.10/site-packages/ruamel/yaml/cyaml.py first seen with mtime 1684415001.0159335
File /Users/admin/Desktop/AirTicket/emka/lib/python3.10/site-packages/django/templatetags/__init__.py first seen with mtime 1684412601.9556258
File /Users/admin/Desktop/AirTicket/emka/lib/python3.10/site-packages/django/contrib/postgres/search.py first seen with mtime 1684412601.7511432
File /Users/admin/Desktop/AirTicket/emka/lib/python3.10/site-packages/django/views/decorators/csrf.py first seen with mtime 1684412601.9684322
File /Users/admin/Desktop/AirTicket/buy_tickets/air_tickets/__init__.py first seen with mtime 1684412398.5902007
File /Users/admin/Desktop/AirTicket/emka/lib/python3.10/site-packages/urllib3/exceptions.py first seen with mtime 1684415000.8828683
File /opt/homebrew/Cellar/python@3.10/3.10.9/Frameworks/Python.framework/Versions/3.10/lib/python3.10/email/policy.py first seen with mtime 1670352297.0
File /Users/admin/Desktop/AirTicket/emka/lib/python3.10/site-packages/urllib3/util/retry.py first seen with mtime 1684415000.8856509
File /Users/admin/Desktop/AirTicket/emka/lib/python3.10/site-packages/django/http/cookie.py first seen with mtime 1684412601.9492736
File /Users/admin/Desktop/AirTicket/emka/lib/python3.10/site-packages/django/contrib/messages/storage/base.py first seen with mtime 1684412601.7494328
File /Users/admin/Desktop/AirTicket/emka/lib/python3.10/site-packages/django/core/management/commands/runserver.py first seen with mtime 1684412601.9115705
File /Users/admin/Desktop/AirTicket/emka/lib/python3.10/site-packages/drf_yasg/renderers.py first seen with mtime 1684415001.3278782
File /opt/homebrew/Cellar/python@3.10/3.10.9/Frameworks/Python.framework/Versions/3.10/lib/python3.10/inspect.py first seen with mtime 1670352297.0
File /Users/admin/Desktop/AirTicket/emka/lib/python3.10/site-packages/django/contrib/messages/utils.py first seen with mtime 1684412601.7489803
File /opt/homebrew/Cellar/python@3.10/3.10.9/Frameworks/Python.framework/Versions/3.10/lib/python3.10/lib-dynload/select.cpython-310-darwin.so first seen with mtime 1670352297.0
File /Users/admin/Desktop/AirTicket/emka/lib/python3.10/site-packages/charset_normalizer/cd.py first seen with mtime 1684415000.9953024
File /Users/admin/Desktop/AirTicket/emka/lib/python3.10/site-packages/rest_framework/decorators.py first seen with mtime 1684412602.5966902
File /Users/admin/Desktop/AirTicket/emka/lib/python3.10/site-packages/charset_normalizer/models.py first seen with mtime 1684415000.9935308
File /Users/admin/Desktop/AirTicket/emka/lib/python3.10/site-packages/rest_framework/generics.py first seen with mtime 1684412602.5974905
File /Users/admin/Desktop/AirTicket/emka/lib/python3.10/site-packages/coreapi/compat.py first seen with mtime 1684415001.3109188
File /opt/homebrew/Cellar/python@3.10/3.10.9/Frameworks/Python.framework/Versions/3.10/lib/python3.10/string.py first seen with mtime 1670352297.0
File /Users/admin/Desktop/AirTicket/emka/lib/python3.10/site-packages/jinja2/environment.py first seen with mtime 1684415001.0866895
File /opt/homebrew/Cellar/python@3.10/3.10.9/Frameworks/Python.framework/Versions/3.10/lib/python3.10/random.py first seen with mtime 1670352297.0
File /Users/admin/Desktop/AirTicket/emka/lib/python3.10/site-packages/sqlparse/filters/__init__.py first seen with mtime 1684412601.0831127
File /Users/admin/Desktop/AirTicket/buy_tickets/account/admin.py first seen with mtime 1684412398.589122
File /opt/homebrew/Cellar/python@3.10/3.10.9/Frameworks/Python.framework/Versions/3.10/lib/python3.10/numbers.py first seen with mtime 1670352297.0
File /opt/homebrew/Cellar/python@3.10/3.10.9/Frameworks/Python.framework/Versions/3.10/lib/python3.10/lib-dynload/_sha512.cpython-310-darwin.so first seen with mtime 1670352297.0
File /Users/admin/Desktop/AirTicket/emka/lib/python3.10/site-packages/ruamel/yaml/scalarstring.py first seen with mtime 1684415001.018234
File /Users/admin/Desktop/AirTicket/emka/lib/python3.10/site-packages/django/contrib/auth/admin.py first seen with mtime 1684412601.5206912
File /Users/admin/Desktop/AirTicket/emka/lib/python3.10/site-packages/django/contrib/messages/middleware.py first seen with mtime 1684412601.7488327
File /opt/homebrew/Cellar/python@3.10/3.10.9/Frameworks/Python.framework/Versions/3.10/lib/python3.10/asyncio/protocols.py first seen with mtime 1670352297.0
File /Users/admin/Desktop/AirTicket/emka/lib/python3.10/site-packages/django/utils/safestring.py first seen with mtime 1684412601.9646204
File /opt/homebrew/Cellar/python@3.10/3.10.9/Frameworks/Python.framework/Versions/3.10/lib/python3.10/email/mime/nonmultipart.py first seen with mtime 1670352297.0
File /Users/admin/Desktop/AirTicket/emka/lib/python3.10/site-packages/requests/__version__.py first seen with mtime 1684415001.065825
File /Users/admin/Desktop/AirTicket/emka/lib/python3.10/site-packages/urllib3/connectionpool.py first seen with mtime 1684415000.8826861
File /Users/admin/Desktop/AirTicket/emka/lib/python3.10/site-packages/urllib3/_collections.py first seen with mtime 1684415000.8815992
File /Users/admin/Desktop/AirTicket/emka/lib/python3.10/site-packages/uritemplate/variable.py first seen with mtime 1684415000.9192631
File /opt/homebrew/Cellar/python@3.10/3.10.9/Frameworks/Python.framework/Versions/3.10/lib/python3.10/unittest/runner.py first seen with mtime 1670352297.0
File /opt/homebrew/Cellar/python@3.10/3.10.9/Frameworks/Python.framework/Versions/3.10/lib/python3.10/dataclasses.py first seen with mtime 1670352297.0
File /Users/admin/Desktop/AirTicket/emka/lib/python3.10/site-packages/slugify/__init__.py first seen with mtime 1684412601.1006515
File /Users/admin/Desktop/AirTicket/emka/lib/python3.10/site-packages/django/utils/translation/__init__.py first seen with mtime 1684412601.9660666
File /Users/admin/Desktop/AirTicket/emka/lib/python3.10/site-packages/sqlparse/sql.py first seen with mtime 1684412601.082205
File /Users/admin/Desktop/AirTicket/emka/lib/python3.10/site-packages/pkg_resources/_vendor/pyparsing/unicode.py first seen with mtime 1684412488.6493263
File /Users/admin/Desktop/AirTicket/emka/lib/python3.10/site-packages/django/views/static.py first seen with mtime 1684412601.9677317
File /Users/admin/Desktop/AirTicket/emka/lib/python3.10/site-packages/django/db/migrations/exceptions.py first seen with mtime 1684412601.9242985
File /Users/admin/Desktop/AirTicket/emka/lib/python3.10/site-packages/django/template/response.py first seen with mtime 1684412601.9535415
File /Users/admin/Desktop/AirTicket/emka/lib/python3.10/site-packages/django/views/csrf.py first seen with mtime 1684412601.9670641
File /Users/admin/Desktop/AirTicket/emka/lib/python3.10/site-packages/django/views/decorators/cache.py first seen with mtime 1684412601.9680343
File /opt/homebrew/Cellar/python@3.10/3.10.9/Frameworks/Python.framework/Versions/3.10/lib/python3.10/html/entities.py first seen with mtime 1670352297.0
File /opt/homebrew/Cellar/python@3.10/3.10.9/Frameworks/Python.framework/Versions/3.10/lib/python3.10/concurrent/futures/thread.py first seen with mtime 1670352297.0
File /opt/homebrew/Cellar/python@3.10/3.10.9/Frameworks/Python.framework/Versions/3.10/lib/python3.10/email/header.py first seen with mtime 1670352297.0
File /Users/admin/Desktop/AirTicket/emka/lib/python3.10/site-packages/coreschema/compat.py first seen with mtime 1486549794.0
File /Users/admin/Desktop/AirTicket/emka/lib/python3.10/site-packages/django/db/models/sql/datastructures.py first seen with mtime 1684412601.933813
File /opt/homebrew/Cellar/python@3.10/3.10.9/Frameworks/Python.framework/Versions/3.10/lib/python3.10/lib-dynload/unicodedata.cpython-310-darwin.so first seen with mtime 1670352297.0
File /Users/admin/Desktop/AirTicket/emka/lib/python3.10/site-packages/rest_framework/apps.py first seen with mtime 1684412602.5962002
File /Users/admin/Desktop/AirTicket/emka/lib/python3.10/site-packages/django/db/models/query.py first seen with mtime 1684412601.9295342
File /Users/admin/Desktop/AirTicket/emka/lib/python3.10/site-packages/jinja2/runtime.py first seen with mtime 1684415001.0888064
File /Users/admin/Desktop/AirTicket/emka/lib/python3.10/site-packages/jinja2/tests.py first seen with mtime 1684415001.0891044
File /opt/homebrew/Cellar/python@3.10/3.10.9/Frameworks/Python.framework/Versions/3.10/lib/python3.10/stat.py first seen with mtime 1670352297.0
File /Users/admin/Desktop/AirTicket/emka/lib/python3.10/site-packages/urllib3/util/ssl_match_hostname.py first seen with mtime 1684415000.8861113
File /opt/homebrew/Cellar/python@3.10/3.10.9/Frameworks/Python.framework/Versions/3.10/lib/python3.10/urllib/response.py first seen with mtime 1670352297.0
File /Users/admin/Desktop/AirTicket/emka/lib/python3.10/site-packages/drf_yasg/utils.py first seen with mtime 1684415001.3280573
File /Users/admin/Desktop/AirTicket/emka/lib/python3.10/site-packages/jinja2/utils.py first seen with mtime 1684415001.089279
File /Users/admin/Desktop/AirTicket/emka/lib/python3.10/site-packages/pkg_resources/_vendor/pyparsing/common.py first seen with mtime 1684412488.647757
File /opt/homebrew/Cellar/python@3.10/3.10.9/Frameworks/Python.framework/Versions/3.10/lib/python3.10/encodings/aliases.py first seen with mtime 1670352297.0
File /Users/admin/Desktop/AirTicket/emka/lib/python3.10/site-packages/urllib3/__init__.py first seen with mtime 1684415000.8812063
File /opt/homebrew/Cellar/python@3.10/3.10.9/Frameworks/Python.framework/Versions/3.10/lib/python3.10/urllib/parse.py first seen with mtime 1670352297.0
File /Users/admin/Desktop/AirTicket/emka/lib/python3.10/site-packages/django/template/loader.py first seen with mtime 1684412601.953243
File /Users/admin/Desktop/AirTicket/emka/lib/python3.10/site-packages/django/core/files/locks.py first seen with mtime 1684412601.9046767
File /Users/admin/Desktop/AirTicket/emka/lib/python3.10/site-packages/ruamel/yaml/scalarbool.py first seen with mtime 1684415001.0178828
File /Users/admin/Desktop/AirTicket/emka/lib/python3.10/site-packages/django/db/models/sql/constants.py first seen with mtime 1684412601.933646
File /Users/admin/Desktop/AirTicket/emka/lib/python3.10/site-packages/django/db/models/utils.py first seen with mtime 1684412601.9299705
File /Users/admin/Desktop/AirTicket/emka/lib/python3.10/site-packages/django/contrib/staticfiles/management/commands/__init__.py first seen with mtime 1684412601.8978925
File /Users/admin/Desktop/AirTicket/emka/lib/python3.10/site-packages/django/db/migrations/operations/special.py first seen with mtime 1684412601.926897
File /Users/admin/Desktop/AirTicket/emka/lib/python3.10/site-packages/django/db/models/sql/subqueries.py first seen with mtime 1684412601.9343982
File /opt/homebrew/Cellar/python@3.10/3.10.9/Frameworks/Python.framework/Versions/3.10/lib/python3.10/re.py first seen with mtime 1670352297.0
File /Users/admin/Desktop/AirTicket/emka/lib/python3.10/site-packages/rest_framework/authtoken/admin.py first seen with mtime 1684412602.6013646
File /opt/homebrew/Cellar/python@3.10/3.10.9/Frameworks/Python.framework/Versions/3.10/lib/python3.10/urllib/request.py first seen with mtime 1670352297.0
File /Users/admin/Desktop/AirTicket/emka/lib/python3.10/site-packages/django/contrib/admin/templatetags/base.py first seen with mtime 1684412601.4796317
File /Users/admin/Desktop/AirTicket/emka/lib/python3.10/site-packages/django/core/files/uploadhandler.py first seen with mtime 1684412601.9052064
File /Users/admin/Desktop/AirTicket/emka/lib/python3.10/site-packages/django/contrib/postgres/fields/jsonb.py first seen with mtime 1684412601.7529545
File /Users/admin/Desktop/AirTicket/emka/lib/python3.10/site-packages/requests/certs.py first seen with mtime 1684415001.0666223
File /Users/admin/Desktop/AirTicket/emka/lib/python3.10/site-packages/django/contrib/admin/sites.py first seen with mtime 1684412601.377621
File /Users/admin/Desktop/AirTicket/emka/lib/python3.10/site-packages/drf_yasg/errors.py first seen with mtime 1684415001.3272464
File /Users/admin/Desktop/AirTicket/emka/lib/python3.10/site-packages/django/core/files/images.py first seen with mtime 1684412601.9045331
File /Users/admin/Desktop/AirTicket/emka/lib/python3.10/site-packages/rest_framework/authtoken/views.py first seen with mtime 1684412602.6019213
File /Users/admin/Desktop/AirTicket/emka/lib/python3.10/site-packages/django/contrib/admin/templatetags/admin_list.py first seen with mtime 1684412601.479218
File /Users/admin/Desktop/AirTicket/emka/lib/python3.10/site-packages/django/urls/conf.py first seen with mtime 1684412601.9585009
File /Users/admin/Desktop/AirTicket/emka/lib/python3.10/site-packages/django/template/loader_tags.py first seen with mtime 1684412601.9534004
File /Users/admin/Desktop/AirTicket/emka/lib/python3.10/site-packages/rest_framework/utils/json.py first seen with mtime 1684412602.643439
File /opt/homebrew/Cellar/python@3.10/3.10.9/Frameworks/Python.framework/Versions/3.10/lib/python3.10/asyncio/format_helpers.py first seen with mtime 1670352297.0
File /Users/admin/Desktop/AirTicket/emka/lib/python3.10/site-packages/django/contrib/messages/__init__.py first seen with mtime 1684412601.7481813
File /Users/admin/Desktop/AirTicket/emka/lib/python3.10/site-packages/django/core/files/storage/__init__.py first seen with mtime 1684412601.9055152
File /Users/admin/Desktop/AirTicket/buy_tickets/buy_tickets/models.py first seen with mtime 1684477072.8032136
File /Users/admin/Desktop/AirTicket/emka/lib/python3.10/site-packages/django/contrib/admin/checks.py first seen with mtime 1684412601.3762126
File /Users/admin/Desktop/AirTicket/emka/lib/python3.10/site-packages/django/contrib/postgres/lookups.py first seen with mtime 1684412601.7508073
File /Users/admin/Desktop/AirTicket/emka/lib/python3.10/site-packages/django/contrib/postgres/fields/__init__.py first seen with mtime 1684412601.7524116
File /opt/homebrew/Cellar/python@3.10/3.10.9/Frameworks/Python.framework/Versions/3.10/lib/python3.10/_osx_support.py first seen with mtime 1670352297.0
File /opt/homebrew/Cellar/python@3.10/3.10.9/Frameworks/Python.framework/Versions/3.10/lib/python3.10/unittest/result.py first seen with mtime 1670352297.0
File /Users/admin/Desktop/AirTicket/emka/lib/python3.10/site-packages/requests/status_codes.py first seen with mtime 1684415001.0680995
File /Users/admin/Desktop/AirTicket/emka/lib/python3.10/site-packages/asgiref/sync.py first seen with mtime 1684412601.276123
File /Users/admin/Desktop/AirTicket/emka/lib/python3.10/site-packages/sqlparse/formatter.py first seen with mtime 1684412601.0816782
File /Users/admin/Desktop/AirTicket/emka/lib/python3.10/site-packages/django/contrib/auth/checks.py first seen with mtime 1684412601.5212464
File /opt/homebrew/Cellar/python@3.10/3.10.9/Frameworks/Python.framework/Versions/3.10/lib/python3.10/importlib/_abc.py first seen with mtime 1670352297.0
File /Users/admin/Desktop/AirTicket/emka/lib/python3.10/site-packages/rest_framework/metadata.py first seen with mtime 1684412602.597606
File /Users/admin/Desktop/AirTicket/emka/lib/python3.10/site-packages/drf_yasg/inspectors/query.py first seen with mtime 1684415001.3288643
File /opt/homebrew/Cellar/python@3.10/3.10.9/Frameworks/Python.framework/Versions/3.10/lib/python3.10/_collections_abc.py first seen with mtime 1670352297.0
File /Users/admin/Desktop/AirTicket/emka/lib/python3.10/site-packages/django/core/management/commands/__init__.py first seen with mtime 1684412601.9093816
File /Users/admin/Desktop/AirTicket/emka/lib/python3.10/site-packages/django/contrib/auth/validators.py first seen with mtime 1684412601.5232124
File /Users/admin/Desktop/AirTicket/emka/lib/python3.10/site-packages/slugify/special.py first seen with mtime 1684412601.101198
File /opt/homebrew/Cellar/python@3.10/3.10.9/Frameworks/Python.framework/Versions/3.10/lib/python3.10/lib-dynload/_zoneinfo.cpython-310-darwin.so first seen with mtime 1670352297.0
File /Users/admin/Desktop/AirTicket/buy_tickets/account/permissions.py first seen with mtime 1684412398.5897183
File /Users/admin/Desktop/AirTicket/emka/lib/python3.10/site-packages/django/db/models/expressions.py first seen with mtime 1684412601.9284859
File /Users/admin/Desktop/AirTicket/emka/lib/python3.10/site-packages/django/utils/translation/reloader.py first seen with mtime 1684412601.9662132
File /Users/admin/Desktop/AirTicket/emka/lib/python3.10/site-packages/pkg_resources/_vendor/packaging/utils.py first seen with mtime 1684412488.6471052
File /Users/admin/Desktop/AirTicket/emka/lib/python3.10/site-packages/django/contrib/sessions/__init__.py first seen with mtime 1684412601.8183386
File /Users/admin/Desktop/AirTicket/emka/lib/python3.10/site-packages/django/utils/termcolors.py first seen with mtime 1684412601.9647653
File /opt/homebrew/Cellar/python@3.10/3.10.9/Frameworks/Python.framework/Versions/3.10/lib/python3.10/contextvars.py first seen with mtime 1670352297.0
File /Users/admin/Desktop/AirTicket/emka/lib/python3.10/site-packages/django/contrib/staticfiles/management/__init__.py first seen with mtime 1684412601.8977454
File /Users/admin/Desktop/AirTicket/emka/lib/python3.10/site-packages/django/core/mail/message.py first seen with mtime 1684412601.907275
File /opt/homebrew/Cellar/python@3.10/3.10.9/Frameworks/Python.framework/Versions/3.10/lib/python3.10/lib-dynload/_bisect.cpython-310-darwin.so first seen with mtime 1670352297.0
File /Users/admin/Desktop/AirTicket/emka/lib/python3.10/site-packages/rest_framework/utils/mediatypes.py first seen with mtime 1684412602.6435971
File /Users/admin/Desktop/AirTicket/emka/lib/python3.10/site-packages/django/forms/fields.py first seen with mtime 1684412601.9356608
File /Users/admin/Desktop/AirTicket/emka/lib/python3.10/site-packages/ruamel/yaml/serializer.py first seen with mtime 1684415001.0186765
File /opt/homebrew/Cellar/python@3.10/3.10.9/Frameworks/Python.framework/Versions/3.10/lib/python3.10/enum.py first seen with mtime 1670352297.0
File /Users/admin/Desktop/AirTicket/emka/lib/python3.10/site-packages/jinja2/__init__.py first seen with mtime 1684415001.0854242
File /Users/admin/Desktop/AirTicket/emka/lib/python3.10/site-packages/django/views/decorators/__init__.py first seen with mtime 1684412601.9678733
File /Users/admin/Desktop/AirTicket/emka/lib/python3.10/site-packages/django/template/context.py first seen with mtime 1684412601.9518692
File /opt/homebrew/Cellar/python@3.10/3.10.9/Frameworks/Python.framework/Versions/3.10/lib/python3.10/types.py first seen with mtime 1670352297.0
File /Users/admin/Desktop/AirTicket/emka/lib/python3.10/site-packages/django_filters/filters.py first seen with mtime 1684413294.2060454
File /Users/admin/Desktop/AirTicket/emka/lib/python3.10/site-packages/django/db/models/__init__.py first seen with mtime 1684412601.927074
File /opt/homebrew/Cellar/python@3.10/3.10.9/Frameworks/Python.framework/Versions/3.10/lib/python3.10/base64.py first seen with mtime 1670352297.0
File /Users/admin/Desktop/AirTicket/emka/lib/python3.10/site-packages/django/contrib/contenttypes/admin.py first seen with mtime 1684412601.5671718
File /Users/admin/Desktop/AirTicket/emka/lib/python3.10/site-packages/django/template/defaultfilters.py first seen with mtime 1684412601.9522092
File /opt/homebrew/Cellar/python@3.10/3.10.9/Frameworks/Python.framework/Versions/3.10/lib/python3.10/asyncio/futures.py first seen with mtime 1670352297.0
File /Users/admin/Desktop/AirTicket/emka/lib/python3.10/site-packages/django/contrib/admin/views/__init__.py first seen with mtime 1684412601.4798992
File /Users/admin/Desktop/AirTicket/emka/lib/python3.10/site-packages/django/db/backends/signals.py first seen with mtime 1684412601.9151762
File /Users/admin/Desktop/AirTicket/emka/lib/python3.10/site-packages/jinja2/loaders.py first seen with mtime 1684415001.087781
File /Users/admin/Desktop/AirTicket/emka/lib/python3.10/site-packages/pkg_resources/_vendor/packaging/_musllinux.py first seen with mtime 1684412488.6462195
File /opt/homebrew/Cellar/python@3.10/3.10.9/Frameworks/Python.framework/Versions/3.10/lib/python3.10/_markupbase.py first seen with mtime 1670352297.0
File /Users/admin/Desktop/AirTicket/emka/lib/python3.10/site-packages/charset_normalizer/constant.py first seen with mtime 1684415000.9951346
File /Users/admin/Desktop/AirTicket/emka/lib/python3.10/site-packages/django/core/management/color.py first seen with mtime 1684412601.908849
File /Users/admin/Desktop/AirTicket/emka/lib/python3.10/site-packages/django/db/models/query_utils.py first seen with mtime 1684412601.9297109
File /Users/admin/Desktop/AirTicket/emka/lib/python3.10/site-packages/django/db/models/fields/related_descriptors.py first seen with mtime 1684412601.9315093
File /opt/homebrew/Cellar/python@3.10/3.10.9/Frameworks/Python.framework/Versions/3.10/lib/python3.10/configparser.py first seen with mtime 1670352297.0
File /opt/homebrew/Cellar/python@3.10/3.10.9/Frameworks/Python.framework/Versions/3.10/lib/python3.10/hashlib.py first seen with mtime 1670352297.0
File /opt/homebrew/Cellar/python@3.10/3.10.9/Frameworks/Python.framework/Versions/3.10/lib/python3.10/lzma.py first seen with mtime 1670352297.0
File /Users/admin/Desktop/AirTicket/emka/lib/python3.10/site-packages/sqlparse/utils.py first seen with mtime 1684412601.0824392
File /Users/admin/Desktop/AirTicket/emka/lib/python3.10/site-packages/django/template/autoreload.py first seen with mtime 1684412601.9514856
File /Users/admin/Desktop/AirTicket/emka/lib/python3.10/site-packages/requests/sessions.py first seen with mtime 1684415001.06795
File /Users/admin/Desktop/AirTicket/emka/lib/python3.10/site-packages/sqlparse/filters/right_margin.py first seen with mtime 1684412601.0836835
File /Users/admin/Desktop/AirTicket/emka/lib/python3.10/site-packages/rest_framework/utils/serializer_helpers.py first seen with mtime 1684412602.6441066
File /Users/admin/Desktop/AirTicket/emka/lib/python3.10/site-packages/rest_framework/schemas/views.py first seen with mtime 1684412602.6201863
File /opt/homebrew/Cellar/python@3.10/3.10.9/Frameworks/Python.framework/Versions/3.10/lib/python3.10/hmac.py first seen with mtime 1670352297.0
File /opt/homebrew/Cellar/python@3.10/3.10.9/Frameworks/Python.framework/Versions/3.10/lib/python3.10/json/decoder.py first seen with mtime 1670352297.0
File /Users/admin/Desktop/AirTicket/emka/lib/python3.10/site-packages/itypes.py first seen with mtime 1684415000.8775067
File /Users/admin/Desktop/AirTicket/emka/lib/python3.10/site-packages/click/termui.py first seen with mtime 1684412867.270737
File /Users/admin/Desktop/AirTicket/emka/lib/python3.10/site-packages/rest_framework/utils/breadcrumbs.py first seen with mtime 1684412602.642416
File /Users/admin/Desktop/AirTicket/emka/lib/python3.10/site-packages/rest_framework/versioning.py first seen with mtime 1684412602.600775
File /Users/admin/Desktop/AirTicket/emka/lib/python3.10/site-packages/django/core/files/storage/handler.py first seen with mtime 1684412601.9059176
File /Users/admin/Desktop/AirTicket/emka/lib/python3.10/site-packages/urllib3/response.py first seen with mtime 1684415000.883679
File /Users/admin/Desktop/AirTicket/buy_tickets/account/apps.py first seen with mtime 1684412398.5892034
File /Users/admin/Desktop/AirTicket/emka/lib/python3.10/site-packages/django/utils/deconstruct.py first seen with mtime 1684412601.96137
File /Users/admin/Desktop/AirTicket/emka/lib/python3.10/site-packages/django/db/models/functions/__init__.py first seen with mtime 1684412601.9320703
File /Users/admin/Desktop/AirTicket/emka/lib/python3.10/site-packages/django/contrib/admin/views/autocomplete.py first seen with mtime 1684412601.4800696
File /Users/admin/Desktop/AirTicket/emka/lib/python3.10/site-packages/django/core/management/__init__.py first seen with mtime 1684412601.9085288
File /Users/admin/Desktop/AirTicket/buy_tickets/buy_tickets/__init__.py first seen with mtime 1684412398.590954
File /Users/admin/Desktop/AirTicket/emka/lib/python3.10/site-packages/django/core/checks/security/csrf.py first seen with mtime 1684412601.9040146
File /opt/homebrew/Cellar/python@3.10/3.10.9/Frameworks/Python.framework/Versions/3.10/lib/python3.10/ntpath.py first seen with mtime 1670352297.0
File /Users/admin/Desktop/AirTicket/emka/lib/python3.10/site-packages/urllib3/util/util.py first seen with mtime 1684415000.8867683
File /opt/homebrew/Cellar/python@3.10/3.10.9/Frameworks/Python.framework/Versions/3.10/lib/python3.10/lib-dynload/_datetime.cpython-310-darwin.so first seen with mtime 1670352297.0
File /Users/admin/Desktop/AirTicket/emka/lib/python3.10/site-packages/django/core/checks/compatibility/django_4_0.py first seen with mtime 1684412601.9035685
File /Users/admin/Desktop/AirTicket/emka/lib/python3.10/site-packages/requests/structures.py first seen with mtime 1684415001.0682514
File /opt/homebrew/Cellar/python@3.10/3.10.9/Frameworks/Python.framework/Versions/3.10/lib/python3.10/http/client.py first seen with mtime 1670352297.0
File /Users/admin/Desktop/AirTicket/emka/lib/python3.10/site-packages/urllib3/util/proxy.py first seen with mtime 1684415000.8852189
File /Users/admin/Desktop/AirTicket/emka/lib/python3.10/site-packages/django/utils/formats.py first seen with mtime 1684412601.9622347
File /Users/admin/Desktop/AirTicket/emka/lib/python3.10/site-packages/drf_yasg/inspectors/field.py first seen with mtime 1684415001.328741
File /Users/admin/Desktop/AirTicket/emka/lib/python3.10/site-packages/sqlparse/tokens.py first seen with mtime 1684412601.0823197
File /Users/admin/Desktop/AirTicket/emka/lib/python3.10/site-packages/django/views/__init__.py first seen with mtime 1684412601.966897
File /Users/admin/Desktop/AirTicket/emka/lib/python3.10/site-packages/charset_normalizer/md__mypyc.cpython-310-darwin.so first seen with mtime 1684415000.9944558
File /opt/homebrew/Cellar/python@3.10/3.10.9/Frameworks/Python.framework/Versions/3.10/lib/python3.10/ast.py first seen with mtime 1670352297.0
File /Users/admin/Desktop/AirTicket/emka/lib/python3.10/site-packages/django/utils/topological_sort.py first seen with mtime 1684412601.9654253
File /Users/admin/Desktop/AirTicket/emka/lib/python3.10/site-packages/drf_yasg/codecs.py first seen with mtime 1684415001.3271062
File /Users/admin/Desktop/AirTicket/emka/lib/python3.10/site-packages/django/core/checks/registry.py first seen with mtime 1684412601.9026327
File /Users/admin/Desktop/AirTicket/emka/lib/python3.10/site-packages/urllib3/util/ssl_.py first seen with mtime 1684415000.885922
File /Users/admin/Desktop/AirTicket/emka/lib/python3.10/site-packages/django/db/models/sql/where.py first seen with mtime 1684412601.9345574
File /Users/admin/Desktop/AirTicket/emka/lib/python3.10/site-packages/django/core/files/storage/base.py first seen with mtime 1684412601.9056468
File /opt/homebrew/Cellar/python@3.10/3.10.9/Frameworks/Python.framework/Versions/3.10/lib/python3.10/email/mime/message.py first seen with mtime 1670352297.0
File /Users/admin/Desktop/AirTicket/emka/lib/python3.10/site-packages/django/test/html.py first seen with mtime 1684412601.9569583
File /Users/admin/Desktop/AirTicket/emka/lib/python3.10/site-packages/coreapi/auth.py first seen with mtime 1684415001.3106544
File /Users/admin/Desktop/AirTicket/emka/lib/python3.10/site-packages/jinja2/defaults.py first seen with mtime 1684415001.0864449
File /Users/admin/Desktop/AirTicket/emka/lib/python3.10/site-packages/django/core/checks/files.py first seen with mtime 1684412601.9021943
File /Users/admin/Desktop/AirTicket/emka/lib/python3.10/site-packages/psycopg2/_range.py first seen with mtime 1684412601.107141
File /Users/admin/Desktop/AirTicket/emka/lib/python3.10/site-packages/django/template/utils.py first seen with mtime 1684412601.953833
File /opt/homebrew/Cellar/python@3.10/3.10.9/Frameworks/Python.framework/Versions/3.10/lib/python3.10/asyncio/constants.py first seen with mtime 1670352297.0
File /opt/homebrew/Cellar/python@3.10/3.10.9/Frameworks/Python.framework/Versions/3.10/lib/python3.10/reprlib.py first seen with mtime 1670352297.0
File /Users/admin/Desktop/AirTicket/emka/lib/python3.10/site-packages/pkg_resources/_vendor/packaging/markers.py first seen with mtime 1684412488.6464744
File /Users/admin/Desktop/AirTicket/emka/lib/python3.10/site-packages/rest_framework/schemas/inspectors.py first seen with mtime 1684412602.6196277
File /Users/admin/Desktop/AirTicket/emka/lib/python3.10/site-packages/drf_yasg/inspectors/__init__.py first seen with mtime 1684415001.3283806
File /Users/admin/Desktop/AirTicket/emka/lib/python3.10/site-packages/markupsafe/_speedups.cpython-310-darwin.so first seen with mtime 1684415000.9444277
File /opt/homebrew/Cellar/python@3.10/3.10.9/Frameworks/Python.framework/Versions/3.10/lib/python3.10/lib-dynload/termios.cpython-310-darwin.so first seen with mtime 1670352297.0
File /opt/homebrew/Cellar/python@3.10/3.10.9/Frameworks/Python.framework/Versions/3.10/lib/python3.10/http/cookiejar.py first seen with mtime 1670352297.0
File /Users/admin/Desktop/AirTicket/emka/lib/python3.10/site-packages/coreapi/transports/http.py first seen with mtime 1684415001.312707
File /Users/admin/Desktop/AirTicket/emka/lib/python3.10/site-packages/rest_framework/negotiation.py first seen with mtime 1684412602.5978312
File /opt/homebrew/Cellar/python@3.10/3.10.9/Frameworks/Python.framework/Versions/3.10/lib/python3.10/json/__init__.py first seen with mtime 1670352297.0
File /Users/admin/Desktop/AirTicket/emka/lib/python3.10/site-packages/django/contrib/staticfiles/checks.py first seen with mtime 1684412601.8967068
File /Users/admin/Desktop/AirTicket/emka/lib/python3.10/site-packages/ruamel/yaml/dumper.py first seen with mtime 1684415001.0160441
File /opt/homebrew/Cellar/python@3.10/3.10.9/Frameworks/Python.framework/Versions/3.10/lib/python3.10/lib-dynload/_opcode.cpython-310-darwin.so first seen with mtime 1670352297.0
File /Users/admin/Desktop/AirTicket/emka/lib/python3.10/site-packages/django/contrib/admin/views/main.py first seen with mtime 1684412601.4803677
File /Users/admin/Desktop/AirTicket/emka/lib/python3.10/site-packages/django/test/client.py first seen with mtime 1684412601.9568012
File /opt/homebrew/Cellar/python@3.10/3.10.9/Frameworks/Python.framework/Versions/3.10/lib/python3.10/io.py first seen with mtime 1670352297.0
File /Users/admin/Desktop/AirTicket/emka/lib/python3.10/site-packages/charset_normalizer/api.py first seen with mtime 1684415000.9946773
File /Users/admin/Desktop/AirTicket/emka/lib/python3.10/site-packages/jinja2/compiler.py first seen with mtime 1684415001.0860896
File /Users/admin/Desktop/AirTicket/emka/lib/python3.10/site-packages/django/core/checks/model_checks.py first seen with mtime 1684412601.9024873
File /opt/homebrew/Cellar/python@3.10/3.10.9/Frameworks/Python.framework/Versions/3.10/lib/python3.10/lib-dynload/_posixsubprocess.cpython-310-darwin.so first seen with mtime 1670352297.0
File /Users/admin/Desktop/AirTicket/emka/lib/python3.10/site-packages/django/contrib/contenttypes/checks.py first seen with mtime 1684412601.567394
File /Users/admin/Desktop/AirTicket/emka/lib/python3.10/site-packages/django_filters/fields.py first seen with mtime 1684413294.20587
File /Users/admin/Desktop/AirTicket/emka/lib/python3.10/site-packages/django/db/migrations/loader.py first seen with mtime 1684412601.9247973
File /opt/homebrew/Cellar/python@3.10/3.10.9/Frameworks/Python.framework/Versions/3.10/lib/python3.10/__future__.py first seen with mtime 1670352297.0
File /Users/admin/Desktop/AirTicket/emka/lib/python3.10/site-packages/coreschema/formats.py first seen with mtime 1485963706.0
File /Users/admin/Desktop/AirTicket/emka/lib/python3.10/site-packages/django_filters/utils.py first seen with mtime 1684413294.2063813
File /Users/admin/Desktop/AirTicket/emka/lib/python3.10/site-packages/django/middleware/security.py first seen with mtime 1684412601.9511724
File /Users/admin/Desktop/AirTicket/emka/lib/python3.10/site-packages/rest_framework/templatetags/rest_framework.py first seen with mtime 1684412602.6420681
File /Users/admin/Desktop/AirTicket/emka/lib/python3.10/site-packages/django_filters/rest_framework/__init__.py first seen with mtime 1684413294.2156198
File /Users/admin/Desktop/AirTicket/emka/lib/python3.10/site-packages/urllib3/connection.py first seen with mtime 1684415000.8824
File /opt/homebrew/Cellar/python@3.10/3.10.9/Frameworks/Python.framework/Versions/3.10/lib/python3.10/xml/dom/NodeFilter.py first seen with mtime 1670352297.0
File /opt/homebrew/Cellar/python@3.10/3.10.9/Frameworks/Python.framework/Versions/3.10/lib/python3.10/email/_parseaddr.py first seen with mtime 1670352297.0
File /opt/homebrew/Cellar/python@3.10/3.10.9/Frameworks/Python.framework/Versions/3.10/lib/python3.10/importlib/_adapters.py first seen with mtime 1670352297.0
File /Users/admin/Desktop/AirTicket/emka/lib/python3.10/site-packages/django/conf/global_settings.py first seen with mtime 1684412601.3068044
File /Users/admin/Desktop/AirTicket/emka/lib/python3.10/site-packages/django/utils/cache.py first seen with mtime 1684412601.9602501
File /Users/admin/Desktop/AirTicket/emka/lib/python3.10/site-packages/rest_framework/pagination.py first seen with mtime 1684412602.598048
File /Users/admin/Desktop/AirTicket/emka/lib/python3.10/site-packages/django/views/defaults.py first seen with mtime 1684412601.967429
File /Users/admin/Desktop/AirTicket/emka/lib/python3.10/site-packages/django/db/migrations/operations/fields.py first seen with mtime 1684412601.9265602
File /opt/homebrew/Cellar/python@3.10/3.10.9/Frameworks/Python.framework/Versions/3.10/lib/python3.10/pkgutil.py first seen with mtime 1670352297.0
File /opt/homebrew/Cellar/python@3.10/3.10.9/Frameworks/Python.framework/Versions/3.10/lib/python3.10/asyncio/tasks.py first seen with mtime 1670352297.0
File /Users/admin/Desktop/AirTicket/emka/lib/python3.10/site-packages/django/http/response.py first seen with mtime 1684412601.9498615
File /opt/homebrew/Cellar/python@3.10/3.10.9/Frameworks/Python.framework/Versions/3.10/lib/python3.10/wsgiref/simple_server.py first seen with mtime 1670352297.0
File /Users/admin/Desktop/AirTicket/emka/lib/python3.10/site-packages/django/db/models/base.py first seen with mtime 1684412601.927615
File /Users/admin/Desktop/AirTicket/emka/lib/python3.10/site-packages/rest_framework/schemas/coreapi.py first seen with mtime 1684412602.6192288
File /opt/homebrew/Cellar/python@3.10/3.10.9/Frameworks/Python.framework/Versions/3.10/lib/python3.10/email/generator.py first seen with mtime 1670352297.0
File /Users/admin/Desktop/AirTicket/emka/lib/python3.10/site-packages/coreapi/codecs/download.py first seen with mtime 1684415001.3119173
File /Users/admin/Desktop/AirTicket/emka/lib/python3.10/site-packages/packaging/_structures.py first seen with mtime 1684415000.9283392
File /Users/admin/Desktop/AirTicket/emka/lib/python3.10/site-packages/django/contrib/auth/hashers.py first seen with mtime 1684412601.5220547
File /Users/admin/Desktop/AirTicket/emka/lib/python3.10/site-packages/pkg_resources/_vendor/jaraco/text/__init__.py first seen with mtime 1684412488.6446393
File /Users/admin/Desktop/AirTicket/emka/lib/python3.10/site-packages/django/contrib/admin/models.py first seen with mtime 1684412601.3770645
File /opt/homebrew/Cellar/python@3.10/3.10.9/Frameworks/Python.framework/Versions/3.10/lib/python3.10/lib-dynload/_decimal.cpython-310-darwin.so first seen with mtime 1676385109.956181
File /Users/admin/Desktop/AirTicket/emka/lib/python3.10/site-packages/django/db/backends/base/introspection.py first seen with mtime 1684412601.9163857
File /Users/admin/Desktop/AirTicket/emka/lib/python3.10/site-packages/django/db/models/functions/comparison.py first seen with mtime 1684412601.9322212
File /Users/admin/Desktop/AirTicket/emka/lib/python3.10/site-packages/django/core/files/storage/memory.py first seen with mtime 1684412601.9060674
File /Users/admin/Desktop/AirTicket/emka/lib/python3.10/site-packages/django/test/testcases.py first seen with mtime 1684412601.9578028
File /Users/admin/Desktop/AirTicket/emka/lib/python3.10/site-packages/django/db/models/options.py first seen with mtime 1684412601.9291732
File /Users/admin/Desktop/AirTicket/emka/lib/python3.10/site-packages/rest_framework/utils/__init__.py first seen with mtime 1684412602.6422362
File /opt/homebrew/Cellar/python@3.10/3.10.9/Frameworks/Python.framework/Versions/3.10/lib/python3.10/asyncio/unix_events.py first seen with mtime 1670352297.0
File /Users/admin/Desktop/AirTicket/emka/lib/python3.10/site-packages/django/http/request.py first seen with mtime 1684412601.9496624
File /Users/admin/Desktop/AirTicket/buy_tickets/account/models.py first seen with mtime 1684479327.1744316
File /Users/admin/Desktop/AirTicket/emka/lib/python3.10/site-packages/django/urls/resolvers.py first seen with mtime 1684412601.9589653
File /Users/admin/Desktop/AirTicket/emka/lib/python3.10/site-packages/sqlparse/filters/output.py first seen with mtime 1684412601.0834622
File /Users/admin/Desktop/AirTicket/emka/lib/python3.10/site-packages/django/contrib/auth/models.py first seen with mtime 1684412601.5225198
File /Users/admin/Desktop/AirTicket/emka/lib/python3.10/site-packages/urllib3/util/timeout.py first seen with mtime 1684415000.8864448
File /Users/admin/Desktop/AirTicket/emka/lib/python3.10/site-packages/django/shortcuts.py first seen with mtime 1684412601.3060453
File /Users/admin/Desktop/AirTicket/emka/lib/python3.10/site-packages/ruamel/yaml/anchor.py first seen with mtime 1684415001.0149379
File /Users/admin/Desktop/AirTicket/emka/lib/python3.10/site-packages/django/db/backends/postgresql/__init__.py first seen with mtime 1684412601.920889
File /Users/admin/Desktop/AirTicket/emka/lib/python3.10/site-packages/django/contrib/admin/helpers.py first seen with mtime 1684412601.3769174
File /opt/homebrew/Cellar/python@3.10/3.10.9/Frameworks/Python.framework/Versions/3.10/lib/python3.10/signal.py first seen with mtime 1670352297.0
File /Users/admin/Desktop/AirTicket/emka/lib/python3.10/site-packages/slugify/__version__.py first seen with mtime 1684412601.100936
File /Users/admin/Desktop/AirTicket/emka/lib/python3.10/site-packages/jinja2/idtracking.py first seen with mtime 1684415001.0874262
File /Users/admin/Desktop/AirTicket/emka/lib/python3.10/site-packages/django/core/management/base.py first seen with mtime 1684412601.9087133
File /Users/admin/Desktop/AirTicket/emka/lib/python3.10/site-packages/django/template/__init__.py first seen with mtime 1684412601.9513526
File /Users/admin/Desktop/AirTicket/emka/lib/python3.10/site-packages/django/utils/itercompat.py first seen with mtime 1684412601.9633517
File /Users/admin/Desktop/AirTicket/emka/lib/python3.10/site-packages/django_filters/rest_framework/backends.py first seen with mtime 1684413294.2157607
File /Users/admin/Desktop/AirTicket/emka/lib/python3.10/site-packages/django/middleware/__init__.py first seen with mtime 1684412601.95
File /Users/admin/Desktop/AirTicket/emka/lib/python3.10/site-packages/django/contrib/admin/exceptions.py first seen with mtime 1684412601.376466
File /Users/admin/Desktop/AirTicket/emka/lib/python3.10/site-packages/django/template/engine.py first seen with mtime 1684412601.9526143
File /Users/admin/Desktop/AirTicket/emka/lib/python3.10/site-packages/django/utils/asyncio.py first seen with mtime 1684412601.9596775
File /opt/homebrew/Cellar/python@3.10/3.10.9/Frameworks/Python.framework/Versions/3.10/lib/python3.10/calendar.py first seen with mtime 1670352297.0
File /opt/homebrew/Cellar/python@3.10/3.10.9/Frameworks/Python.framework/Versions/3.10/lib/python3.10/uu.py first seen with mtime 1670352297.0
File /Users/admin/Desktop/AirTicket/emka/lib/python3.10/site-packages/django/db/backends/postgresql/schema.py first seen with mtime 1684412601.922229
File /Users/admin/Desktop/AirTicket/emka/lib/python3.10/site-packages/coreapi/utils.py first seen with mtime 1684415001.3112893
File /opt/homebrew/Cellar/python@3.10/3.10.9/Frameworks/Python.framework/Versions/3.10/lib/python3.10/urllib/__init__.py first seen with mtime 1670352297.0
File /Users/admin/Desktop/AirTicket/emka/lib/python3.10/site-packages/django/contrib/contenttypes/apps.py first seen with mtime 1684412601.5672858
File /opt/homebrew/Cellar/python@3.10/3.10.9/Frameworks/Python.framework/Versions/3.10/lib/python3.10/email/quoprimime.py first seen with mtime 1670352297.0
File /Users/admin/Desktop/AirTicket/emka/lib/python3.10/site-packages/django/db/backends/base/operations.py first seen with mtime 1684412601.9165912
File /opt/homebrew/Cellar/python@3.10/3.10.9/Frameworks/Python.framework/Versions/3.10/lib/python3.10/asyncio/threads.py first seen with mtime 1670352297.0
File /Users/admin/Desktop/AirTicket/emka/lib/python3.10/site-packages/django/db/backends/base/validation.py first seen with mtime 1684412601.9170587
File /Users/admin/Desktop/AirTicket/emka/lib/python3.10/site-packages/requests/hooks.py first seen with mtime 1684415001.0673556
File /Users/admin/Desktop/AirTicket/emka/lib/python3.10/site-packages/django/contrib/postgres/forms/__init__.py first seen with mtime 1684412601.7534184
File /Users/admin/Desktop/AirTicket/emka/lib/python3.10/site-packages/_distutils_hack/__init__.py first seen with mtime 1684412488.6418538
File /opt/homebrew/Cellar/python@3.10/3.10.9/Frameworks/Python.framework/Versions/3.10/lib/python3.10/encodings/idna.py first seen with mtime 1670352297.0
File /Users/admin/Desktop/AirTicket/emka/lib/python3.10/site-packages/rest_framework/authtoken/serializers.py first seen with mtime 1684412602.6017964
File /opt/homebrew/Cellar/python@3.10/3.10.9/Frameworks/Python.framework/Versions/3.10/lib/python3.10/genericpath.py first seen with mtime 1670352297.0
File /opt/homebrew/Cellar/python@3.10/3.10.9/Frameworks/Python.framework/Versions/3.10/lib/python3.10/glob.py first seen with mtime 1670352297.0
File /opt/homebrew/Cellar/python@3.10/3.10.9/Frameworks/Python.framework/Versions/3.10/lib/python3.10/struct.py first seen with mtime 1670352297.0
File /opt/homebrew/Cellar/python@3.10/3.10.9/Frameworks/Python.framework/Versions/3.10/lib/python3.10/lib-dynload/math.cpython-310-darwin.so first seen with mtime 1670352297.0
File /Users/admin/Desktop/AirTicket/emka/lib/python3.10/site-packages/django/db/models/signals.py first seen with mtime 1684412601.9298425
File /opt/homebrew/Cellar/python@3.10/3.10.9/Frameworks/Python.framework/Versions/3.10/lib/python3.10/locale.py first seen with mtime 1670352297.0
File /Users/admin/Desktop/AirTicket/emka/lib/python3.10/site-packages/django/core/serializers/base.py first seen with mtime 1684412601.9133427
File /opt/homebrew/Cellar/python@3.10/3.10.9/Frameworks/Python.framework/Versions/3.10/lib/python3.10/lib-dynload/_asyncio.cpython-310-darwin.so first seen with mtime 1670352297.0
File /Users/admin/Desktop/AirTicket/emka/lib/python3.10/site-packages/pytz/tzinfo.py first seen with mtime 1684412600.9832048
File /Users/admin/Desktop/AirTicket/emka/lib/python3.10/site-packages/click/globals.py first seen with mtime 1684412867.270048
File /Users/admin/Desktop/AirTicket/emka/lib/python3.10/site-packages/requests/packages.py first seen with mtime 1684415001.0677388
File /opt/homebrew/Cellar/python@3.10/3.10.9/Frameworks/Python.framework/Versions/3.10/lib/python3.10/lib-dynload/zlib.cpython-310-darwin.so first seen with mtime 1670352297.0
File /Users/admin/Desktop/AirTicket/emka/lib/python3.10/site-packages/django/core/handlers/exception.py first seen with mtime 1684412601.906819
File /opt/homebrew/Cellar/python@3.10/3.10.9/Frameworks/Python.framework/Versions/3.10/lib/python3.10/tokenize.py first seen with mtime 1670352297.0
File /opt/homebrew/Cellar/python@3.10/3.10.9/Frameworks/Python.framework/Versions/3.10/lib/python3.10/importlib/resources.py first seen with mtime 1670352297.0
File /Users/admin/Desktop/AirTicket/emka/lib/python3.10/site-packages/django/contrib/messages/apps.py first seen with mtime 1684412601.7484276
File /Users/admin/Desktop/AirTicket/emka/lib/python3.10/site-packages/rest_framework/status.py first seen with mtime 1684412602.5998216
File /Users/admin/Desktop/AirTicket/emka/lib/python3.10/site-packages/rest_framework/authtoken/models.py first seen with mtime 1684412602.60166
File /Users/admin/Desktop/AirTicket/emka/lib/python3.10/site-packages/django/utils/dates.py first seen with mtime 1684412601.961091
File /Users/admin/Desktop/AirTicket/emka/lib/python3.10/site-packages/drf_yasg/inspectors/base.py first seen with mtime 1684415001.3285482
File /Users/admin/Desktop/AirTicket/emka/lib/python3.10/site-packages/django/contrib/messages/constants.py first seen with mtime 1684412601.7485554
File /Users/admin/Desktop/AirTicket/emka/lib/python3.10/site-packages/coreschema/utils.py first seen with mtime 1486549794.0
File /Users/admin/Desktop/AirTicket/emka/lib/python3.10/site-packages/sqlparse/filters/tokens.py first seen with mtime 1684412601.0837805
File /opt/homebrew/Cellar/python@3.10/3.10.9/Frameworks/Python.framework/Versions/3.10/lib/python3.10/difflib.py first seen with mtime 1670352297.0
File /opt/homebrew/Cellar/python@3.10/3.10.9/Frameworks/Python.framework/Versions/3.10/lib/python3.10/encodings/__init__.py first seen with mtime 1670352297.0
File /Users/admin/Desktop/AirTicket/emka/lib/python3.10/site-packages/rest_framework/settings.py first seen with mtime 1684412602.599669
File /Users/admin/Desktop/AirTicket/emka/lib/python3.10/site-packages/coreapi/document.py first seen with mtime 1684415001.311048
File /Users/admin/Desktop/AirTicket/emka/lib/python3.10/site-packages/urllib3/fields.py first seen with mtime 1684415000.883014
File /opt/homebrew/Cellar/python@3.10/3.10.9/Frameworks/Python.framework/Versions/3.10/lib/python3.10/html/__init__.py first seen with mtime 1670352297.0
File /Users/admin/Desktop/AirTicket/emka/lib/python3.10/site-packages/django/utils/regex_helper.py first seen with mtime 1684412601.9644213
File /Users/admin/Desktop/AirTicket/emka/lib/python3.10/site-packages/rest_framework/checks.py first seen with mtime 1684412602.5964427
File /opt/homebrew/Cellar/python@3.10/3.10.9/Frameworks/Python.framework/Versions/3.10/lib/python3.10/xml/dom/xmlbuilder.py first seen with mtime 1670352297.0
File /Users/admin/Desktop/AirTicket/emka/lib/python3.10/site-packages/django/utils/log.py first seen with mtime 1684412601.9637303
File /opt/homebrew/Cellar/python@3.10/3.10.9/Frameworks/Python.framework/Versions/3.10/lib/python3.10/linecache.py first seen with mtime 1670352297.0
File /Users/admin/Desktop/AirTicket/emka/lib/python3.10/site-packages/django/contrib/postgres/validators.py first seen with mtime 1684412601.7516832
File /Users/admin/Desktop/AirTicket/emka/lib/python3.10/site-packages/django/db/models/fields/proxy.py first seen with mtime 1684412601.9309478
File /opt/homebrew/Cellar/python@3.10/3.10.9/Frameworks/Python.framework/Versions/3.10/lib/python3.10/email/message.py first seen with mtime 1670352297.0
File /opt/homebrew/Cellar/python@3.10/3.10.9/Frameworks/Python.framework/Versions/3.10/lib/python3.10/email/utils.py first seen with mtime 1670352297.0
File /Users/admin/Desktop/AirTicket/emka/lib/python3.10/site-packages/django/contrib/auth/password_validation.py first seen with mtime 1684412601.5226636
File /Users/admin/Desktop/AirTicket/emka/lib/python3.10/site-packages/drf_yasg/generators.py first seen with mtime 1684415001.3274305
File /Users/admin/Desktop/AirTicket/emka/lib/python3.10/site-packages/django/db/migrations/executor.py first seen with mtime 1684412601.9244654
File /Users/admin/Desktop/AirTicket/emka/lib/python3.10/site-packages/django/db/backends/base/features.py first seen with mtime 1684412601.9162092
File /Users/admin/Desktop/AirTicket/emka/lib/python3.10/site-packages/django/utils/__init__.py first seen with mtime 1684412601.9592261
File /Users/admin/Desktop/AirTicket/emka/lib/python3.10/site-packages/django/db/models/aggregates.py first seen with mtime 1684412601.9272168
File /Users/admin/Desktop/AirTicket/emka/lib/python3.10/site-packages/rest_framework/validators.py first seen with mtime 1684412602.6006558
File /opt/homebrew/Cellar/python@3.10/3.10.9/Frameworks/Python.framework/Versions/3.10/lib/python3.10/_compat_pickle.py first seen with mtime 1670352297.0
File /Users/admin/Desktop/AirTicket/emka/lib/python3.10/site-packages/pkg_resources/_vendor/more_itertools/recipes.py first seen with mtime 1684412488.6455956
File /opt/homebrew/Cellar/python@3.10/3.10.9/Frameworks/Python.framework/Versions/3.10/lib/python3.10/asyncio/mixins.py first seen with mtime 1670352297.0
File /Users/admin/Desktop/AirTicket/emka/lib/python3.10/site-packages/django/utils/_os.py first seen with mtime 1684412601.959398
File /Users/admin/Desktop/AirTicket/emka/lib/python3.10/site-packages/pkg_resources/_vendor/packaging/_structures.py first seen with mtime 1684412488.646335
File /Users/admin/Desktop/AirTicket/emka/lib/python3.10/site-packages/rest_framework/permissions.py first seen with mtime 1684412602.5983353
File /Users/admin/Desktop/AirTicket/emka/lib/python3.10/site-packages/_ruamel_yaml.cpython-310-darwin.so first seen with mtime 1684415000.92555
File /opt/homebrew/Cellar/python@3.10/3.10.9/Frameworks/Python.framework/Versions/3.10/lib/python3.10/email/errors.py first seen with mtime 1670352297.0
File /opt/homebrew/Cellar/python@3.10/3.10.9/Frameworks/Python.framework/Versions/3.10/lib/python3.10/xml/dom/minidom.py first seen with mtime 1670352297.0
File /opt/homebrew/Cellar/python@3.10/3.10.9/Frameworks/Python.framework/Versions/3.10/lib/python3.10/lib-dynload/_heapq.cpython-310-darwin.so first seen with mtime 1670352297.0
File /Users/admin/Desktop/AirTicket/emka/lib/python3.10/site-packages/coreapi/codecs/display.py first seen with mtime 1684415001.3118045
File /Users/admin/Desktop/AirTicket/emka/lib/python3.10/site-packages/drf_yasg/openapi.py first seen with mtime 1684415001.3277416
File /opt/homebrew/Cellar/python@3.10/3.10.9/Frameworks/Python.framework/Versions/3.10/lib/python3.10/asyncio/staggered.py first seen with mtime 1670352297.0
File /Users/admin/Desktop/AirTicket/emka/lib/python3.10/site-packages/coreapi/__init__.py first seen with mtime 1684415001.3104815
File /Users/admin/Desktop/AirTicket/emka/lib/python3.10/site-packages/django/db/migrations/utils.py first seen with mtime 1684412601.925907
File /Users/admin/Desktop/AirTicket/emka/lib/python3.10/site-packages/charset_normalizer/utils.py first seen with mtime 1684415000.9948418
File /Users/admin/Desktop/AirTicket/emka/lib/python3.10/site-packages/django/db/models/constants.py first seen with mtime 1684412601.9277627
File /opt/homebrew/Cellar/python@3.10/3.10.9/Frameworks/Python.framework/Versions/3.10/lib/python3.10/concurrent/futures/_base.py first seen with mtime 1670352297.0
File /Users/admin/Desktop/AirTicket/emka/lib/python3.10/site-packages/django/contrib/postgres/fields/utils.py first seen with mtime 1684412601.7532356
File /Users/admin/Desktop/AirTicket/emka/lib/python3.10/site-packages/django/contrib/sessions/base_session.py first seen with mtime 1684412601.8186374
File /Users/admin/Desktop/AirTicket/emka/lib/python3.10/site-packages/asgiref/current_thread_executor.py first seen with mtime 1684412601.2755513
File /Users/admin/Desktop/AirTicket/emka/lib/python3.10/site-packages/django/core/files/utils.py first seen with mtime 1684412601.9053376
File /Users/admin/Desktop/AirTicket/buy_tickets/account/views.py first seen with mtime 1684412398.5901272
File /Users/admin/Desktop/AirTicket/emka/lib/python3.10/site-packages/django/core/__init__.py first seen with mtime 1684412601.8989697
File /Users/admin/Desktop/AirTicket/emka/lib/python3.10/site-packages/django/forms/formsets.py first seen with mtime 1684412601.9360347
File /Users/admin/Desktop/AirTicket/emka/lib/python3.10/site-packages/rest_framework/utils/representation.py first seen with mtime 1684412602.6439257
File /Users/admin/Desktop/AirTicket/emka/lib/python3.10/site-packages/django/templatetags/i18n.py first seen with mtime 1684412601.9559674
File /Users/admin/Desktop/AirTicket/emka/lib/python3.10/site-packages/django/db/backends/base/client.py first seen with mtime 1684412601.9158187
File /opt/homebrew/Cellar/python@3.10/3.10.9/Frameworks/Python.framework/Versions/3.10/lib/python3.10/xml/dom/__init__.py first seen with mtime 1670352297.0
File /opt/homebrew/Cellar/python@3.10/3.10.9/Frameworks/Python.framework/Versions/3.10/lib/python3.10/asyncio/runners.py first seen with mtime 1670352297.0
File /Users/admin/Desktop/AirTicket/emka/lib/python3.10/site-packages/django/apps/__init__.py first seen with mtime 1684412601.3061705
File /Users/admin/Desktop/AirTicket/emka/lib/python3.10/site-packages/django/template/base.py first seen with mtime 1684412601.9517164
File /Users/admin/Desktop/AirTicket/emka/lib/python3.10/site-packages/packaging/version.py first seen with mtime 1684415000.9297888
File /Users/admin/Desktop/AirTicket/emka/lib/python3.10/site-packages/rest_framework/utils/urls.py first seen with mtime 1684412602.6442466
File /Users/admin/Desktop/AirTicket/emka/lib/python3.10/site-packages/django/contrib/contenttypes/models.py first seen with mtime 1684412601.5678167
File /opt/homebrew/Cellar/python@3.10/3.10.9/Frameworks/Python.framework/Versions/3.10/lib/python3.10/urllib/error.py first seen with mtime 1670352297.0
File /Users/admin/Desktop/AirTicket/emka/lib/python3.10/site-packages/ruamel/yaml/compat.py first seen with mtime 1684415001.0152788
File /Users/admin/Desktop/AirTicket/emka/lib/python3.10/site-packages/coreschema/__init__.py first seen with mtime 1486556601.0
File /Users/admin/Desktop/AirTicket/emka/lib/python3.10/site-packages/django/__init__.py first seen with mtime 1684412601.3058026
File /Users/admin/Desktop/AirTicket/emka/lib/python3.10/site-packages/django/dispatch/__init__.py first seen with mtime 1684412601.9347553
File /Users/admin/Desktop/AirTicket/emka/lib/python3.10/site-packages/django/contrib/auth/backends.py first seen with mtime 1684412601.5209615
File /opt/homebrew/Cellar/python@3.10/3.10.9/Frameworks/Python.framework/Versions/3.10/lib/python3.10/heapq.py first seen with mtime 1670352297.0
File /Users/admin/Desktop/AirTicket/emka/lib/python3.10/site-packages/rest_framework/utils/encoders.py first seen with mtime 1684412602.6425931
File /Users/admin/Desktop/AirTicket/emka/lib/python3.10/site-packages/rest_framework/authtoken/__init__.py first seen with mtime 1684412602.601231
File /opt/homebrew/Cellar/python@3.10/3.10.9/Frameworks/Python.framework/Versions/3.10/lib/python3.10/warnings.py first seen with mtime 1670352297.0
File /opt/homebrew/Cellar/python@3.10/3.10.9/Frameworks/Python.framework/Versions/3.10/lib/python3.10/token.py first seen with mtime 1670352297.0
File /opt/homebrew/Cellar/python@3.10/3.10.9/Frameworks/Python.framework/Versions/3.10/lib/python3.10/logging/handlers.py first seen with mtime 1670352297.0
File /opt/homebrew/Cellar/python@3.10/3.10.9/Frameworks/Python.framework/Versions/3.10/lib/python3.10/html/parser.py first seen with mtime 1670352297.0
File /opt/homebrew/Cellar/python@3.10/3.10.9/Frameworks/Python.framework/Versions/3.10/lib/python3.10/quopri.py first seen with mtime 1670352297.0
File /Users/admin/Desktop/AirTicket/emka/lib/python3.10/site-packages/django/contrib/postgres/forms/array.py first seen with mtime 1684412601.7535615
File /Users/admin/Desktop/AirTicket/emka/lib/python3.10/site-packages/rest_framework/schemas/utils.py first seen with mtime 1684412602.6200285
File /Users/admin/Desktop/AirTicket/emka/lib/python3.10/site-packages/django/contrib/sessions/middleware.py first seen with mtime 1684412601.8189049
File /opt/homebrew/Cellar/python@3.10/3.10.9/Frameworks/Python.framework/Versions/3.10/lib/python3.10/email/__init__.py first seen with mtime 1670352297.0
File /Users/admin/Desktop/AirTicket/emka/lib/python3.10/site-packages/django/db/backends/base/creation.py first seen with mtime 1684412601.9159837
File /Users/admin/Desktop/AirTicket/emka/lib/python3.10/site-packages/django_filters/rest_framework/filters.py first seen with mtime 1684413294.2159002
File /Users/admin/Desktop/AirTicket/emka/lib/python3.10/site-packages/jinja2/optimizer.py first seen with mtime 1684415001.0883474
File /Users/admin/Desktop/AirTicket/emka/lib/python3.10/site-packages/coreapi/codecs/python.py first seen with mtime 1684415001.3121347
File /Users/admin/Desktop/AirTicket/emka/lib/python3.10/site-packages/coreapi/transports/base.py first seen with mtime 1684415001.312559
File /Users/admin/Desktop/AirTicket/emka/lib/python3.10/site-packages/django/template/smartif.py first seen with mtime 1684412601.953692
File /Users/admin/Desktop/AirTicket/emka/lib/python3.10/site-packages/django_filters/exceptions.py first seen with mtime 1684413294.2057374
File /opt/homebrew/Cellar/python@3.10/3.10.9/Frameworks/Python.framework/Versions/3.10/lib/python3.10/lib-dynload/_json.cpython-310-darwin.so first seen with mtime 1670352297.0
File /opt/homebrew/Cellar/python@3.10/3.10.9/Frameworks/Python.framework/Versions/3.10/lib/python3.10/importlib/_common.py first seen with mtime 1670352297.0
File /Users/admin/Desktop/AirTicket/emka/lib/python3.10/site-packages/django/db/models/lookups.py first seen with mtime 1684412601.92882
File /Users/admin/Desktop/AirTicket/emka/lib/python3.10/site-packages/django/forms/widgets.py first seen with mtime 1684412601.9369345
File /Users/admin/Desktop/AirTicket/emka/lib/python3.10/site-packages/rest_framework/utils/formatting.py first seen with mtime 1684412602.642972
File /Users/admin/Desktop/AirTicket/emka/lib/python3.10/site-packages/django/db/models/constraints.py first seen with mtime 1684412601.9279146
File /opt/homebrew/Cellar/python@3.10/3.10.9/Frameworks/Python.framework/Versions/3.10/lib/python3.10/threading.py first seen with mtime 1670352297.0
File /Users/admin/Desktop/AirTicket/emka/lib/python3.10/site-packages/django/db/migrations/operations/base.py first seen with mtime 1684412601.9264052
File /Users/admin/Desktop/AirTicket/emka/lib/python3.10/site-packages/django/db/migrations/__init__.py first seen with mtime 1684412601.923878
File /Users/admin/Desktop/AirTicket/emka/lib/python3.10/site-packages/charset_normalizer/__init__.py first seen with mtime 1684415000.9936366
File /Users/admin/Desktop/AirTicket/emka/lib/python3.10/site-packages/pkg_resources/_vendor/pyparsing/testing.py first seen with mtime 1684412488.649174
File /Users/admin/Desktop/AirTicket/emka/lib/python3.10/site-packages/django/core/wsgi.py first seen with mtime 1684412601.9000015
File /Users/admin/Desktop/AirTicket/emka/lib/python3.10/site-packages/django/core/files/__init__.py first seen with mtime 1684412601.904288
File /opt/homebrew/Cellar/python@3.10/3.10.9/Frameworks/Python.framework/Versions/3.10/lib/python3.10/copy.py first seen with mtime 1670352297.0
File /Users/admin/Desktop/AirTicket/emka/lib/python3.10/site-packages/django/views/generic/edit.py first seen with mtime 1684412601.9698415
File /Users/admin/Desktop/AirTicket/emka/lib/python3.10/site-packages/click/exceptions.py first seen with mtime 1684412867.269741
File /Users/admin/Desktop/AirTicket/emka/lib/python3.10/site-packages/django/db/models/functions/text.py first seen with mtime 1684412601.9328177
File /Users/admin/Desktop/AirTicket/emka/lib/python3.10/site-packages/django/db/migrations/migration.py first seen with mtime 1684412601.9249568
File /Users/admin/Desktop/AirTicket/emka/lib/python3.10/site-packages/django/apps/config.py first seen with mtime 1684412601.3063018
File /Users/admin/Desktop/AirTicket/emka/lib/python3.10/site-packages/django/contrib/auth/management/__init__.py first seen with mtime 1684412601.5645666
File /opt/homebrew/Cellar/python@3.10/3.10.9/Frameworks/Python.framework/Versions/3.10/lib/python3.10/importlib/__init__.py first seen with mtime 1670352297.0
File /Users/admin/Desktop/AirTicket/emka/lib/python3.10/site-packages/requests/models.py first seen with mtime 1684415001.0675743
File /Users/admin/Desktop/AirTicket/emka/lib/python3.10/site-packages/django/contrib/admindocs/views.py first seen with mtime 1684412601.4812176
File /Users/admin/Desktop/AirTicket/emka/lib/python3.10/site-packages/django/contrib/admin/templatetags/admin_urls.py first seen with mtime 1684412601.4794972
File /opt/homebrew/Cellar/python@3.10/3.10.9/Frameworks/Python.framework/Versions/3.10/lib/python3.10/ssl.py first seen with mtime 1670352297.0
File /Users/admin/Desktop/AirTicket/emka/lib/python3.10/site-packages/psycopg2/_json.py first seen with mtime 1684412601.1064732
File /Users/admin/Desktop/AirTicket/emka/lib/python3.10/site-packages/sqlparse/engine/filter_stack.py first seen with mtime 1684412601.08269
File /Users/admin/Desktop/AirTicket/emka/lib/python3.10/site-packages/django/core/servers/basehttp.py first seen with mtime 1684412601.9143012
File /Users/admin/Desktop/AirTicket/emka/lib/python3.10/site-packages/jinja2/nodes.py first seen with mtime 1684415001.0882409
File /opt/homebrew/Cellar/python@3.10/3.10.9/Frameworks/Python.framework/Versions/3.10/lib/python3.10/http/cookies.py first seen with mtime 1670352297.0
File /Users/admin/Desktop/AirTicket/buy_tickets/air_tickets/urls.py first seen with mtime 1684412398.5907981
File /Users/admin/Desktop/AirTicket/emka/lib/python3.10/site-packages/rest_framework/serializers.py first seen with mtime 1684412602.5995283
File /Users/admin/Desktop/AirTicket/emka/lib/python3.10/site-packages/django/urls/exceptions.py first seen with mtime 1684412601.9587584
File /opt/homebrew/Cellar/python@3.10/3.10.9/Frameworks/Python.framework/Versions/3.10/lib/python3.10/lib-dynload/_contextvars.cpython-310-darwin.so first seen with mtime 1670352297.0
File /Users/admin/Desktop/AirTicket/emka/lib/python3.10/site-packages/django/core/mail/utils.py first seen with mtime 1684412601.907405
File /Users/admin/Desktop/AirTicket/emka/lib/python3.10/site-packages/drf_yasg/inspectors/view.py first seen with mtime 1684415001.3290179
File /opt/homebrew/Cellar/python@3.10/3.10.9/Frameworks/Python.framework/Versions/3.10/lib/python3.10/functools.py first seen with mtime 1670352297.0
File /Users/admin/Desktop/AirTicket/emka/lib/python3.10/site-packages/pkg_resources/_vendor/packaging/specifiers.py first seen with mtime 1684412488.6468222
File /Users/admin/Desktop/AirTicket/emka/lib/python3.10/site-packages/django/core/paginator.py first seen with mtime 1684412601.8994155
File /opt/homebrew/Cellar/python@3.10/3.10.9/Frameworks/Python.framework/Versions/3.10/lib/python3.10/logging/__init__.py first seen with mtime 1670352297.0
File /Users/admin/Desktop/AirTicket/emka/lib/python3.10/site-packages/rest_framework/schemas/__init__.py first seen with mtime 1684412602.61904
File /Users/admin/Desktop/AirTicket/emka/lib/python3.10/site-packages/requests/exceptions.py first seen with mtime 1684415001.0670788
File /Users/admin/Desktop/AirTicket/emka/lib/python3.10/site-packages/django/http/__init__.py first seen with mtime 1684412601.94916
File /Users/admin/Desktop/AirTicket/emka/lib/python3.10/site-packages/django/db/backends/ddl_references.py first seen with mtime 1684412601.9150538
File /opt/homebrew/Cellar/python@3.10/3.10.9/Frameworks/Python.framework/Versions/3.10/lib/python3.10/email/parser.py first seen with mtime 1670352297.0
File /Users/admin/Desktop/AirTicket/emka/lib/python3.10/site-packages/django/contrib/staticfiles/views.py first seen with mtime 1684412601.89763
File /Users/admin/Desktop/AirTicket/emka/lib/python3.10/site-packages/requests/cookies.py first seen with mtime 1684415001.0669436
File /Users/admin/Desktop/AirTicket/emka/lib/python3.10/site-packages/django/urls/converters.py first seen with mtime 1684412601.9586344
File /opt/homebrew/Cellar/python@3.10/3.10.9/Frameworks/Python.framework/Versions/3.10/lib/python3.10/gettext.py first seen with mtime 1670352297.0
File /opt/homebrew/Cellar/python@3.10/3.10.9/Frameworks/Python.framework/Versions/3.10/lib/python3.10/email/headerregistry.py first seen with mtime 1670352297.0
File /Users/admin/Desktop/AirTicket/emka/lib/python3.10/site-packages/django/utils/encoding.py first seen with mtime 1684412601.961916
File /Users/admin/Desktop/AirTicket/emka/lib/python3.10/site-packages/pytz/lazy.py first seen with mtime 1684412600.9828067
File /Users/admin/Desktop/AirTicket/emka/lib/python3.10/site-packages/charset_normalizer/md.cpython-310-darwin.so first seen with mtime 1684415000.9932785
File /Users/admin/Desktop/AirTicket/emka/lib/python3.10/site-packages/django/contrib/contenttypes/views.py first seen with mtime 1684412601.5679293
File /Users/admin/Desktop/AirTicket/emka/lib/python3.10/site-packages/django/db/migrations/state.py first seen with mtime 1684412601.9257653
File /Users/admin/Desktop/AirTicket/emka/lib/python3.10/site-packages/asgiref/local.py first seen with mtime 1684412601.2756927
File /Users/admin/Desktop/AirTicket/emka/lib/python3.10/site-packages/jinja2/lexer.py first seen with mtime 1684415001.0876088
File /opt/homebrew/Cellar/python@3.10/3.10.9/Frameworks/Python.framework/Versions/3.10/lib/python3.10/encodings/utf_8.py first seen with mtime 1670352297.0
File /Users/admin/Desktop/AirTicket/emka/lib/python3.10/site-packages/django/contrib/sites/shortcuts.py first seen with mtime 1684412601.860067
File /opt/homebrew/Cellar/python@3.10/3.10.9/Frameworks/Python.framework/Versions/3.10/lib/python3.10/unittest/main.py first seen with mtime 1670352297.0
File /Users/admin/Desktop/AirTicket/emka/lib/python3.10/site-packages/django/db/models/deletion.py first seen with mtime 1684412601.9281003
File /opt/homebrew/Cellar/python@3.10/3.10.9/Frameworks/Python.framework/Versions/3.10/lib/python3.10/datetime.py first seen with mtime 1670352297.0
File /Users/admin/Desktop/AirTicket/emka/lib/python3.10/site-packages/django/template/backends/django.py first seen with mtime 1684412601.9542727
File /Users/admin/Desktop/AirTicket/emka/lib/python3.10/site-packages/pkg_resources/_vendor/pyparsing/helpers.py first seen with mtime 1684412488.648824
File /opt/homebrew/Cellar/python@3.10/3.10.9/Frameworks/Python.framework/Versions/3.10/lib/python3.10/subprocess.py first seen with mtime 1670352297.0
File /opt/homebrew/Cellar/python@3.10/3.10.9/Frameworks/Python.framework/Versions/3.10/lib/python3.10/posixpath.py first seen with mtime 1670352297.0
File /Users/admin/Desktop/AirTicket/emka/lib/python3.10/site-packages/decouple.py first seen with mtime 1684412601.0776393
File /opt/homebrew/Cellar/python@3.10/3.10.9/Frameworks/Python.framework/Versions/3.10/lib/python3.10/json/encoder.py first seen with mtime 1670352297.0
File /Users/admin/Desktop/AirTicket/emka/lib/python3.10/site-packages/idna/idnadata.py first seen with mtime 1684415000.9536817
File /Users/admin/Desktop/AirTicket/emka/lib/python3.10/site-packages/jinja2/visitor.py first seen with mtime 1684415001.08939
File /Users/admin/Desktop/AirTicket/emka/lib/python3.10/site-packages/django/db/models/fields/related_lookups.py first seen with mtime 1684412601.93168
File /Users/admin/Desktop/AirTicket/emka/lib/python3.10/site-packages/pkg_resources/_vendor/pyparsing/exceptions.py first seen with mtime 1684412488.6485953
File /Users/admin/Desktop/AirTicket/emka/lib/python3.10/site-packages/django/contrib/admin/filters.py first seen with mtime 1684412601.3766277
File /Users/admin/Desktop/AirTicket/emka/lib/python3.10/site-packages/coreapi/codecs/jsondata.py first seen with mtime 1684415001.3120258
File /Users/admin/Desktop/AirTicket/emka/lib/python3.10/site-packages/django/core/cache/backends/filebased.py first seen with mtime 1684412601.901035
File /Users/admin/Desktop/AirTicket/emka/lib/python3.10/site-packages/django/core/checks/caches.py first seen with mtime 1684412601.9019454
File /Users/admin/Desktop/AirTicket/emka/lib/python3.10/site-packages/certifi/core.py first seen with mtime 1684415001.0114894
File /Users/admin/Desktop/AirTicket/emka/lib/python3.10/site-packages/django/middleware/common.py first seen with mtime 1684412601.9504519
File /Users/admin/Desktop/AirTicket/emka/lib/python3.10/site-packages/django/utils/connection.py first seen with mtime 1684412601.9603848
File /Users/admin/Desktop/AirTicket/emka/lib/python3.10/site-packages/rest_framework/exceptions.py first seen with mtime 1684412602.5969272
File /Users/admin/Desktop/AirTicket/emka/lib/python3.10/site-packages/sqlparse/cli.py first seen with mtime 1684412601.0813563
File /Users/admin/Desktop/AirTicket/emka/lib/python3.10/site-packages/django_filters/widgets.py first seen with mtime 1684413294.206624
File /Users/admin/Desktop/AirTicket/emka/lib/python3.10/site-packages/ruamel/yaml/loader.py first seen with mtime 1684415001.0166795
File /Users/admin/Desktop/AirTicket/emka/lib/python3.10/site-packages/jinja2/_identifier.py first seen with mtime 1684415001.0855594
File /opt/homebrew/Cellar/python@3.10/3.10.9/Frameworks/Python.framework/Versions/3.10/lib/python3.10/asyncio/coroutines.py first seen with mtime 1670352297.0
File /Users/admin/Desktop/AirTicket/emka/lib/python3.10/site-packages/django/core/signals.py first seen with mtime 1684412601.8995373
File /Users/admin/Desktop/AirTicket/emka/lib/python3.10/site-packages/django/utils/decorators.py first seen with mtime 1684412601.9615064
File /Users/admin/Desktop/AirTicket/emka/lib/python3.10/site-packages/idna/core.py first seen with mtime 1684415000.953477
File /Users/admin/Desktop/AirTicket/emka/lib/python3.10/site-packages/django/contrib/sessions/backends/__init__.py first seen with mtime 1684412601.8193257
File /Users/admin/Desktop/AirTicket/emka/lib/python3.10/site-packages/django/forms/models.py first seen with mtime 1684412601.9363687
File /Users/admin/Desktop/AirTicket/emka/lib/python3.10/site-packages/django/contrib/auth/forms.py first seen with mtime 1684412601.521867
File /Users/admin/Desktop/AirTicket/emka/lib/python3.10/site-packages/django_filters/constants.py first seen with mtime 1684413294.205638
File /Users/admin/Desktop/AirTicket/emka/lib/python3.10/site-packages/requests/compat.py first seen with mtime 1684415001.0667658
File /Users/admin/Desktop/AirTicket/emka/lib/python3.10/site-packages/django/core/files/uploadedfile.py first seen with mtime 1684412601.9050617
File /Users/admin/Desktop/AirTicket/emka/lib/python3.10/site-packages/django/contrib/postgres/fields/ranges.py first seen with mtime 1684412601.753108
File /Users/admin/Desktop/AirTicket/emka/lib/python3.10/site-packages/drf_yasg/app_settings.py first seen with mtime 1684415001.3269343
File /Users/admin/Desktop/AirTicket/emka/lib/python3.10/site-packages/rest_framework/mixins.py first seen with mtime 1684412602.5977101
File /opt/homebrew/Cellar/python@3.10/3.10.9/Frameworks/Python.framework/Versions/3.10/lib/python3.10/lib-dynload/_multibytecodec.cpython-310-darwin.so first seen with mtime 1670352297.0
File /opt/homebrew/Cellar/python@3.10/3.10.9/Frameworks/Python.framework/Versions/3.10/lib/python3.10/xml/__init__.py first seen with mtime 1670352297.0
File /Users/admin/Desktop/AirTicket/emka/lib/python3.10/site-packages/django/core/checks/translation.py first seen with mtime 1684412601.9030657
File /opt/homebrew/Cellar/python@3.10/3.10.9/Frameworks/Python.framework/Versions/3.10/lib/python3.10/email/encoders.py first seen with mtime 1670352297.0
File /Users/admin/Desktop/AirTicket/emka/lib/python3.10/site-packages/django/utils/datastructures.py first seen with mtime 1684412601.9606655
File /opt/homebrew/Cellar/python@3.10/3.10.9/Frameworks/Python.framework/Versions/3.10/lib/python3.10/lib-dynload/_queue.cpython-310-darwin.so first seen with mtime 1670352297.0
File /opt/homebrew/Cellar/python@3.10/3.10.9/Frameworks/Python.framework/Versions/3.10/lib/python3.10/importlib/readers.py first seen with mtime 1670352297.0
File /opt/homebrew/Cellar/python@3.10/3.10.9/Frameworks/Python.framework/Versions/3.10/lib/python3.10/logging/config.py first seen with mtime 1670352297.0
File /opt/homebrew/Cellar/python@3.10/3.10.9/Frameworks/Python.framework/Versions/3.10/lib/python3.10/traceback.py first seen with mtime 1670352297.0
File /Users/admin/Desktop/AirTicket/emka/lib/python3.10/site-packages/django/core/mail/__init__.py first seen with mtime 1684412601.9071074
File /Users/admin/Desktop/AirTicket/emka/lib/python3.10/site-packages/django/core/files/base.py first seen with mtime 1684412601.9043953
File /opt/homebrew/Cellar/python@3.10/3.10.9/Frameworks/Python.framework/Versions/3.10/lib/python3.10/mimetypes.py first seen with mtime 1670352297.0
File /Users/admin/Desktop/AirTicket/emka/lib/python3.10/site-packages/pytz/tzfile.py first seen with mtime 1684412600.983051
File /opt/homebrew/Cellar/python@3.10/3.10.9/Frameworks/Python.framework/Versions/3.10/lib/python3.10/email/mime/text.py first seen with mtime 1670352297.0
File /Users/admin/Desktop/AirTicket/emka/lib/python3.10/site-packages/django/contrib/postgres/fields/array.py first seen with mtime 1684412601.7525623
File /Users/admin/Desktop/AirTicket/emka/lib/python3.10/site-packages/django/test/__init__.py first seen with mtime 1684412601.9565895
File /Users/admin/Desktop/AirTicket/emka/lib/python3.10/site-packages/django/views/i18n.py first seen with mtime 1684412601.9675915
File /Users/admin/Desktop/AirTicket/emka/lib/python3.10/site-packages/click/types.py first seen with mtime 1684412867.2711523
File /opt/homebrew/Cellar/python@3.10/3.10.9/Frameworks/Python.framework/Versions/3.10/lib/python3.10/xml/parsers/expat.py first seen with mtime 1670352297.0
File /Users/admin/Desktop/AirTicket/emka/lib/python3.10/site-packages/drf_yasg/views.py first seen with mtime 1684415001.328213
File /opt/homebrew/Cellar/python@3.10/3.10.9/Frameworks/Python.framework/Versions/3.10/lib/python3.10/unittest/loader.py first seen with mtime 1670352297.0
File /Users/admin/Desktop/AirTicket/emka/lib/python3.10/site-packages/django/contrib/postgres/__init__.py first seen with mtime 1684412601.7499614
File /opt/homebrew/Cellar/python@3.10/3.10.9/Frameworks/Python.framework/Versions/3.10/lib/python3.10/lib-dynload/array.cpython-310-darwin.so first seen with mtime 1670352297.0
File /Users/admin/Desktop/AirTicket/emka/lib/python3.10/site-packages/django/core/cache/utils.py first seen with mtime 1684412601.9003077
File /Users/admin/Desktop/AirTicket/emka/lib/python3.10/site-packages/django/utils/autoreload.py first seen with mtime 1684412601.9598682
File /Users/admin/Desktop/AirTicket/emka/lib/python3.10/site-packages/rest_framework/compat.py first seen with mtime 1684412602.5965698
File /Users/admin/Desktop/AirTicket/emka/lib/python3.10/site-packages/django/utils/crypto.py first seen with mtime 1684412601.9605153
File /Users/admin/Desktop/AirTicket/emka/lib/python3.10/site-packages/django/forms/boundfield.py first seen with mtime 1684412601.935416
File /opt/homebrew/Cellar/python@3.10/3.10.9/Frameworks/Python.framework/Versions/3.10/lib/python3.10/asyncio/streams.py first seen with mtime 1670352297.0
File /opt/homebrew/Cellar/python@3.10/3.10.9/Frameworks/Python.framework/Versions/3.10/lib/python3.10/getpass.py first seen with mtime 1670352297.0
File /Users/admin/Desktop/AirTicket/emka/lib/python3.10/site-packages/ruamel/yaml/resolver.py first seen with mtime 1684415001.0177658
File /Users/admin/Desktop/AirTicket/emka/lib/python3.10/site-packages/pkg_resources/_vendor/packaging/tags.py first seen with mtime 1684412488.646971
File /Users/admin/Desktop/AirTicket/emka/lib/python3.10/site-packages/django/contrib/postgres/fields/citext.py first seen with mtime 1684412601.752706
File /Users/admin/Desktop/AirTicket/emka/lib/python3.10/site-packages/rest_framework/utils/humanize_datetime.py first seen with mtime 1684412602.643295
File /opt/homebrew/Cellar/python@3.10/3.10.9/Frameworks/Python.framework/Versions/3.10/lib/python3.10/importlib/machinery.py first seen with mtime 1670352297.0
File /opt/homebrew/Cellar/python@3.10/3.10.9/Frameworks/Python.framework/Versions/3.10/lib/python3.10/email/contentmanager.py first seen with mtime 1670352297.0
File /Users/admin/Desktop/AirTicket/emka/lib/python3.10/site-packages/django/db/models/functions/datetime.py first seen with mtime 1684412601.9323845
File /Users/admin/Desktop/AirTicket/emka/lib/python3.10/site-packages/django/utils/http.py first seen with mtime 1684412601.9628813
File /Users/admin/Desktop/AirTicket/emka/lib/python3.10/site-packages/django/conf/locale/__init__.py first seen with mtime 1684412601.3076897
File /Users/admin/Desktop/AirTicket/buy_tickets/account/serializers.py first seen with mtime 1684412398.5898001
File /Users/admin/Desktop/AirTicket/emka/lib/python3.10/site-packages/urllib3/util/ssltransport.py first seen with mtime 1684415000.8862808
File /Users/admin/Desktop/AirTicket/emka/lib/python3.10/site-packages/sqlparse/lexer.py first seen with mtime 1684412601.08203
File /opt/homebrew/Cellar/python@3.10/3.10.9/Frameworks/Python.framework/Versions/3.10/lib/python3.10/lib-dynload/_socket.cpython-310-darwin.so first seen with mtime 1670352297.0
File /Users/admin/Desktop/AirTicket/emka/lib/python3.10/site-packages/urllib3/_base_connection.py first seen with mtime 1684415000.881404
File /Users/admin/Desktop/AirTicket/emka/lib/python3.10/site-packages/rest_framework/views.py first seen with mtime 1684412602.600932
File /opt/homebrew/Cellar/python@3.10/3.10.9/Frameworks/Python.framework/Versions/3.10/lib/python3.10/email/mime/multipart.py first seen with mtime 1670352297.0
File /Users/admin/Desktop/AirTicket/emka/lib/python3.10/site-packages/django/db/models/fields/files.py first seen with mtime 1684412601.9304786
File /Users/admin/Desktop/AirTicket/emka/lib/python3.10/site-packages/django/core/checks/__init__.py first seen with mtime 1684412601.9016683
File /Users/admin/Desktop/AirTicket/emka/lib/python3.10/site-packages/django/utils/tree.py first seen with mtime 1684412601.9655678
File /Users/admin/Desktop/AirTicket/emka/lib/python3.10/site-packages/rest_framework/urlpatterns.py first seen with mtime 1684412602.6003993
File /Users/admin/Desktop/AirTicket/emka/lib/python3.10/site-packages/markupsafe/__init__.py first seen with mtime 1684415000.94407
File /Users/admin/Desktop/AirTicket/emka/lib/python3.10/site-packages/django/contrib/admin/utils.py first seen with mtime 1684412601.3779514
File /Users/admin/Desktop/AirTicket/emka/lib/python3.10/site-packages/django/http/multipartparser.py first seen with mtime 1684412601.9494703
File /Users/admin/Desktop/AirTicket/emka/lib/python3.10/site-packages/django_filters/conf.py first seen with mtime 1684413294.2055376
File /Users/admin/Desktop/AirTicket/emka/lib/python3.10/site-packages/django/conf/__init__.py first seen with mtime 1684412601.3066335
File /Users/admin/Desktop/AirTicket/emka/lib/python3.10/site-packages/django/contrib/admin/templatetags/admin_modify.py first seen with mtime 1684412601.4793656
File /Users/admin/Desktop/AirTicket/emka/lib/python3.10/site-packages/django/db/models/functions/math.py first seen with mtime 1684412601.9325266
File /Users/admin/Desktop/AirTicket/emka/lib/python3.10/site-packages/django/views/generic/list.py first seen with mtime 1684412601.969995
File /Users/admin/Desktop/AirTicket/buy_tickets/account/utils.py first seen with mtime 1684412398.5900047
File /opt/homebrew/Cellar/python@3.10/3.10.9/Frameworks/Python.framework/Versions/3.10/lib/python3.10/email/mime/__init__.py first seen with mtime 1670352297.0
File /Users/admin/Desktop/AirTicket/emka/lib/python3.10/site-packages/sqlparse/engine/statement_splitter.py first seen with mtime 1684412601.0829668
File /opt/homebrew/Cellar/python@3.10/3.10.9/Frameworks/Python.framework/Versions/3.10/lib/python3.10/os.py first seen with mtime 1670352297.0
File /Users/admin/Desktop/AirTicket/emka/lib/python3.10/site-packages/django/core/files/move.py first seen with mtime 1684412601.9048095
File /Users/admin/Desktop/AirTicket/emka/lib/python3.10/site-packages/django/utils/text.py first seen with mtime 1684412601.964959
File /Users/admin/Desktop/AirTicket/emka/lib/python3.10/site-packages/django/contrib/sites/__init__.py first seen with mtime 1684412601.8588276
File /Users/admin/Desktop/AirTicket/emka/lib/python3.10/site-packages/urllib3/contrib/__init__.py first seen with mtime 1684415000.883786
File /Users/admin/Desktop/AirTicket/emka/lib/python3.10/site-packages/django/db/models/fields/mixins.py first seen with mtime 1684412601.9308083
File /Users/admin/Desktop/AirTicket/emka/lib/python3.10/site-packages/ruamel/yaml/scalarint.py first seen with mtime 1684415001.018111
File /Users/admin/Desktop/AirTicket/emka/lib/python3.10/site-packages/django/templatetags/l10n.py first seen with mtime 1684412601.9561145
File /Users/admin/Desktop/AirTicket/emka/lib/python3.10/site-packages/django_filters/filterset.py first seen with mtime 1684413294.206222
File /Users/admin/Desktop/AirTicket/emka/lib/python3.10/site-packages/django/contrib/auth/middleware.py first seen with mtime 1684412601.5222056
File /opt/homebrew/Cellar/python@3.10/3.10.9/Frameworks/Python.framework/Versions/3.10/lib/python3.10/lib-dynload/_random.cpython-310-darwin.so first seen with mtime 1670352297.0
File /opt/homebrew/Cellar/python@3.10/3.10.9/Frameworks/Python.framework/Versions/3.10/lib/python3.10/cgi.py first seen with mtime 1670352297.0
File /Users/admin/Desktop/AirTicket/emka/lib/python3.10/site-packages/django/core/handlers/__init__.py first seen with mtime 1684412601.9063385
File /opt/homebrew/Cellar/python@3.10/3.10.9/Frameworks/Python.framework/Versions/3.10/lib/python3.10/email/charset.py first seen with mtime 1670352297.0
File /opt/homebrew/Cellar/python@3.10/3.10.9/Frameworks/Python.framework/Versions/3.10/lib/python3.10/pickle.py first seen with mtime 1670352297.0
File /Users/admin/Desktop/AirTicket/emka/lib/python3.10/site-packages/charset_normalizer/assets/__init__.py first seen with mtime 1684415000.9958186
File /Users/admin/Desktop/AirTicket/emka/lib/python3.10/site-packages/django/utils/module_loading.py first seen with mtime 1684412601.964085
File /Users/admin/Desktop/AirTicket/emka/lib/python3.10/site-packages/django/contrib/sessions/backends/base.py first seen with mtime 1684412601.8195155
File /Users/admin/Desktop/AirTicket/emka/lib/python3.10/site-packages/pkg_resources/_vendor/packaging/requirements.py first seen with mtime 1684412488.646628
File /Users/admin/Desktop/AirTicket/buy_tickets/buy_tickets/urls.py first seen with mtime 1684412398.5929363
File /opt/homebrew/Cellar/python@3.10/3.10.9/Frameworks/Python.framework/Versions/3.10/lib/python3.10/copyreg.py first seen with mtime 1670352297.0
File /opt/homebrew/Cellar/python@3.10/3.10.9/Frameworks/Python.framework/Versions/3.10/lib/python3.10/asyncio/base_futures.py first seen with mtime 1670352297.0
File /Users/admin/Desktop/AirTicket/emka/lib/python3.10/site-packages/django/core/cache/__init__.py first seen with mtime 1684412601.900181
File /Users/admin/Desktop/AirTicket/emka/lib/python3.10/site-packages/jinja2/bccache.py first seen with mtime 1684415001.085813
File /Users/admin/Desktop/AirTicket/emka/lib/python3.10/site-packages/django/contrib/auth/tokens.py first seen with mtime 1684412601.5229335
File /Users/admin/Desktop/AirTicket/emka/lib/python3.10/site-packages/rest_framework/utils/html.py first seen with mtime 1684412602.6431208
File /Users/admin/Desktop/AirTicket/emka/lib/python3.10/site-packages/django/db/migrations/operations/models.py first seen with mtime 1684412601.9267564
File /Users/admin/Desktop/AirTicket/emka/lib/python3.10/site-packages/django/templatetags/cache.py first seen with mtime 1684412601.9557872
File /Users/admin/Desktop/AirTicket/emka/lib/python3.10/site-packages/coreapi/codecs/corejson.py first seen with mtime 1684415001.3116932
File /Users/admin/Desktop/AirTicket/emka/lib/python3.10/site-packages/django/db/transaction.py first seen with mtime 1684412601.914616
File /Users/admin/Desktop/AirTicket/emka/lib/python3.10/site-packages/django/contrib/messages/storage/__init__.py first seen with mtime 1684412601.7492864
File /Users/admin/Desktop/AirTicket/emka/lib/python3.10/site-packages/django/templatetags/tz.py first seen with mtime 1684412601.9564133
File /Users/admin/Desktop/AirTicket/emka/lib/python3.10/site-packages/psycopg2/_psycopg.cpython-310-darwin.so first seen with mtime 1684412601.1085703
File /Users/admin/Desktop/AirTicket/emka/lib/python3.10/site-packages/sqlparse/filters/reindent.py first seen with mtime 1684412601.0835817
File /Users/admin/Desktop/AirTicket/emka/lib/python3.10/site-packages/django/contrib/contenttypes/forms.py first seen with mtime 1684412601.5676963
File /Users/admin/Desktop/AirTicket/emka/lib/python3.10/site-packages/django/utils/functional.py first seen with mtime 1684412601.9624074
File /Users/admin/Desktop/AirTicket/emka/lib/python3.10/site-packages/django/core/checks/security/__init__.py first seen with mtime 1684412601.9037094
File /Users/admin/Desktop/AirTicket/buy_tickets/buy_tickets/serializer.py first seen with mtime 1684412398.5927966
File /Users/admin/Desktop/AirTicket/emka/lib/python3.10/site-packages/requests/api.py first seen with mtime 1684415001.0663002
File /Users/admin/Desktop/AirTicket/emka/lib/python3.10/site-packages/urllib3/filepost.py first seen with mtime 1684415000.8831398
File /opt/homebrew/Cellar/python@3.10/3.10.9/Frameworks/Python.framework/Versions/3.10/lib/python3.10/asyncio/exceptions.py first seen with mtime 1670352297.0
File /Users/admin/Desktop/AirTicket/emka/lib/python3.10/site-packages/django/template/loaders/cached.py first seen with mtime 1684412601.9552488
File /opt/homebrew/Cellar/python@3.10/3.10.9/Frameworks/Python.framework/Versions/3.10/lib/python3.10/concurrent/__init__.py first seen with mtime 1670352297.0
File /opt/homebrew/Cellar/python@3.10/3.10.9/Frameworks/Python.framework/Versions/3.10/lib/python3.10/socket.py first seen with mtime 1670352297.0
File /Users/admin/Desktop/AirTicket/emka/lib/python3.10/site-packages/click/core.py first seen with mtime 1684412867.269398
File /Users/admin/Desktop/AirTicket/emka/lib/python3.10/site-packages/requests/adapters.py first seen with mtime 1684415001.0661333
File /Users/admin/Desktop/AirTicket/emka/lib/python3.10/site-packages/uritemplate/api.py first seen with mtime 1684415000.918767
File /Users/admin/Desktop/AirTicket/emka/lib/python3.10/site-packages/coreschema/encodings/__init__.py first seen with mtime 1485963706.0
File /Users/admin/Desktop/AirTicket/emka/lib/python3.10/site-packages/pkg_resources/_vendor/jaraco/context.py first seen with mtime 1684412488.6442292
File /Users/admin/Desktop/AirTicket/emka/lib/python3.10/site-packages/pkg_resources/_vendor/packaging/__about__.py first seen with mtime 1684412488.6457918
File /Users/admin/Desktop/AirTicket/emka/lib/python3.10/site-packages/rest_framework/response.py first seen with mtime 1684412602.5989892
File /Users/admin/Desktop/AirTicket/emka/lib/python3.10/site-packages/django/contrib/admin/__init__.py first seen with mtime 1684412601.3757682
File /Users/admin/Desktop/AirTicket/emka/lib/python3.10/site-packages/django/contrib/admin/views/decorators.py first seen with mtime 1684412601.480192
File /opt/homebrew/Cellar/python@3.10/3.10.9/Frameworks/Python.framework/Versions/3.10/lib/python3.10/asyncio/trsock.py first seen with mtime 1670352297.0
File /Users/admin/Desktop/AirTicket/emka/lib/python3.10/site-packages/ruamel/yaml/events.py first seen with mtime 1684415001.0165591
File /opt/homebrew/Cellar/python@3.10/3.10.9/Frameworks/Python.framework/Versions/3.10/lib/python3.10/abc.py first seen with mtime 1670352297.0
File /opt/homebrew/Cellar/python@3.10/3.10.9/Frameworks/Python.framework/Versions/3.10/lib/python3.10/asyncio/locks.py first seen with mtime 1670352297.0
File /Users/admin/Desktop/AirTicket/emka/lib/python3.10/site-packages/asgiref/__init__.py first seen with mtime 1684412601.2752626
File /Users/admin/Desktop/AirTicket/emka/lib/python3.10/site-packages/django/utils/deprecation.py first seen with mtime 1684412601.9616423
File /Users/admin/Desktop/AirTicket/emka/lib/python3.10/site-packages/django/views/generic/dates.py first seen with mtime 1684412601.969496
File /Users/admin/Desktop/AirTicket/emka/lib/python3.10/site-packages/django/utils/duration.py first seen with mtime 1684412601.961771
File /Users/admin/Desktop/AirTicket/buy_tickets/account/__init__.py first seen with mtime 1684412398.588165
File /Users/admin/Desktop/AirTicket/emka/lib/python3.10/site-packages/uritemplate/template.py first seen with mtime 1684415000.9191217
File /Users/admin/Desktop/AirTicket/emka/lib/python3.10/site-packages/certifi/__init__.py first seen with mtime 1684415001.0100908
File /Users/admin/Desktop/AirTicket/emka/lib/python3.10/site-packages/django/contrib/auth/__init__.py first seen with mtime 1684412601.5205376
File /Users/admin/Desktop/AirTicket/emka/lib/python3.10/site-packages/django/contrib/auth/base_user.py first seen with mtime 1684412601.521106
File /Users/admin/Desktop/AirTicket/emka/lib/python3.10/site-packages/django/contrib/admin/actions.py first seen with mtime 1684412601.3758945
File /Users/admin/Desktop/AirTicket/emka/lib/python3.10/site-packages/django/contrib/sessions/apps.py first seen with mtime 1684412601.818493
File /opt/homebrew/Cellar/python@3.10/3.10.9/Frameworks/Python.framework/Versions/3.10/lib/python3.10/json/scanner.py first seen with mtime 1670352297.0
File /Users/admin/Desktop/AirTicket/emka/lib/python3.10/site-packages/psycopg2/errors.py first seen with mtime 1684412601.1087096
File /opt/homebrew/Cellar/python@3.10/3.10.9/Frameworks/Python.framework/Versions/3.10/lib/python3.10/asyncio/base_subprocess.py first seen with mtime 1670352297.0
File /Users/admin/Desktop/AirTicket/emka/lib/python3.10/site-packages/rest_framework/request.py first seen with mtime 1684412602.5988412
File /opt/homebrew/Cellar/python@3.10/3.10.9/Frameworks/Python.framework/Versions/3.10/lib/python3.10/selectors.py first seen with mtime 1670352297.0
File /Users/admin/Desktop/AirTicket/emka/lib/python3.10/site-packages/django/contrib/admindocs/utils.py first seen with mtime 1684412601.481054
File /Users/admin/Desktop/AirTicket/emka/lib/python3.10/site-packages/pkg_resources/_vendor/pyparsing/results.py first seen with mtime 1684412488.6490085
File /Users/admin/Desktop/AirTicket/emka/lib/python3.10/site-packages/slugify/slugify.py first seen with mtime 1684412601.1010716
File /Users/admin/Desktop/AirTicket/emka/lib/python3.10/site-packages/django/template/loaders/filesystem.py first seen with mtime 1684412601.9553826
File /opt/homebrew/Cellar/python@3.10/3.10.9/Frameworks/Python.framework/Versions/3.10/lib/python3.10/unittest/suite.py first seen with mtime 1670352297.0
File /Users/admin/Desktop/AirTicket/emka/lib/python3.10/site-packages/idna/__init__.py first seen with mtime 1684415000.9530442
File /opt/homebrew/Cellar/python@3.10/3.10.9/Frameworks/Python.framework/Versions/3.10/lib/python3.10/importlib/abc.py first seen with mtime 1670352297.0
File /Users/admin/Desktop/AirTicket/emka/lib/python3.10/site-packages/urllib3/_version.py first seen with mtime 1684415000.882107
File /Users/admin/Desktop/AirTicket/emka/lib/python3.10/site-packages/pkg_resources/extern/__init__.py first seen with mtime 1684412488.6498437
File /opt/homebrew/Cellar/python@3.10/3.10.9/Frameworks/Python.framework/Versions/3.10/lib/python3.10/asyncio/log.py first seen with mtime 1670352297.0
File /Users/admin/Desktop/AirTicket/emka/lib/python3.10/site-packages/django/views/generic/__init__.py first seen with mtime 1684412601.9691684
File /Users/admin/Desktop/AirTicket/emka/lib/python3.10/site-packages/django/db/backends/base/__init__.py first seen with mtime 1684412601.9154637
File /opt/homebrew/Cellar/python@3.10/3.10.9/Frameworks/Python.framework/Versions/3.10/lib/python3.10/sre_parse.py first seen with mtime 1670352297.0
File /opt/homebrew/Cellar/python@3.10/3.10.9/Frameworks/Python.framework/Versions/3.10/lib/python3.10/dis.py first seen with mtime 1670352297.0
File /Users/admin/Desktop/AirTicket/emka/lib/python3.10/site-packages/django/apps/registry.py first seen with mtime 1684412601.3064518
File /Users/admin/Desktop/AirTicket/emka/lib/python3.10/site-packages/coreapi/codecs/text.py first seen with mtime 1684415001.3122532
File /opt/homebrew/Cellar/python@3.10/3.10.9/Frameworks/Python.framework/Versions/3.10/lib/python3.10/operator.py first seen with mtime 1670352297.0
File /Users/admin/Desktop/AirTicket/emka/lib/python3.10/site-packages/requests/auth.py first seen with mtime 1684415001.0664752
File /Users/admin/Desktop/AirTicket/emka/lib/python3.10/site-packages/django/views/decorators/common.py first seen with mtime 1684412601.9682937
File /Users/admin/Desktop/AirTicket/emka/lib/python3.10/site-packages/django/db/backends/postgresql/base.py first seen with mtime 1684412601.9210992
File /opt/homebrew/Cellar/python@3.10/3.10.9/Frameworks/Python.framework/Versions/3.10/lib/python3.10/email/mime/base.py first seen with mtime 1670352297.0
File /Users/admin/Desktop/AirTicket/emka/lib/python3.10/site-packages/idna/package_data.py first seen with mtime 1684415000.953948
File /opt/homebrew/Cellar/python@3.10/3.10.9/Frameworks/Python.framework/Versions/3.10/lib/python3.10/sre_compile.py first seen with mtime 1670352297.0
File /opt/homebrew/Cellar/python@3.10/3.10.9/Frameworks/Python.framework/Versions/3.10/lib/python3.10/asyncio/__init__.py first seen with mtime 1670352297.0
File /opt/homebrew/Cellar/python@3.10/3.10.9/Frameworks/Python.framework/Versions/3.10/lib/python3.10/lib-dynload/binascii.cpython-310-darwin.so first seen with mtime 1670352297.0
File /Users/admin/Desktop/AirTicket/emka/lib/python3.10/site-packages/rest_framework/relations.py first seen with mtime 1684412602.5984912
File /opt/homebrew/Cellar/python@3.10/3.10.9/Frameworks/Python.framework/Versions/3.10/lib/python3.10/unittest/case.py first seen with mtime 1670352297.0
File /Users/admin/Desktop/AirTicket/emka/lib/python3.10/site-packages/django/utils/html.py first seen with mtime 1684412601.9626975
File /opt/homebrew/Cellar/python@3.10/3.10.9/Frameworks/Python.framework/Versions/3.10/lib/python3.10/plistlib.py first seen with mtime 1670352297.0
File /Users/admin/Desktop/AirTicket/emka/lib/python3.10/site-packages/psycopg2/extensions.py first seen with mtime 1684412601.1074967
File /Users/admin/Desktop/AirTicket/emka/lib/python3.10/site-packages/django/contrib/staticfiles/handlers.py first seen with mtime 1684412601.8970096
File /Users/admin/Desktop/AirTicket/emka/lib/python3.10/site-packages/uritemplate/orderedset.py first seen with mtime 1684415000.918896
File /opt/homebrew/Cellar/python@3.10/3.10.9/Frameworks/Python.framework/Versions/3.10/lib/python3.10/weakref.py first seen with mtime 1670352297.0
File /Users/admin/Desktop/AirTicket/emka/lib/python3.10/site-packages/django/contrib/staticfiles/utils.py first seen with mtime 1684412601.897529
File /Users/admin/Desktop/AirTicket/emka/lib/python3.10/site-packages/django/db/backends/base/schema.py first seen with mtime 1684412601.9169009
File /Users/admin/Desktop/AirTicket/emka/lib/python3.10/site-packages/sqlparse/engine/__init__.py first seen with mtime 1684412601.0825775
File /Users/admin/Desktop/AirTicket/emka/lib/python3.10/site-packages/django/contrib/postgres/forms/ranges.py first seen with mtime 1684412601.7538204
File /Users/admin/Desktop/AirTicket/emka/lib/python3.10/site-packages/pkg_resources/_vendor/pyparsing/core.py first seen with mtime 1684412488.648421
File /Users/admin/Desktop/AirTicket/emka/lib/python3.10/site-packages/django/core/handlers/base.py first seen with mtime 1684412601.906686
File /Users/admin/Desktop/AirTicket/emka/lib/python3.10/site-packages/ruamel/yaml/__init__.py first seen with mtime 1684415001.014811
File /Users/admin/Desktop/AirTicket/emka/lib/python3.10/site-packages/sqlparse/filters/others.py first seen with mtime 1684412601.0833519
File /opt/homebrew/Cellar/python@3.10/3.10.9/Frameworks/Python.framework/Versions/3.10/lib/python3.10/email/base64mime.py first seen with mtime 1670352297.0
File /Users/admin/Desktop/AirTicket/buy_tickets/buy_tickets/apps.py first seen with mtime 1684412398.5918472
File /Users/admin/Desktop/AirTicket/emka/lib/python3.10/site-packages/django/dispatch/dispatcher.py first seen with mtime 1684412601.9349117
File /opt/homebrew/Cellar/python@3.10/3.10.9/Frameworks/Python.framework/Versions/3.10/lib/python3.10/stringprep.py first seen with mtime 1670352297.0
File /Users/admin/Desktop/AirTicket/emka/lib/python3.10/site-packages/django/core/checks/database.py first seen with mtime 1684412601.9020681
File /Users/admin/Desktop/AirTicket/emka/lib/python3.10/site-packages/django/utils/translation/trans_real.py first seen with mtime 1684412601.9667077
File /opt/homebrew/Cellar/python@3.10/3.10.9/Frameworks/Python.framework/Versions/3.10/lib/python3.10/email/iterators.py first seen with mtime 1670352297.0
File /Users/admin/Desktop/AirTicket/emka/lib/python3.10/site-packages/rest_framework/filters.py first seen with mtime 1684412602.5973628
File /Users/admin/Desktop/AirTicket/emka/lib/python3.10/site-packages/requests/_internal_utils.py first seen with mtime 1684415001.0659492
File /Users/admin/Desktop/AirTicket/emka/lib/python3.10/site-packages/inflection/__init__.py first seen with mtime 1684415000.948859
File /Users/admin/Desktop/AirTicket/emka/lib/python3.10/site-packages/psycopg2/__init__.py first seen with mtime 1684412601.1073678
File /Users/admin/Desktop/AirTicket/emka/lib/python3.10/site-packages/rest_framework/viewsets.py first seen with mtime 1684412602.6010633
File /opt/homebrew/Cellar/python@3.10/3.10.9/Frameworks/Python.framework/Versions/3.10/lib/python3.10/zoneinfo/_common.py first seen with mtime 1670352297.0
File /Users/admin/Desktop/AirTicket/emka/lib/python3.10/site-packages/django/core/checks/security/base.py first seen with mtime 1684412601.903878
File /Users/admin/Desktop/AirTicket/emka/lib/python3.10/site-packages/urllib3/util/url.py first seen with mtime 1684415000.8866267
File /opt/homebrew/Cellar/python@3.10/3.10.9/Frameworks/Python.framework/Versions/3.10/lib/python3.10/asyncio/transports.py first seen with mtime 1670352297.0
File /Users/admin/Desktop/AirTicket/emka/lib/python3.10/site-packages/django/template/backends/__init__.py first seen with mtime 1684412601.95398
File /Users/admin/Desktop/AirTicket/emka/lib/python3.10/site-packages/django/core/serializers/json.py first seen with mtime 1684412601.913472
File /Users/admin/Desktop/AirTicket/emka/lib/python3.10/site-packages/django/db/migrations/graph.py first seen with mtime 1684412601.9246294
File /Users/admin/Desktop/AirTicket/emka/lib/python3.10/site-packages/urllib3/_request_methods.py first seen with mtime 1684415000.8817587
File /Users/admin/Desktop/AirTicket/emka/lib/python3.10/site-packages/django/contrib/sites/requests.py first seen with mtime 1684412601.8599377
File /Users/admin/Desktop/AirTicket/emka/lib/python3.10/site-packages/django/utils/timesince.py first seen with mtime 1684412601.9651065
File /Users/admin/Desktop/AirTicket/emka/lib/python3.10/site-packages/coreapi/client.py first seen with mtime 1684415001.310792
(0.006) 
            SELECT
                c.relname,
                CASE
                    WHEN c.relispartition THEN 'p'
                    WHEN c.relkind IN ('m', 'v') THEN 'v'
                    ELSE 't'
                END,
                obj_description(c.oid, 'pg_class')
            FROM pg_catalog.pg_class c
            LEFT JOIN pg_catalog.pg_namespace n ON n.oid = c.relnamespace
            WHERE c.relkind IN ('f', 'm', 'p', 'r', 'v')
                AND n.nspname NOT IN ('pg_catalog', 'pg_toast')
                AND pg_catalog.pg_table_is_visible(c.oid)
        ; args=None; alias=default
File /Users/admin/Desktop/AirTicket/emka/lib/python3.10/site-packages/click/utils.py first seen with mtime 1684412867.2713454
File /opt/homebrew/Cellar/python@3.10/3.10.9/Frameworks/Python.framework/Versions/3.10/lib/python3.10/zipfile.py first seen with mtime 1670352297.0
File /opt/homebrew/Cellar/python@3.10/3.10.9/Frameworks/Python.framework/Versions/3.10/lib/python3.10/unittest/__init__.py first seen with mtime 1670352297.0
File /Users/admin/Desktop/AirTicket/emka/lib/python3.10/site-packages/django/contrib/admindocs/__init__.py first seen with mtime 1684412601.4804838
File /Users/admin/Desktop/AirTicket/emka/lib/python3.10/site-packages/django/utils/timezone.py first seen with mtime 1684412601.965267
File /Users/admin/Desktop/AirTicket/emka/lib/python3.10/site-packages/django/core/cache/backends/__init__.py first seen with mtime 1684412601.900433
File /Users/admin/Desktop/AirTicket/emka/lib/python3.10/site-packages/ruamel/yaml/scalarfloat.py first seen with mtime 1684415001.017997
File /Users/admin/Desktop/AirTicket/emka/lib/python3.10/site-packages/coreapi/codecs/__init__.py first seen with mtime 1684415001.311437
File /opt/homebrew/Cellar/python@3.10/3.10.9/Frameworks/Python.framework/Versions/3.10/lib/python3.10/contextlib.py first seen with mtime 1670352297.0
File /Users/admin/Desktop/AirTicket/emka/lib/python3.10/site-packages/sqlparse/keywords.py first seen with mtime 1684412601.0818725
File /Users/admin/Desktop/AirTicket/emka/lib/python3.10/site-packages/psycopg2/_ipaddress.py first seen with mtime 1684412601.1072574
File /Users/admin/Desktop/AirTicket/emka/lib/python3.10/site-packages/django/core/checks/templates.py first seen with mtime 1684412601.9028609
File /Users/admin/Desktop/AirTicket/emka/lib/python3.10/site-packages/django/contrib/sessions/models.py first seen with mtime 1684412601.8190546
File /Users/admin/Desktop/AirTicket/emka/lib/python3.10/site-packages/rest_framework/renderers.py first seen with mtime 1684412602.5986948
File /opt/homebrew/Cellar/python@3.10/3.10.9/Frameworks/Python.framework/Versions/3.10/lib/python3.10/email/feedparser.py first seen with mtime 1670352297.0
File /opt/homebrew/Cellar/python@3.10/3.10.9/Frameworks/Python.framework/Versions/3.10/lib/python3.10/asyncio/subprocess.py first seen with mtime 1670352297.0
File /opt/homebrew/Cellar/python@3.10/3.10.9/Frameworks/Python.framework/Versions/3.10/lib/python3.10/zoneinfo/__init__.py first seen with mtime 1670352297.0
File /Users/admin/Desktop/AirTicket/emka/lib/python3.10/site-packages/django/urls/utils.py first seen with mtime 1684412601.9590874
File /Users/admin/Desktop/AirTicket/emka/lib/python3.10/site-packages/django/contrib/admin/options.py first seen with mtime 1684412601.3774211
File /opt/homebrew/Cellar/python@3.10/3.10.9/Frameworks/Python.framework/Versions/3.10/lib/python3.10/email/_header_value_parser.py first seen with mtime 1670352297.0
File /opt/homebrew/Cellar/python@3.10/3.10.9/Frameworks/Python.framework/Versions/3.10/lib/python3.10/xml/parsers/__init__.py first seen with mtime 1670352297.0
File /Users/admin/Desktop/AirTicket/emka/lib/python3.10/site-packages/django/forms/forms.py first seen with mtime 1684412601.9358497
File /Users/admin/Desktop/AirTicket/emka/lib/python3.10/site-packages/django/core/files/storage/mixins.py first seen with mtime 1684412601.90621
File /Users/admin/Desktop/AirTicket/emka/lib/python3.10/site-packages/django/utils/lorem_ipsum.py first seen with mtime 1684412601.9639108
File /Users/admin/Desktop/AirTicket/emka/lib/python3.10/site-packages/ruamel/yaml/util.py first seen with mtime 1684415001.0190568
File /Users/admin/Desktop/AirTicket/emka/lib/python3.10/site-packages/django/contrib/staticfiles/__init__.py first seen with mtime 1684412601.8964317
File /Users/admin/Desktop/AirTicket/emka/lib/python3.10/site-packages/requests/utils.py first seen with mtime 1684415001.0684712
File /Users/admin/Desktop/AirTicket/emka/lib/python3.10/site-packages/ruamel/yaml/main.py first seen with mtime 1684415001.0168872
File /Users/admin/Desktop/AirTicket/emka/lib/python3.10/site-packages/ruamel/yaml/timestamp.py first seen with mtime 1684415001.018786
File /Users/admin/Desktop/AirTicket/emka/lib/python3.10/site-packages/sqlparse/filters/aligned_indent.py first seen with mtime 1684412601.0832374
File /Users/admin/Desktop/AirTicket/emka/lib/python3.10/site-packages/ruamel/yaml/parser.py first seen with mtime 1684415001.0171714
File /opt/homebrew/Cellar/python@3.10/3.10.9/Frameworks/Python.framework/Versions/3.10/lib/python3.10/asyncio/base_events.py first seen with mtime 1670352297.0
File /Users/admin/Desktop/AirTicket/emka/lib/python3.10/site-packages/django/utils/dateformat.py first seen with mtime 1684412601.9608285
File /opt/homebrew/Cellar/python@3.10/3.10.9/Frameworks/Python.framework/Versions/3.10/lib/python3.10/shlex.py first seen with mtime 1670352297.0
File /Users/admin/Desktop/AirTicket/emka/lib/python3.10/site-packages/django/contrib/contenttypes/__init__.py first seen with mtime 1684412601.567039
File /Users/admin/Desktop/AirTicket/buy_tickets/account/urls.py first seen with mtime 1684477072.7947624
File /Users/admin/Desktop/AirTicket/emka/lib/python3.10/site-packages/django/contrib/sessions/exceptions.py first seen with mtime 1684412601.8187633
File /Users/admin/Desktop/AirTicket/emka/lib/python3.10/site-packages/django/db/backends/base/base.py first seen with mtime 1684412601.9156854
File /Users/admin/Desktop/AirTicket/emka/lib/python3.10/site-packages/django/views/generic/base.py first seen with mtime 1684412601.9693174
File /Users/admin/Desktop/AirTicket/emka/lib/python3.10/site-packages/django/db/models/manager.py first seen with mtime 1684412601.9289558
File /opt/homebrew/Cellar/python@3.10/3.10.9/Frameworks/Python.framework/Versions/3.10/lib/python3.10/pprint.py first seen with mtime 1670352297.0
File /opt/homebrew/Cellar/python@3.10/3.10.9/Frameworks/Python.framework/Versions/3.10/lib/python3.10/wsgiref/handlers.py first seen with mtime 1670352297.0
File /Users/admin/Desktop/AirTicket/emka/lib/python3.10/site-packages/pkg_resources/_vendor/packaging/version.py first seen with mtime 1684412488.6472592
File /Users/admin/Desktop/AirTicket/emka/lib/python3.10/site-packages/jinja2/exceptions.py first seen with mtime 1684415001.0868282
File /Users/admin/Desktop/AirTicket/emka/lib/python3.10/site-packages/django/test/utils.py first seen with mtime 1684412601.9580364
File /Users/admin/Desktop/AirTicket/emka/lib/python3.10/site-packages/django/db/models/enums.py first seen with mtime 1684412601.9282346
File /Users/admin/Desktop/AirTicket/emka/lib/python3.10/site-packages/urllib3/util/wait.py first seen with mtime 1684415000.886901
File /opt/homebrew/Cellar/python@3.10/3.10.9/Frameworks/Python.framework/Versions/3.10/lib/python3.10/codecs.py first seen with mtime 1670352297.0
File /Users/admin/Desktop/AirTicket/emka/lib/python3.10/site-packages/django/db/models/fields/json.py first seen with mtime 1684412601.9306622
File /Users/admin/Desktop/AirTicket/emka/lib/python3.10/site-packages/pkg_resources/_vendor/more_itertools/more.py first seen with mtime 1684412488.645274
File /Users/admin/Desktop/AirTicket/emka/lib/python3.10/site-packages/django/views/generic/detail.py first seen with mtime 1684412601.969686
File /Users/admin/Desktop/AirTicket/emka/lib/python3.10/site-packages/django/contrib/postgres/utils.py first seen with mtime 1684412601.7515488
File /Users/admin/Desktop/AirTicket/emka/lib/python3.10/site-packages/django/db/models/functions/window.py first seen with mtime 1684412601.9329677
File /Users/admin/Desktop/AirTicket/emka/lib/python3.10/site-packages/django/db/models/fields/related.py first seen with mtime 1684412601.931237
File /Users/admin/Desktop/AirTicket/emka/lib/python3.10/site-packages/rest_framework/fields.py first seen with mtime 1684412602.5971928
File /Users/admin/Desktop/AirTicket/emka/lib/python3.10/site-packages/ruamel/yaml/error.py first seen with mtime 1684415001.0164301
File /Users/admin/Desktop/AirTicket/emka/lib/python3.10/site-packages/django/forms/renderers.py first seen with mtime 1684412601.9365306
File /Users/admin/Desktop/AirTicket/emka/lib/python3.10/site-packages/django/db/models/sql/query.py first seen with mtime 1684412601.9342375
(0.001) SELECT "django_migrations"."id", "django_migrations"."app", "django_migrations"."name", "django_migrations"."applied" FROM "django_migrations"; args=(); alias=default
File /Users/admin/Desktop/AirTicket/buy_tickets/air_tickets/settings.py first seen with mtime 1684477072.7963326
File /Users/admin/Desktop/AirTicket/emka/lib/python3.10/site-packages/django/template/defaulttags.py first seen with mtime 1684412601.9524665
File /opt/homebrew/Cellar/python@3.10/3.10.9/Frameworks/Python.framework/Versions/3.10/lib/python3.10/keyword.py first seen with mtime 1670352297.0
File /opt/homebrew/Cellar/python@3.10/3.10.9/Frameworks/Python.framework/Versions/3.10/lib/python3.10/unittest/util.py first seen with mtime 1670352297.0
File /opt/homebrew/Cellar/python@3.10/3.10.9/Frameworks/Python.framework/Versions/3.10/lib/python3.10/http/server.py first seen with mtime 1670352297.0
File /opt/homebrew/Cellar/python@3.10/3.10.9/Frameworks/Python.framework/Versions/3.10/lib/python3.10/_compression.py first seen with mtime 1670352297.0
File /Users/admin/Desktop/AirTicket/emka/lib/python3.10/site-packages/django/core/checks/async_checks.py first seen with mtime 1684412601.9017859
File /Users/admin/Desktop/AirTicket/emka/lib/python3.10/site-packages/urllib3/util/__init__.py first seen with mtime 1684415000.884972
File /Users/admin/Desktop/AirTicket/emka/lib/python3.10/site-packages/django/contrib/auth/signals.py first seen with mtime 1684412601.522782
File /Users/admin/Desktop/AirTicket/emka/lib/python3.10/site-packages/charset_normalizer/legacy.py first seen with mtime 1684415000.9934037
File /Users/admin/Desktop/AirTicket/emka/lib/python3.10/site-packages/click/__init__.py first seen with mtime 1684412867.268411
File /Users/admin/Desktop/AirTicket/emka/lib/python3.10/site-packages/packaging/__init__.py first seen with mtime 1684415000.9275422
File /opt/homebrew/Cellar/python@3.10/3.10.9/Frameworks/Python.framework/Versions/3.10/lib/python3.10/asyncio/sslproto.py first seen with mtime 1670352297.0
File /Users/admin/Desktop/AirTicket/emka/lib/python3.10/site-packages/rest_framework/parsers.py first seen with mtime 1684412602.598207
File /opt/homebrew/Cellar/python@3.10/3.10.9/Frameworks/Python.framework/Versions/3.10/lib/python3.10/bz2.py first seen with mtime 1670352297.0
File /opt/homebrew/Cellar/python@3.10/3.10.9/Frameworks/Python.framework/Versions/3.10/lib/python3.10/http/__init__.py first seen with mtime 1670352297.0
File /Users/admin/Desktop/AirTicket/emka/lib/python3.10/site-packages/pkg_resources/_vendor/jaraco/functools.py first seen with mtime 1684412488.6443849
File /Users/admin/Desktop/AirTicket/emka/lib/python3.10/site-packages/rest_framework/routers.py first seen with mtime 1684412602.5992644
File /opt/homebrew/Cellar/python@3.10/3.10.9/Frameworks/Python.framework/Versions/3.10/lib/python3.10/importlib/util.py first seen with mtime 1670352297.0
File /Users/admin/Desktop/AirTicket/emka/lib/python3.10/site-packages/django/contrib/admin/decorators.py first seen with mtime 1684412601.3763485
File /Users/admin/Desktop/AirTicket/emka/lib/python3.10/site-packages/django/db/backends/postgresql/psycopg_any.py first seen with mtime 1684412601.9220903
File /Users/admin/Desktop/AirTicket/emka/lib/python3.10/site-packages/django/template/backends/base.py first seen with mtime 1684412601.9541342
File /Users/admin/Desktop/AirTicket/emka/lib/python3.10/site-packages/ruamel/yaml/scanner.py first seen with mtime 1684415001.0185218
File /Users/admin/Desktop/AirTicket/emka/lib/python3.10/site-packages/django/urls/__init__.py first seen with mtime 1684412601.958209
File /Users/admin/Desktop/AirTicket/emka/lib/python3.10/site-packages/django/conf/urls/__init__.py first seen with mtime 1684412601.375272
File /Users/admin/Desktop/AirTicket/emka/lib/python3.10/site-packages/drf_yasg/__init__.py first seen with mtime 1684415001.326801
File /Users/admin/Desktop/AirTicket/emka/lib/python3.10/site-packages/django/core/cache/backends/base.py first seen with mtime 1684412601.9006095
File /Users/admin/Desktop/AirTicket/emka/lib/python3.10/site-packages/django/db/utils.py first seen with mtime 1684412601.914763
File /Users/admin/Desktop/AirTicket/emka/lib/python3.10/site-packages/coreapi/codecs/base.py first seen with mtime 1684415001.3115516
File /Users/admin/Desktop/AirTicket/emka/lib/python3.10/site-packages/django/contrib/auth/decorators.py first seen with mtime 1684412601.521706
File /Users/admin/Desktop/AirTicket/emka/lib/python3.10/site-packages/requests/__init__.py first seen with mtime 1684415001.065681
File /Users/admin/Desktop/AirTicket/emka/lib/python3.10/site-packages/django/forms/utils.py first seen with mtime 1684412601.9366946
File /Users/admin/Desktop/AirTicket/emka/lib/python3.10/site-packages/django/db/models/functions/mixins.py first seen with mtime 1684412601.93266
File /Users/admin/Desktop/AirTicket/emka/lib/python3.10/site-packages/django/utils/hashable.py first seen with mtime 1684412601.9625306
File /Users/admin/Desktop/AirTicket/emka/lib/python3.10/site-packages/django/middleware/csrf.py first seen with mtime 1684412601.9506314
File /opt/homebrew/Cellar/python@3.10/3.10.9/Frameworks/Python.framework/Versions/3.10/lib/python3.10/lib-dynload/_struct.cpython-310-darwin.so first seen with mtime 1670352297.0
File /opt/homebrew/Cellar/python@3.10/3.10.9/Frameworks/Python.framework/Versions/3.10/lib/python3.10/gzip.py first seen with mtime 1670352297.0
File /Users/admin/Desktop/AirTicket/emka/lib/python3.10/site-packages/django/db/models/fields/reverse_related.py first seen with mtime 1684412601.9318814
File /Users/admin/Desktop/AirTicket/emka/lib/python3.10/site-packages/django/core/validators.py first seen with mtime 1684412601.899874
File /Users/admin/Desktop/AirTicket/emka/lib/python3.10/site-packages/uritemplate/__init__.py first seen with mtime 1684415000.9186199
File /opt/homebrew/Cellar/python@3.10/3.10.9/Frameworks/Python.framework/Versions/3.10/lib/python3.10/lib-dynload/pyexpat.cpython-310-darwin.so first seen with mtime 1670352297.0
File /opt/homebrew/Cellar/python@3.10/3.10.9/Frameworks/Python.framework/Versions/3.10/lib/python3.10/sitecustomize.py first seen with mtime 1676385110.063181
File /Users/admin/Desktop/AirTicket/emka/lib/python3.10/site-packages/django/utils/numberformat.py first seen with mtime 1684412601.9642434
File /opt/homebrew/Cellar/python@3.10/3.10.9/Frameworks/Python.framework/Versions/3.10/lib/python3.10/lib-dynload/_lzma.cpython-310-darwin.so first seen with mtime 1676385110.0053163
File /Users/admin/Desktop/AirTicket/emka/lib/python3.10/site-packages/django/contrib/admin/widgets.py first seen with mtime 1684412601.3781252
File /opt/homebrew/Cellar/python@3.10/3.10.9/Frameworks/Python.framework/Versions/3.10/lib/python3.10/lib-dynload/_hashlib.cpython-310-darwin.so first seen with mtime 1676385109.9930444
File /Users/admin/Desktop/AirTicket/emka/lib/python3.10/site-packages/django/contrib/staticfiles/finders.py first seen with mtime 1684412601.896869
File /opt/homebrew/Cellar/python@3.10/3.10.9/Frameworks/Python.framework/Versions/3.10/lib/python3.10/decimal.py first seen with mtime 1670352297.0
File /opt/homebrew/Cellar/python@3.10/3.10.9/Frameworks/Python.framework/Versions/3.10/lib/python3.10/wsgiref/__init__.py first seen with mtime 1670352297.0
File /Users/admin/Desktop/AirTicket/emka/lib/python3.10/site-packages/django/contrib/contenttypes/management/__init__.py first seen with mtime 1684412601.605787
File /Users/admin/Desktop/AirTicket/emka/lib/python3.10/site-packages/django/core/files/temp.py first seen with mtime 1684412601.904925
File /Users/admin/Desktop/AirTicket/emka/lib/python3.10/site-packages/django_filters/rest_framework/filterset.py first seen with mtime 1684413294.2160125
File /Users/admin/Desktop/AirTicket/emka/lib/python3.10/site-packages/django/db/backends/postgresql/introspection.py first seen with mtime 1684412601.9217775
File /Users/admin/Desktop/AirTicket/emka/lib/python3.10/site-packages/django/contrib/admin/apps.py first seen with mtime 1684412601.3760161
File /opt/homebrew/Cellar/python@3.10/3.10.9/Frameworks/Python.framework/Versions/3.10/lib/python3.10/_sitebuiltins.py first seen with mtime 1670352297.0
File /opt/homebrew/Cellar/python@3.10/3.10.9/Frameworks/Python.framework/Versions/3.10/lib/python3.10/bisect.py first seen with mtime 1670352297.0
File /Users/admin/Desktop/AirTicket/emka/lib/python3.10/site-packages/urllib3/poolmanager.py first seen with mtime 1684415000.8833094
File /opt/homebrew/Cellar/python@3.10/3.10.9/Frameworks/Python.framework/Versions/3.10/lib/python3.10/asyncio/base_tasks.py first seen with mtime 1670352297.0
File /Users/admin/Desktop/AirTicket/emka/lib/python3.10/site-packages/psycopg2/sql.py first seen with mtime 1684412601.108843
File /Users/admin/Desktop/AirTicket/emka/lib/python3.10/site-packages/django/contrib/postgres/forms/hstore.py first seen with mtime 1684412601.7536902
File /Users/admin/Desktop/AirTicket/emka/lib/python3.10/site-packages/pkg_resources/_vendor/__init__.py first seen with mtime 1684412488.6425133
File /Users/admin/Desktop/AirTicket/emka/lib/python3.10/site-packages/django/core/cache/backends/locmem.py first seen with mtime 1684412601.9011877
File /opt/homebrew/Cellar/python@3.10/3.10.9/Frameworks/Python.framework/Versions/3.10/lib/python3.10/lib-dynload/fcntl.cpython-310-darwin.so first seen with mtime 1670352297.0
File /Users/admin/Desktop/AirTicket/emka/lib/python3.10/site-packages/rest_framework/authentication.py first seen with mtime 1684412602.5963275
File /opt/homebrew/Cellar/python@3.10/3.10.9/Frameworks/Python.framework/Versions/3.10/lib/python3.10/wsgiref/headers.py first seen with mtime 1670352297.0
File /opt/homebrew/Cellar/python@3.10/3.10.9/Frameworks/Python.framework/Versions/3.10/lib/python3.10/platform.py first seen with mtime 1670352297.0
File /Users/admin/Desktop/AirTicket/emka/lib/python3.10/site-packages/rest_framework/__init__.py first seen with mtime 1684412602.5960634
File /Users/admin/Desktop/AirTicket/emka/lib/python3.10/site-packages/django/contrib/auth/apps.py first seen with mtime 1684412601.5208142
File /opt/homebrew/Cellar/python@3.10/3.10.9/Frameworks/Python.framework/Versions/3.10/lib/python3.10/lib-dynload/_uuid.cpython-310-darwin.so first seen with mtime 1670352297.0
File /Users/admin/Desktop/AirTicket/emka/lib/python3.10/site-packages/sqlparse/engine/grouping.py first seen with mtime 1684412601.0828285
File /Users/admin/Desktop/AirTicket/emka/lib/python3.10/site-packages/ruamel/yaml/emitter.py first seen with mtime 1684415001.0162911
File /Users/admin/Desktop/AirTicket/emka/lib/python3.10/site-packages/sqlparse/exceptions.py first seen with mtime 1684412601.0815206
File /Users/admin/Desktop/AirTicket/emka/lib/python3.10/site-packages/pkg_resources/__init__.py first seen with mtime 1684412488.6424005
File /opt/homebrew/Cellar/python@3.10/3.10.9/Frameworks/Python.framework/Versions/3.10/lib/python3.10/collections/abc.py first seen with mtime 1670352297.0
File /Users/admin/Desktop/AirTicket/emka/lib/python3.10/site-packages/django/core/serializers/python.py first seen with mtime 1684412601.9137394
File /opt/homebrew/Cellar/python@3.10/3.10.9/Frameworks/Python.framework/Versions/3.10/lib/python3.10/opcode.py first seen with mtime 1670352297.0
File /opt/homebrew/Cellar/python@3.10/3.10.9/Frameworks/Python.framework/Versions/3.10/lib/python3.10/ipaddress.py first seen with mtime 1670352297.0
File /Users/admin/Desktop/AirTicket/emka/lib/python3.10/site-packages/click/parser.py first seen with mtime 1684412867.270233
File /Users/admin/Desktop/AirTicket/emka/lib/python3.10/site-packages/pkg_resources/_vendor/pyparsing/actions.py first seen with mtime 1684412488.6475964
File /Users/admin/Desktop/AirTicket/emka/lib/python3.10/site-packages/django/middleware/cache.py first seen with mtime 1684412601.9501674
File /opt/homebrew/Cellar/python@3.10/3.10.9/Frameworks/Python.framework/Versions/3.10/lib/python3.10/pathlib.py first seen with mtime 1670352297.0
File /opt/homebrew/Cellar/python@3.10/3.10.9/Frameworks/Python.framework/Versions/3.10/lib/python3.10/unittest/signals.py first seen with mtime 1670352297.0
File /Users/admin/Desktop/AirTicket/emka/lib/python3.10/site-packages/django/db/models/sql/__init__.py first seen with mtime 1684412601.9331527
File /opt/homebrew/Cellar/python@3.10/3.10.9/Frameworks/Python.framework/Versions/3.10/lib/python3.10/shutil.py first seen with mtime 1670352297.0
File /opt/homebrew/Cellar/python@3.10/3.10.9/Frameworks/Python.framework/Versions/3.10/lib/python3.10/textwrap.py first seen with mtime 1670352297.0
File /Users/admin/Desktop/AirTicket/emka/lib/python3.10/site-packages/django/core/files/storage/filesystem.py first seen with mtime 1684412601.9057896
File /Users/admin/Desktop/AirTicket/buy_tickets/buy_tickets/admin.py first seen with mtime 1684412398.59177
File /Users/admin/Desktop/AirTicket/emka/lib/python3.10/site-packages/django/db/backends/postgresql/operations.py first seen with mtime 1684412601.921951
File /Users/admin/Desktop/AirTicket/emka/lib/python3.10/site-packages/django/core/serializers/__init__.py first seen with mtime 1684412601.913192
File /opt/homebrew/Cellar/python@3.10/3.10.9/Frameworks/Python.framework/Versions/3.10/lib/python3.10/lib-dynload/_blake2.cpython-310-darwin.so first seen with mtime 1670352297.0
File /Users/admin/Desktop/AirTicket/buy_tickets/buy_tickets/views.py first seen with mtime 1684477072.8037434
File /Users/admin/Desktop/AirTicket/emka/lib/python3.10/site-packages/django/template/loaders/__init__.py first seen with mtime 1684412601.954844
File /Users/admin/Desktop/AirTicket/emka/lib/python3.10/site-packages/django/templatetags/static.py first seen with mtime 1684412601.9562614
File /Users/admin/Desktop/AirTicket/emka/lib/python3.10/site-packages/django/views/decorators/vary.py first seen with mtime 1684412601.9689775
File /Users/admin/Desktop/AirTicket/emka/lib/python3.10/site-packages/django/core/handlers/asgi.py first seen with mtime 1684412601.906529
File /Users/admin/Desktop/AirTicket/emka/lib/python3.10/site-packages/jinja2/parser.py first seen with mtime 1684415001.0885284
File /Users/admin/Desktop/AirTicket/emka/lib/python3.10/site-packages/ruamel/yaml/reader.py first seen with mtime 1684415001.0174284
File /Users/admin/Desktop/AirTicket/emka/lib/python3.10/site-packages/django/db/__init__.py first seen with mtime 1684412601.914451
File /Users/admin/Desktop/AirTicket/emka/lib/python3.10/site-packages/urllib3/util/response.py first seen with mtime 1684415000.8854682
File /Users/admin/Desktop/AirTicket/emka/lib/python3.10/site-packages/django/contrib/messages/api.py first seen with mtime 1684412601.7483072
File /Users/admin/Desktop/AirTicket/emka/lib/python3.10/site-packages/django/forms/__init__.py first seen with mtime 1684412601.9352546
File /Users/admin/Desktop/AirTicket/emka/lib/python3.10/site-packages/django/utils/version.py first seen with mtime 1684412601.965711
File /Users/admin/Desktop/AirTicket/emka/lib/python3.10/site-packages/rest_framework/authtoken/apps.py first seen with mtime 1684412602.6014996
File /Users/admin/Desktop/AirTicket/emka/lib/python3.10/site-packages/rest_framework/reverse.py first seen with mtime 1684412602.5991254
File /opt/homebrew/Cellar/python@3.10/3.10.9/Frameworks/Python.framework/Versions/3.10/lib/python3.10/sysconfig.py first seen with mtime 1676385110.0635016
File /opt/homebrew/Cellar/python@3.10/3.10.9/Frameworks/Python.framework/Versions/3.10/lib/python3.10/_sysconfigdata__darwin_darwin.py first seen with mtime 1676385110.062119
File /Users/admin/Desktop/AirTicket/emka/lib/python3.10/site-packages/ruamel/yaml/composer.py first seen with mtime 1684415001.015422
File /opt/homebrew/Cellar/python@3.10/3.10.9/Frameworks/Python.framework/Versions/3.10/lib/python3.10/wsgiref/util.py first seen with mtime 1670352297.0
File /Users/admin/Desktop/AirTicket/emka/lib/python3.10/site-packages/django/template/exceptions.py first seen with mtime 1684412601.9527452
File /Users/admin/Desktop/AirTicket/emka/lib/python3.10/site-packages/psycopg2/extras.py first seen with mtime 1684412601.106708
File /Users/admin/Desktop/AirTicket/emka/lib/python3.10/site-packages/urllib3/util/request.py first seen with mtime 1684415000.8853488
File /Users/admin/Desktop/AirTicket/emka/lib/python3.10/site-packages/sqlparse/__init__.py first seen with mtime 1684412601.0810497
File /Users/admin/Desktop/AirTicket/emka/lib/python3.10/site-packages/django/urls/base.py first seen with mtime 1684412601.9583507
File /Users/admin/Desktop/AirTicket/emka/lib/python3.10/site-packages/ruamel/yaml/comments.py first seen with mtime 1684415001.0151253
File /Users/admin/Desktop/AirTicket/emka/lib/python3.10/site-packages/pkg_resources/_vendor/pyparsing/util.py first seen with mtime 1684412488.649448
File /opt/homebrew/Cellar/python@3.10/3.10.9/Frameworks/Python.framework/Versions/3.10/lib/python3.10/secrets.py first seen with mtime 1670352297.0
File /opt/homebrew/Cellar/python@3.10/3.10.9/Frameworks/Python.framework/Versions/3.10/lib/python3.10/tempfile.py first seen with mtime 1670352297.0
File /Users/admin/Desktop/AirTicket/emka/lib/python3.10/site-packages/pkg_resources/_vendor/packaging/_manylinux.py first seen with mtime 1684412488.646083
File /Users/admin/Desktop/AirTicket/emka/lib/python3.10/site-packages/django/db/backends/postgresql/features.py first seen with mtime 1684412601.9216032
File /Users/admin/Desktop/AirTicket/emka/lib/python3.10/site-packages/django/utils/dateparse.py first seen with mtime 1684412601.9609663
File /opt/homebrew/Cellar/python@3.10/3.10.9/Frameworks/Python.framework/Versions/3.10/lib/python3.10/typing.py first seen with mtime 1670352297.0
File /opt/homebrew/Cellar/python@3.10/3.10.9/Frameworks/Python.framework/Versions/3.10/lib/python3.10/lib-dynload/_pickle.cpython-310-darwin.so first seen with mtime 1670352297.0
File /Users/admin/Desktop/AirTicket/emka/lib/python3.10/site-packages/django/template/library.py first seen with mtime 1684412601.9531028
File /Users/admin/Desktop/AirTicket/emka/lib/python3.10/site-packages/django/core/checks/compatibility/__init__.py first seen with mtime 1684412601.9034162
File /Users/admin/Desktop/AirTicket/buy_tickets/manage.py first seen with mtime 1684412398.593087
File /Users/admin/Desktop/AirTicket/emka/lib/python3.10/site-packages/django/views/decorators/debug.py first seen with mtime 1684412601.9685743
File /opt/homebrew/Cellar/python@3.10/3.10.9/Frameworks/Python.framework/Versions/3.10/lib/python3.10/socketserver.py first seen with mtime 1670352297.0
File /Users/admin/Desktop/AirTicket/emka/lib/python3.10/site-packages/django_filters/templates/django_filters first seen with mtime 1684413294.216432
File /Users/admin/Desktop/AirTicket/emka/lib/python3.10/site-packages/django_filters/templates/django_filters/rest_framework first seen with mtime 1684413294.2163234
File /Users/admin/Desktop/AirTicket/emka/lib/python3.10/site-packages/django_filters/templates/django_filters/widgets first seen with mtime 1684413294.2164905
File /Users/admin/Desktop/AirTicket/emka/lib/python3.10/site-packages/django_filters/templates/django_filters/rest_framework/form.html first seen with mtime 1684413294.2163668
File /Users/admin/Desktop/AirTicket/emka/lib/python3.10/site-packages/django_filters/templates/django_filters/rest_framework/crispy_form.html first seen with mtime 1684413294.216252
File /Users/admin/Desktop/AirTicket/emka/lib/python3.10/site-packages/django_filters/templates/django_filters/widgets/multiwidget.html first seen with mtime 1684413294.2165341
File /Users/admin/Desktop/AirTicket/emka/lib/python3.10/site-packages/drf_yasg/templates/drf-yasg first seen with mtime 1684415001.4022288
File /Users/admin/Desktop/AirTicket/emka/lib/python3.10/site-packages/drf_yasg/templates/drf-yasg/redoc-old.html first seen with mtime 1684415001.4020188
File /Users/admin/Desktop/AirTicket/emka/lib/python3.10/site-packages/drf_yasg/templates/drf-yasg/redoc.html first seen with mtime 1684415001.4021425
File /Users/admin/Desktop/AirTicket/emka/lib/python3.10/site-packages/drf_yasg/templates/drf-yasg/swagger-ui.html first seen with mtime 1684415001.4022813
File /Users/admin/Desktop/AirTicket/emka/lib/python3.10/site-packages/rest_framework/templates/rest_framework first seen with mtime 1684412602.6387126
File /Users/admin/Desktop/AirTicket/emka/lib/python3.10/site-packages/rest_framework/templates/rest_framework/filters first seen with mtime 1684412602.6352074
File /Users/admin/Desktop/AirTicket/emka/lib/python3.10/site-packages/rest_framework/templates/rest_framework/pagination first seen with mtime 1684412602.638619
File /Users/admin/Desktop/AirTicket/emka/lib/python3.10/site-packages/rest_framework/templates/rest_framework/admin.html first seen with mtime 1684412602.6316245
File /Users/admin/Desktop/AirTicket/emka/lib/python3.10/site-packages/rest_framework/templates/rest_framework/base.html first seen with mtime 1684412602.6318877
File /Users/admin/Desktop/AirTicket/emka/lib/python3.10/site-packages/rest_framework/templates/rest_framework/horizontal first seen with mtime 1684412602.6368566
File /Users/admin/Desktop/AirTicket/emka/lib/python3.10/site-packages/rest_framework/templates/rest_framework/raw_data_form.html first seen with mtime 1684412602.6322951
File /Users/admin/Desktop/AirTicket/emka/lib/python3.10/site-packages/rest_framework/templates/rest_framework/admin first seen with mtime 1684412602.6329918
File /Users/admin/Desktop/AirTicket/emka/lib/python3.10/site-packages/rest_framework/templates/rest_framework/login.html first seen with mtime 1684412602.632012
File /Users/admin/Desktop/AirTicket/emka/lib/python3.10/site-packages/rest_framework/templates/rest_framework/docs first seen with mtime 1684412602.634217
File /Users/admin/Desktop/AirTicket/emka/lib/python3.10/site-packages/rest_framework/templates/rest_framework/inline first seen with mtime 1684412602.6383238
File /Users/admin/Desktop/AirTicket/emka/lib/python3.10/site-packages/rest_framework/templates/rest_framework/login_base.html first seen with mtime 1684412602.6321552
File /Users/admin/Desktop/AirTicket/emka/lib/python3.10/site-packages/rest_framework/templates/rest_framework/schema.js first seen with mtime 1684412602.6324508
File /Users/admin/Desktop/AirTicket/emka/lib/python3.10/site-packages/rest_framework/templates/rest_framework/api.html first seen with mtime 1684412602.6317499
File /Users/admin/Desktop/AirTicket/emka/lib/python3.10/site-packages/rest_framework/templates/rest_framework/vertical first seen with mtime 1684412602.6411219
File /Users/admin/Desktop/AirTicket/emka/lib/python3.10/site-packages/rest_framework/templates/rest_framework/filters/base.html first seen with mtime 1684412602.635043
File /Users/admin/Desktop/AirTicket/emka/lib/python3.10/site-packages/rest_framework/templates/rest_framework/filters/search.html first seen with mtime 1684412602.6352487
File /Users/admin/Desktop/AirTicket/emka/lib/python3.10/site-packages/rest_framework/templates/rest_framework/filters/ordering.html first seen with mtime 1684412602.635143
File /Users/admin/Desktop/AirTicket/emka/lib/python3.10/site-packages/rest_framework/templates/rest_framework/pagination/numbers.html first seen with mtime 1684412602.6385467
File /Users/admin/Desktop/AirTicket/emka/lib/python3.10/site-packages/rest_framework/templates/rest_framework/pagination/previous_and_next.html first seen with mtime 1684412602.6386607
File /Users/admin/Desktop/AirTicket/emka/lib/python3.10/site-packages/rest_framework/templates/rest_framework/horizontal/select.html first seen with mtime 1684412602.636633
File /Users/admin/Desktop/AirTicket/emka/lib/python3.10/site-packages/rest_framework/templates/rest_framework/horizontal/dict_field.html first seen with mtime 1684412602.6357052
File /Users/admin/Desktop/AirTicket/emka/lib/python3.10/site-packages/rest_framework/templates/rest_framework/horizontal/form.html first seen with mtime 1684412602.6359448
File /Users/admin/Desktop/AirTicket/emka/lib/python3.10/site-packages/rest_framework/templates/rest_framework/horizontal/list_fieldset.html first seen with mtime 1684412602.6364098
File /Users/admin/Desktop/AirTicket/emka/lib/python3.10/site-packages/rest_framework/templates/rest_framework/horizontal/textarea.html first seen with mtime 1684412602.6369016
File /Users/admin/Desktop/AirTicket/emka/lib/python3.10/site-packages/rest_framework/templates/rest_framework/horizontal/radio.html first seen with mtime 1684412602.6365201
File /Users/admin/Desktop/AirTicket/emka/lib/python3.10/site-packages/rest_framework/templates/rest_framework/horizontal/checkbox_multiple.html first seen with mtime 1684412602.6355615
File /Users/admin/Desktop/AirTicket/emka/lib/python3.10/site-packages/rest_framework/templates/rest_framework/horizontal/checkbox.html first seen with mtime 1684412602.6354225
File /Users/admin/Desktop/AirTicket/emka/lib/python3.10/site-packages/rest_framework/templates/rest_framework/horizontal/fieldset.html first seen with mtime 1684412602.635832
File /Users/admin/Desktop/AirTicket/emka/lib/python3.10/site-packages/rest_framework/templates/rest_framework/horizontal/input.html first seen with mtime 1684412602.6360712
File /Users/admin/Desktop/AirTicket/emka/lib/python3.10/site-packages/rest_framework/templates/rest_framework/horizontal/select_multiple.html first seen with mtime 1684412602.636767
File /Users/admin/Desktop/AirTicket/emka/lib/python3.10/site-packages/rest_framework/templates/rest_framework/horizontal/list_field.html first seen with mtime 1684412602.6361961
File /Users/admin/Desktop/AirTicket/emka/lib/python3.10/site-packages/rest_framework/templates/rest_framework/admin/dict_value.html first seen with mtime 1684412602.632701
File /Users/admin/Desktop/AirTicket/emka/lib/python3.10/site-packages/rest_framework/templates/rest_framework/admin/list.html first seen with mtime 1684412602.632804
File /Users/admin/Desktop/AirTicket/emka/lib/python3.10/site-packages/rest_framework/templates/rest_framework/admin/simple_list_value.html first seen with mtime 1684412602.6330295
File /Users/admin/Desktop/AirTicket/emka/lib/python3.10/site-packages/rest_framework/templates/rest_framework/admin/detail.html first seen with mtime 1684412602.6325932
File /Users/admin/Desktop/AirTicket/emka/lib/python3.10/site-packages/rest_framework/templates/rest_framework/admin/list_value.html first seen with mtime 1684412602.632923
File /Users/admin/Desktop/AirTicket/emka/lib/python3.10/site-packages/rest_framework/templates/rest_framework/docs/link.html first seen with mtime 1684412602.633651
File /Users/admin/Desktop/AirTicket/emka/lib/python3.10/site-packages/rest_framework/templates/rest_framework/docs/index.html first seen with mtime 1684412602.6334355
File /Users/admin/Desktop/AirTicket/emka/lib/python3.10/site-packages/rest_framework/templates/rest_framework/docs/auth first seen with mtime 1684412602.6340933
File /Users/admin/Desktop/AirTicket/emka/lib/python3.10/site-packages/rest_framework/templates/rest_framework/docs/document.html first seen with mtime 1684412602.633186
File /Users/admin/Desktop/AirTicket/emka/lib/python3.10/site-packages/rest_framework/templates/rest_framework/docs/langs first seen with mtime 1684412602.6348562
File /Users/admin/Desktop/AirTicket/emka/lib/python3.10/site-packages/rest_framework/templates/rest_framework/docs/interact.html first seen with mtime 1684412602.6335464
File /Users/admin/Desktop/AirTicket/emka/lib/python3.10/site-packages/rest_framework/templates/rest_framework/docs/sidebar.html first seen with mtime 1684412602.633772
File /Users/admin/Desktop/AirTicket/emka/lib/python3.10/site-packages/rest_framework/templates/rest_framework/docs/error.html first seen with mtime 1684412602.6332984
File /Users/admin/Desktop/AirTicket/emka/lib/python3.10/site-packages/rest_framework/templates/rest_framework/docs/auth/basic.html first seen with mtime 1684412602.633918
File /Users/admin/Desktop/AirTicket/emka/lib/python3.10/site-packages/rest_framework/templates/rest_framework/docs/auth/token.html first seen with mtime 1684412602.6341429
File /Users/admin/Desktop/AirTicket/emka/lib/python3.10/site-packages/rest_framework/templates/rest_framework/docs/auth/session.html first seen with mtime 1684412602.634022
File /Users/admin/Desktop/AirTicket/emka/lib/python3.10/site-packages/rest_framework/templates/rest_framework/docs/langs/python.html first seen with mtime 1684412602.6346989
File /Users/admin/Desktop/AirTicket/emka/lib/python3.10/site-packages/rest_framework/templates/rest_framework/docs/langs/javascript.html first seen with mtime 1684412602.6344724
File /Users/admin/Desktop/AirTicket/emka/lib/python3.10/site-packages/rest_framework/templates/rest_framework/docs/langs/shell.html first seen with mtime 1684412602.6348958
File /Users/admin/Desktop/AirTicket/emka/lib/python3.10/site-packages/rest_framework/templates/rest_framework/docs/langs/shell-intro.html first seen with mtime 1684412602.6347938
File /Users/admin/Desktop/AirTicket/emka/lib/python3.10/site-packages/rest_framework/templates/rest_framework/docs/langs/python-intro.html first seen with mtime 1684412602.6345844
File /Users/admin/Desktop/AirTicket/emka/lib/python3.10/site-packages/rest_framework/templates/rest_framework/docs/langs/javascript-intro.html first seen with mtime 1684412602.6343331
File /Users/admin/Desktop/AirTicket/emka/lib/python3.10/site-packages/rest_framework/templates/rest_framework/inline/select.html first seen with mtime 1684412602.6381035
File /Users/admin/Desktop/AirTicket/emka/lib/python3.10/site-packages/rest_framework/templates/rest_framework/inline/dict_field.html first seen with mtime 1684412602.6372721
File /Users/admin/Desktop/AirTicket/emka/lib/python3.10/site-packages/rest_framework/templates/rest_framework/inline/form.html first seen with mtime 1684412602.6375122
File /Users/admin/Desktop/AirTicket/emka/lib/python3.10/site-packages/rest_framework/templates/rest_framework/inline/list_fieldset.html first seen with mtime 1684412602.6378899
File /Users/admin/Desktop/AirTicket/emka/lib/python3.10/site-packages/rest_framework/templates/rest_framework/inline/textarea.html first seen with mtime 1684412602.6383681
File /Users/admin/Desktop/AirTicket/emka/lib/python3.10/site-packages/rest_framework/templates/rest_framework/inline/radio.html first seen with mtime 1684412602.6379962
File /Users/admin/Desktop/AirTicket/emka/lib/python3.10/site-packages/rest_framework/templates/rest_framework/inline/checkbox_multiple.html first seen with mtime 1684412602.637175
File /Users/admin/Desktop/AirTicket/emka/lib/python3.10/site-packages/rest_framework/templates/rest_framework/inline/checkbox.html first seen with mtime 1684412602.637059
File /Users/admin/Desktop/AirTicket/emka/lib/python3.10/site-packages/rest_framework/templates/rest_framework/inline/fieldset.html first seen with mtime 1684412602.6373913
File /Users/admin/Desktop/AirTicket/emka/lib/python3.10/site-packages/rest_framework/templates/rest_framework/inline/input.html first seen with mtime 1684412602.6376355
File /Users/admin/Desktop/AirTicket/emka/lib/python3.10/site-packages/rest_framework/templates/rest_framework/inline/select_multiple.html first seen with mtime 1684412602.638232
File /Users/admin/Desktop/AirTicket/emka/lib/python3.10/site-packages/rest_framework/templates/rest_framework/inline/list_field.html first seen with mtime 1684412602.637758
File /Users/admin/Desktop/AirTicket/emka/lib/python3.10/site-packages/rest_framework/templates/rest_framework/vertical/select.html first seen with mtime 1684412602.6404064
File /Users/admin/Desktop/AirTicket/emka/lib/python3.10/site-packages/rest_framework/templates/rest_framework/vertical/dict_field.html first seen with mtime 1684412602.6390226
File /Users/admin/Desktop/AirTicket/emka/lib/python3.10/site-packages/rest_framework/templates/rest_framework/vertical/form.html first seen with mtime 1684412602.6392288
File /Users/admin/Desktop/AirTicket/emka/lib/python3.10/site-packages/rest_framework/templates/rest_framework/vertical/list_fieldset.html first seen with mtime 1684412602.6396022
File /Users/admin/Desktop/AirTicket/emka/lib/python3.10/site-packages/rest_framework/templates/rest_framework/vertical/textarea.html first seen with mtime 1684412602.6413891
File /Users/admin/Desktop/AirTicket/emka/lib/python3.10/site-packages/rest_framework/templates/rest_framework/vertical/radio.html first seen with mtime 1684412602.6397583
File /Users/admin/Desktop/AirTicket/emka/lib/python3.10/site-packages/rest_framework/templates/rest_framework/vertical/checkbox_multiple.html first seen with mtime 1684412602.6389163
File /Users/admin/Desktop/AirTicket/emka/lib/python3.10/site-packages/rest_framework/templates/rest_framework/vertical/checkbox.html first seen with mtime 1684412602.6388025
File /Users/admin/Desktop/AirTicket/emka/lib/python3.10/site-packages/rest_framework/templates/rest_framework/vertical/fieldset.html first seen with mtime 1684412602.6391222
File /Users/admin/Desktop/AirTicket/emka/lib/python3.10/site-packages/rest_framework/templates/rest_framework/vertical/input.html first seen with mtime 1684412602.6393442
File /Users/admin/Desktop/AirTicket/emka/lib/python3.10/site-packages/rest_framework/templates/rest_framework/vertical/select_multiple.html first seen with mtime 1684412602.640563
File /Users/admin/Desktop/AirTicket/emka/lib/python3.10/site-packages/rest_framework/templates/rest_framework/vertical/list_field.html first seen with mtime 1684412602.6394784
File /Users/admin/Desktop/AirTicket/emka/lib/python3.10/site-packages/rest_framework/locale/fa_IR/LC_MESSAGES/django.mo first seen with mtime 1684412602.6080575
File /Users/admin/Desktop/AirTicket/emka/lib/python3.10/site-packages/rest_framework/locale/sl/LC_MESSAGES/django.mo first seen with mtime 1684412602.6155643
File /Users/admin/Desktop/AirTicket/emka/lib/python3.10/site-packages/rest_framework/locale/sk/LC_MESSAGES/django.mo first seen with mtime 1684412602.6152947
File /Users/admin/Desktop/AirTicket/emka/lib/python3.10/site-packages/rest_framework/locale/pl/LC_MESSAGES/django.mo first seen with mtime 1684412602.6134386
File /Users/admin/Desktop/AirTicket/emka/lib/python3.10/site-packages/rest_framework/locale/vi/LC_MESSAGES/django.mo first seen with mtime 1684412602.6171613
File /Users/admin/Desktop/AirTicket/emka/lib/python3.10/site-packages/rest_framework/locale/sv/LC_MESSAGES/django.mo first seen with mtime 1684412602.6158278
File /Users/admin/Desktop/AirTicket/emka/lib/python3.10/site-packages/rest_framework/locale/en_US/LC_MESSAGES/django.mo first seen with mtime 1684412602.607002
File /Users/admin/Desktop/AirTicket/emka/lib/python3.10/site-packages/rest_framework/locale/ne_NP/LC_MESSAGES/django.mo first seen with mtime 1684412602.6124423
File /Users/admin/Desktop/AirTicket/emka/lib/python3.10/site-packages/rest_framework/locale/hy/LC_MESSAGES/django.mo first seen with mtime 1684412602.6100366
File /Users/admin/Desktop/AirTicket/emka/lib/python3.10/site-packages/rest_framework/locale/nn/LC_MESSAGES/django.mo first seen with mtime 1684412602.6129293
File /Users/admin/Desktop/AirTicket/emka/lib/python3.10/site-packages/rest_framework/locale/be/LC_MESSAGES/django.mo first seen with mtime 1684412602.603977
File /Users/admin/Desktop/AirTicket/emka/lib/python3.10/site-packages/rest_framework/locale/da/LC_MESSAGES/django.mo first seen with mtime 1684412602.605285
File /Users/admin/Desktop/AirTicket/emka/lib/python3.10/site-packages/rest_framework/locale/gl_ES/LC_MESSAGES/django.mo first seen with mtime 1684412602.609211
File /Users/admin/Desktop/AirTicket/emka/lib/python3.10/site-packages/rest_framework/locale/no/LC_MESSAGES/django.mo first seen with mtime 1684412602.6131742
File /Users/admin/Desktop/AirTicket/emka/lib/python3.10/site-packages/rest_framework/locale/pt_BR/LC_MESSAGES/django.mo first seen with mtime 1684412602.613988
File /Users/admin/Desktop/AirTicket/emka/lib/python3.10/site-packages/rest_framework/locale/ko_KR/LC_MESSAGES/django.mo first seen with mtime 1684412602.6111538
File /Users/admin/Desktop/AirTicket/emka/lib/python3.10/site-packages/rest_framework/locale/ja/LC_MESSAGES/django.mo first seen with mtime 1684412602.6108706
File /Users/admin/Desktop/AirTicket/emka/lib/python3.10/site-packages/rest_framework/locale/el/LC_MESSAGES/django.mo first seen with mtime 1684412602.605802
File /Users/admin/Desktop/AirTicket/emka/lib/python3.10/site-packages/rest_framework/locale/lv/LC_MESSAGES/django.mo first seen with mtime 1684412602.6116493
File /Users/admin/Desktop/AirTicket/emka/lib/python3.10/site-packages/rest_framework/locale/it/LC_MESSAGES/django.mo first seen with mtime 1684412602.6105864
File /Users/admin/Desktop/AirTicket/emka/lib/python3.10/site-packages/rest_framework/locale/ca/LC_MESSAGES/django.mo first seen with mtime 1684412602.604504
File /Users/admin/Desktop/AirTicket/emka/lib/python3.10/site-packages/rest_framework/locale/zh_TW/LC_MESSAGES/django.mo first seen with mtime 1684412602.6182756
File /Users/admin/Desktop/AirTicket/emka/lib/python3.10/site-packages/rest_framework/locale/cs/LC_MESSAGES/django.mo first seen with mtime 1684412602.6050107
File /Users/admin/Desktop/AirTicket/emka/lib/python3.10/site-packages/rest_framework/locale/en_CA/LC_MESSAGES/django.mo first seen with mtime 1684412602.6067836
File /Users/admin/Desktop/AirTicket/emka/lib/python3.10/site-packages/rest_framework/locale/pt_PT/LC_MESSAGES/django.mo first seen with mtime 1684412602.6142375
File /Users/admin/Desktop/AirTicket/emka/lib/python3.10/site-packages/rest_framework/locale/ach/LC_MESSAGES/django.mo first seen with mtime 1684412602.6032138
File /Users/admin/Desktop/AirTicket/emka/lib/python3.10/site-packages/rest_framework/locale/zh_Hans/LC_MESSAGES/django.mo first seen with mtime 1684412602.6177044
File /Users/admin/Desktop/AirTicket/emka/lib/python3.10/site-packages/rest_framework/locale/ru/LC_MESSAGES/django.mo first seen with mtime 1684412602.614781
File /Users/admin/Desktop/AirTicket/emka/lib/python3.10/site-packages/rest_framework/locale/zh_Hant/LC_MESSAGES/django.mo first seen with mtime 1684412602.6180084
File /Users/admin/Desktop/AirTicket/emka/lib/python3.10/site-packages/rest_framework/locale/he_IL/LC_MESSAGES/django.mo first seen with mtime 1684412602.6094413
File /Users/admin/Desktop/AirTicket/emka/lib/python3.10/site-packages/rest_framework/locale/fr_CA/LC_MESSAGES/django.mo first seen with mtime 1684412602.6087606
File /Users/admin/Desktop/AirTicket/emka/lib/python3.10/site-packages/rest_framework/locale/ro/LC_MESSAGES/django.mo first seen with mtime 1684412602.6145031
File /Users/admin/Desktop/AirTicket/emka/lib/python3.10/site-packages/rest_framework/locale/zh_CN/LC_MESSAGES/django.mo first seen with mtime 1684412602.6174102
File /Users/admin/Desktop/AirTicket/emka/lib/python3.10/site-packages/rest_framework/locale/pt/LC_MESSAGES/django.mo first seen with mtime 1684412602.6137197
File /Users/admin/Desktop/AirTicket/emka/lib/python3.10/site-packages/rest_framework/locale/uk/LC_MESSAGES/django.mo first seen with mtime 1684412602.6169171
File /Users/admin/Desktop/AirTicket/emka/lib/python3.10/site-packages/rest_framework/locale/en_AU/LC_MESSAGES/django.mo first seen with mtime 1684412602.6065314
File /Users/admin/Desktop/AirTicket/emka/lib/python3.10/site-packages/rest_framework/locale/mk/LC_MESSAGES/django.mo first seen with mtime 1684412602.6119146
File /Users/admin/Desktop/AirTicket/emka/lib/python3.10/site-packages/rest_framework/locale/ar/LC_MESSAGES/django.mo first seen with mtime 1684412602.603476
File /Users/admin/Desktop/AirTicket/emka/lib/python3.10/site-packages/rest_framework/locale/gl/LC_MESSAGES/django.mo first seen with mtime 1684412602.6089952
File /Users/admin/Desktop/AirTicket/emka/lib/python3.10/site-packages/rest_framework/locale/hu/LC_MESSAGES/django.mo first seen with mtime 1684412602.6097286
File /Users/admin/Desktop/AirTicket/emka/lib/python3.10/site-packages/rest_framework/locale/nl/LC_MESSAGES/django.mo first seen with mtime 1684412602.6126876
File /Users/admin/Desktop/AirTicket/emka/lib/python3.10/site-packages/rest_framework/locale/bg/LC_MESSAGES/django.mo first seen with mtime 1684412602.6042297
File /Users/admin/Desktop/AirTicket/emka/lib/python3.10/site-packages/rest_framework/locale/nb/LC_MESSAGES/django.mo first seen with mtime 1684412602.6121836
File /Users/admin/Desktop/AirTicket/emka/lib/python3.10/site-packages/rest_framework/locale/de/LC_MESSAGES/django.mo first seen with mtime 1684412602.6055536
File /Users/admin/Desktop/AirTicket/emka/lib/python3.10/site-packages/rest_framework/locale/ca_ES/LC_MESSAGES/django.mo first seen with mtime 1684412602.6047487
File /Users/admin/Desktop/AirTicket/emka/lib/python3.10/site-packages/rest_framework/locale/az/LC_MESSAGES/django.mo first seen with mtime 1684412602.6037364
File /Users/admin/Desktop/AirTicket/emka/lib/python3.10/site-packages/rest_framework/locale/ru_RU/LC_MESSAGES/django.mo first seen with mtime 1684412602.615012
File /Users/admin/Desktop/AirTicket/emka/lib/python3.10/site-packages/rest_framework/locale/fi/LC_MESSAGES/django.mo first seen with mtime 1684412602.608304
File /Users/admin/Desktop/AirTicket/emka/lib/python3.10/site-packages/rest_framework/locale/id/LC_MESSAGES/django.mo first seen with mtime 1684412602.610327
File /Users/admin/Desktop/AirTicket/emka/lib/python3.10/site-packages/rest_framework/locale/fr/LC_MESSAGES/django.mo first seen with mtime 1684412602.6085513
File /Users/admin/Desktop/AirTicket/emka/lib/python3.10/site-packages/rest_framework/locale/es/LC_MESSAGES/django.mo first seen with mtime 1684412602.607278
File /Users/admin/Desktop/AirTicket/emka/lib/python3.10/site-packages/rest_framework/locale/et/LC_MESSAGES/django.mo first seen with mtime 1684412602.6075249
File /Users/admin/Desktop/AirTicket/emka/lib/python3.10/site-packages/rest_framework/locale/en/LC_MESSAGES/django.mo first seen with mtime 1684412602.606295
File /Users/admin/Desktop/AirTicket/emka/lib/python3.10/site-packages/rest_framework/locale/fa/LC_MESSAGES/django.mo first seen with mtime 1684412602.6077988
File /Users/admin/Desktop/AirTicket/emka/lib/python3.10/site-packages/rest_framework/locale/lt/LC_MESSAGES/django.mo first seen with mtime 1684412602.6113858
File /Users/admin/Desktop/AirTicket/emka/lib/python3.10/site-packages/rest_framework/locale/el_GR/LC_MESSAGES/django.mo first seen with mtime 1684412602.6060498
File /Users/admin/Desktop/AirTicket/emka/lib/python3.10/site-packages/rest_framework/locale/th/LC_MESSAGES/django.mo first seen with mtime 1684412602.6160784
File /Users/admin/Desktop/AirTicket/emka/lib/python3.10/site-packages/rest_framework/locale/tr/LC_MESSAGES/django.mo first seen with mtime 1684412602.6163547
File /Users/admin/Desktop/AirTicket/emka/lib/python3.10/site-packages/rest_framework/locale/tr_TR/LC_MESSAGES/django.mo first seen with mtime 1684412602.6166291
File /Users/admin/Desktop/AirTicket/emka/lib/python3.10/site-packages/django_filters/locale/sk/LC_MESSAGES/django.mo first seen with mtime 1684413294.2145503
File /Users/admin/Desktop/AirTicket/emka/lib/python3.10/site-packages/django_filters/locale/pl/LC_MESSAGES/django.mo first seen with mtime 1684413294.2133527
File /Users/admin/Desktop/AirTicket/emka/lib/python3.10/site-packages/django_filters/locale/be/LC_MESSAGES/django.mo first seen with mtime 1684413294.20718
File /Users/admin/Desktop/AirTicket/emka/lib/python3.10/site-packages/django_filters/locale/da/LC_MESSAGES/django.mo first seen with mtime 1684413294.2082567
File /Users/admin/Desktop/AirTicket/emka/lib/python3.10/site-packages/django_filters/locale/pt_BR/LC_MESSAGES/django.mo first seen with mtime 1684413294.2136917
File /Users/admin/Desktop/AirTicket/emka/lib/python3.10/site-packages/django_filters/locale/el/LC_MESSAGES/django.mo first seen with mtime 1684413294.2090526
File /Users/admin/Desktop/AirTicket/emka/lib/python3.10/site-packages/django_filters/locale/it/LC_MESSAGES/django.mo first seen with mtime 1684413294.212634
File /Users/admin/Desktop/AirTicket/emka/lib/python3.10/site-packages/django_filters/locale/cs/LC_MESSAGES/django.mo first seen with mtime 1684413294.20789
File /Users/admin/Desktop/AirTicket/emka/lib/python3.10/site-packages/django_filters/locale/ru/LC_MESSAGES/django.mo first seen with mtime 1684413294.2142184
File /Users/admin/Desktop/AirTicket/emka/lib/python3.10/site-packages/django_filters/locale/zh_CN/LC_MESSAGES/django.mo first seen with mtime 1684413294.215335
File /Users/admin/Desktop/AirTicket/emka/lib/python3.10/site-packages/django_filters/locale/uk/LC_MESSAGES/django.mo first seen with mtime 1684413294.214954
File /Users/admin/Desktop/AirTicket/emka/lib/python3.10/site-packages/django_filters/locale/ar/LC_MESSAGES/django.mo first seen with mtime 1684413294.2068448
File /Users/admin/Desktop/AirTicket/emka/lib/python3.10/site-packages/django_filters/locale/bg/LC_MESSAGES/django.mo first seen with mtime 1684413294.207567
File /Users/admin/Desktop/AirTicket/emka/lib/python3.10/site-packages/django_filters/locale/es_AR/LC_MESSAGES/django.mo first seen with mtime 1684413294.2098355
File /Users/admin/Desktop/AirTicket/emka/lib/python3.10/site-packages/django_filters/locale/de/LC_MESSAGES/django.mo first seen with mtime 1684413294.2086587
File /Users/admin/Desktop/AirTicket/emka/lib/python3.10/site-packages/django_filters/locale/fr/LC_MESSAGES/django.mo first seen with mtime 1684413294.2110074
File /Users/admin/Desktop/AirTicket/emka/lib/python3.10/site-packages/django_filters/locale/es/LC_MESSAGES/django.mo first seen with mtime 1684413294.209411
File /Users/admin/Desktop/AirTicket/emka/lib/python3.10/site-packages/django_filters/locale/fa/LC_MESSAGES/django.mo first seen with mtime 1684413294.210213
File /Users/admin/Desktop/AirTicket/emka/lib/python3.10/site-packages/django/db/models/sql/compiler.py first seen with mtime 1684412601.9334998
File /Users/admin/Desktop/AirTicket/emka/lib/python3.10/site-packages/django/contrib/auth/migrations/0006_require_contenttypes_0002.py first seen with mtime 1684412601.5658143
File /Users/admin/Desktop/AirTicket/emka/lib/python3.10/site-packages/django/contrib/auth/migrations/0012_alter_user_first_name_max_length.py first seen with mtime 1684412601.5664723
File /Users/admin/Desktop/AirTicket/buy_tickets/account/migrations/__init__.py first seen with mtime 1684412398.5893624
File /Users/admin/Desktop/AirTicket/emka/lib/python3.10/site-packages/django/contrib/auth/migrations/0002_alter_permission_name_max_length.py first seen with mtime 1684412601.5653682
File /Users/admin/Desktop/AirTicket/emka/lib/python3.10/site-packages/django/contrib/auth/migrations/0011_update_proxy_permissions.py first seen with mtime 1684412601.5663567
File /Users/admin/Desktop/AirTicket/emka/lib/python3.10/site-packages/django/contrib/auth/migrations/0003_alter_user_email_max_length.py first seen with mtime 1684412601.5654814
File /Users/admin/Desktop/AirTicket/emka/lib/python3.10/site-packages/rest_framework/authtoken/migrations/0001_initial.py first seen with mtime 1684412602.6025553
File /Users/admin/Desktop/AirTicket/emka/lib/python3.10/site-packages/django/contrib/contenttypes/migrations/0001_initial.py first seen with mtime 1684412601.606275
File /Users/admin/Desktop/AirTicket/emka/lib/python3.10/site-packages/django/contrib/auth/migrations/0004_alter_user_username_opts.py first seen with mtime 1684412601.5655837
File /Users/admin/Desktop/AirTicket/emka/lib/python3.10/site-packages/django/contrib/admin/migrations/__init__.py first seen with mtime 1684412601.4503734
File /Users/admin/Desktop/AirTicket/emka/lib/python3.10/site-packages/django/contrib/admin/migrations/0001_initial.py first seen with mtime 1684412601.4500213
File /Users/admin/Desktop/AirTicket/emka/lib/python3.10/site-packages/rest_framework/authtoken/migrations/__init__.py first seen with mtime 1684412602.602903
File /Users/admin/Desktop/AirTicket/emka/lib/python3.10/site-packages/django/contrib/contenttypes/migrations/__init__.py first seen with mtime 1684412601.6064866
File /Users/admin/Desktop/AirTicket/emka/lib/python3.10/site-packages/django/contrib/auth/migrations/0009_alter_user_last_name_max_length.py first seen with mtime 1684412601.5661402
File /Users/admin/Desktop/AirTicket/emka/lib/python3.10/site-packages/django/contrib/auth/migrations/0008_alter_user_username_max_length.py first seen with mtime 1684412601.5660348
File /Users/admin/Desktop/AirTicket/buy_tickets/air_tickets/wsgi.py first seen with mtime 1684412398.5908728
File /Users/admin/Desktop/AirTicket/emka/lib/python3.10/site-packages/django/contrib/sessions/migrations/0001_initial.py first seen with mtime 1684412601.8573403
File /Users/admin/Desktop/AirTicket/emka/lib/python3.10/site-packages/django/contrib/auth/migrations/0007_alter_validators_add_error_messages.py first seen with mtime 1684412601.5659306
File /Users/admin/Desktop/AirTicket/emka/lib/python3.10/site-packages/django/db/migrations/recorder.py first seen with mtime 1684412601.9253838
File /Users/admin/Desktop/AirTicket/emka/lib/python3.10/site-packages/django/middleware/clickjacking.py first seen with mtime 1684412601.9502997
File /Users/admin/Desktop/AirTicket/emka/lib/python3.10/site-packages/rest_framework/authtoken/migrations/0003_tokenproxy.py first seen with mtime 1684412602.602819
File /Users/admin/Desktop/AirTicket/buy_tickets/buy_tickets/migrations/0001_initial.py first seen with mtime 1684477072.8004704
File /Users/admin/Desktop/AirTicket/emka/lib/python3.10/site-packages/django/contrib/admin/migrations/0003_logentry_add_action_flag_choices.py first seen with mtime 1684412601.4502776
File /Users/admin/Desktop/AirTicket/emka/lib/python3.10/site-packages/django/contrib/auth/migrations/0001_initial.py first seen with mtime 1684412601.5652518
File /Users/admin/Desktop/AirTicket/emka/lib/python3.10/site-packages/django/contrib/auth/migrations/0010_alter_group_name_max_length.py first seen with mtime 1684412601.5662448
File /Users/admin/Desktop/AirTicket/emka/lib/python3.10/site-packages/django/contrib/sessions/migrations/__init__.py first seen with mtime 1684412601.857433
File /Users/admin/Desktop/AirTicket/emka/lib/python3.10/site-packages/django/contrib/auth/migrations/0005_alter_user_last_login_null.py first seen with mtime 1684412601.5656862
File /Users/admin/Desktop/AirTicket/buy_tickets/buy_tickets/migrations/0002_remove_airticket_passenger.py first seen with mtime 1684477072.8008428
File /Users/admin/Desktop/AirTicket/emka/lib/python3.10/site-packages/rest_framework/authtoken/migrations/0002_auto_20160226_1747.py first seen with mtime 1684412602.6026866
File /Users/admin/Desktop/AirTicket/buy_tickets/account/migrations/0001_initial.py first seen with mtime 1684477072.7935283
File /Users/admin/Desktop/AirTicket/buy_tickets/buy_tickets/migrations/__init__.py first seen with mtime 1684412398.5919964
File /Users/admin/Desktop/AirTicket/emka/lib/python3.10/site-packages/django/contrib/sessions/backends/db.py first seen with mtime 1684412601.8199816
File /Users/admin/Desktop/AirTicket/emka/lib/python3.10/site-packages/django/contrib/auth/migrations/__init__.py first seen with mtime 1684412601.5665436
File /Users/admin/Desktop/AirTicket/emka/lib/python3.10/site-packages/django/contrib/contenttypes/migrations/0002_remove_content_type_name.py first seen with mtime 1684412601.6064057
File /Users/admin/Desktop/AirTicket/emka/lib/python3.10/site-packages/django/contrib/admin/migrations/0002_logentry_remove_auto_add.py first seen with mtime 1684412601.4501452
(0.002) SELECT "django_session"."session_key", "django_session"."session_data", "django_session"."expire_date" FROM "django_session" WHERE ("django_session"."expire_date" > '2023-05-19T06:56:05.507878+00:00'::timestamptz AND "django_session"."session_key" = 'ovbm6wk070izba8htlhuwqp44u5ggz9s') LIMIT 21; args=(datetime.datetime(2023, 5, 19, 6, 56, 5, 507878, tzinfo=datetime.timezone.utc), 'ovbm6wk070izba8htlhuwqp44u5ggz9s'); alias=default
(0.002) SELECT "account_user"."password", "account_user"."last_login", "account_user"."email", "account_user"."name", "account_user"."last_name", "account_user"."is_active", "account_user"."is_staff", "account_user"."activation_code" FROM "account_user" WHERE "account_user"."email" = 'admin@admin.com' LIMIT 21; args=('admin@admin.com',); alias=default
(0.001) SELECT COUNT(*) AS "__count" FROM "account_user"; args=(); alias=default
(0.000) SELECT COUNT(*) AS "__count" FROM "account_user"; args=(); alias=default
(0.001) SELECT "account_user"."password", "account_user"."last_login", "account_user"."email", "account_user"."name", "account_user"."last_name", "account_user"."is_active", "account_user"."is_staff", "account_user"."activation_code" FROM "account_user" ORDER BY "account_user"."email" DESC; args=(); alias=default
Exception while resolving variable 'get_short_name' in template 'admin/change_list.html'.
Traceback (most recent call last):
  File "/Users/admin/Desktop/AirTicket/emka/lib/python3.10/site-packages/django/template/base.py", line 880, in _resolve_lookup
    current = current[bit]
  File "/Users/admin/Desktop/AirTicket/emka/lib/python3.10/site-packages/django/utils/functional.py", line 268, in inner
    return func(_wrapped, *args)
TypeError: 'User' object is not subscriptable

During handling of the above exception, another exception occurred:

Traceback (most recent call last):
  File "/Users/admin/Desktop/AirTicket/emka/lib/python3.10/site-packages/django/template/base.py", line 890, in _resolve_lookup
    current = getattr(current, bit)
  File "/Users/admin/Desktop/AirTicket/emka/lib/python3.10/site-packages/django/utils/functional.py", line 268, in inner
    return func(_wrapped, *args)
AttributeError: 'User' object has no attribute 'get_short_name'

During handling of the above exception, another exception occurred:

Traceback (most recent call last):
  File "/Users/admin/Desktop/AirTicket/emka/lib/python3.10/site-packages/django/template/base.py", line 896, in _resolve_lookup
    current = current[int(bit)]
ValueError: invalid literal for int() with base 10: 'get_short_name'

During handling of the above exception, another exception occurred:

Traceback (most recent call last):
  File "/Users/admin/Desktop/AirTicket/emka/lib/python3.10/site-packages/django/template/base.py", line 903, in _resolve_lookup
    raise VariableDoesNotExist(
django.template.base.VariableDoesNotExist: Failed lookup for key [get_short_name] in <SimpleLazyObject: <User: admin@admin.com>>
"GET /admin/account/user/ HTTP/1.1" 200 10963
"GET /static/admin/css/base.css HTTP/1.1" 304 0
"GET /static/admin/css/nav_sidebar.css HTTP/1.1" 304 0
"GET /static/admin/css/dark_mode.css HTTP/1.1" 304 0
"GET /static/admin/css/changelists.css HTTP/1.1" 304 0
"GET /static/admin/css/responsive.css HTTP/1.1" 304 0
"GET /static/admin/js/vendor/jquery/jquery.js HTTP/1.1" 304 0
"GET /static/admin/js/jquery.init.js HTTP/1.1" 304 0
"GET /static/admin/js/core.js HTTP/1.1" 304 0
"GET /static/admin/js/admin/RelatedObjectLookups.js HTTP/1.1" 304 0
(0.001) SELECT "django_session"."session_key", "django_session"."session_data", "django_session"."expire_date" FROM "django_session" WHERE ("django_session"."expire_date" > '2023-05-19T06:56:05.622699+00:00'::timestamptz AND "django_session"."session_key" = 'ovbm6wk070izba8htlhuwqp44u5ggz9s') LIMIT 21; args=(datetime.datetime(2023, 5, 19, 6, 56, 5, 622699, tzinfo=datetime.timezone.utc), 'ovbm6wk070izba8htlhuwqp44u5ggz9s'); alias=default
"GET /static/admin/js/vendor/xregexp/xregexp.js HTTP/1.1" 304 0
"GET /static/admin/js/urlify.js HTTP/1.1" 304 0
"GET /static/admin/js/actions.js HTTP/1.1" 304 0
"GET /static/admin/js/prepopulate.js HTTP/1.1" 304 0
(0.001) SELECT "account_user"."password", "account_user"."last_login", "account_user"."email", "account_user"."name", "account_user"."last_name", "account_user"."is_active", "account_user"."is_staff", "account_user"."activation_code" FROM "account_user" WHERE "account_user"."email" = 'admin@admin.com' LIMIT 21; args=('admin@admin.com',); alias=default
"GET /admin/jsi18n/ HTTP/1.1" 200 3343
"GET /static/admin/js/theme.js HTTP/1.1" 304 0
"GET /static/admin/js/nav_sidebar.js HTTP/1.1" 304 0
"GET /static/admin/js/filters.js HTTP/1.1" 304 0
"GET /static/admin/img/icon-addlink.svg HTTP/1.1" 304 0
"GET /static/admin/img/tooltag-add.svg HTTP/1.1" 304 0
File /Users/admin/Desktop/AirTicket/emka/lib/python3.10/site-packages/django/contrib/auth/context_processors.py first seen with mtime 1684412601.5215654
File /Users/admin/Desktop/AirTicket/emka/lib/python3.10/site-packages/django/contrib/messages/storage/session.py first seen with mtime 1684412601.7498353
File /Users/admin/Desktop/AirTicket/emka/lib/python3.10/site-packages/django/contrib/sessions/serializers.py first seen with mtime 1684412601.8191907
File /Users/admin/Desktop/AirTicket/emka/lib/python3.10/site-packages/django/contrib/messages/storage/cookie.py first seen with mtime 1684412601.749575
File /Users/admin/Desktop/AirTicket/emka/lib/python3.10/site-packages/django/contrib/messages/context_processors.py first seen with mtime 1684412601.748689
File /Users/admin/Desktop/AirTicket/emka/lib/python3.10/site-packages/django/conf/locale/en/formats.py first seen with mtime 1684412601.3195415
File /Users/admin/Desktop/AirTicket/emka/lib/python3.10/site-packages/django/conf/locale/en/__init__.py first seen with mtime 1684412601.3193927
File /Users/admin/Desktop/AirTicket/emka/lib/python3.10/site-packages/django/contrib/messages/storage/fallback.py first seen with mtime 1684412601.749706
File /Users/admin/Desktop/AirTicket/emka/lib/python3.10/site-packages/django/contrib/staticfiles/storage.py first seen with mtime 1684412601.897193
File /Users/admin/Desktop/AirTicket/emka/lib/python3.10/site-packages/django/template/context_processors.py first seen with mtime 1684412601.952001
(0.002) SELECT "django_session"."session_key", "django_session"."session_data", "django_session"."expire_date" FROM "django_session" WHERE ("django_session"."expire_date" > '2023-05-19T06:56:27.872673+00:00'::timestamptz AND "django_session"."session_key" = 'ovbm6wk070izba8htlhuwqp44u5ggz9s') LIMIT 21; args=(datetime.datetime(2023, 5, 19, 6, 56, 27, 872673, tzinfo=datetime.timezone.utc), 'ovbm6wk070izba8htlhuwqp44u5ggz9s'); alias=default
(0.001) SELECT "account_user"."password", "account_user"."last_login", "account_user"."email", "account_user"."name", "account_user"."last_name", "account_user"."is_active", "account_user"."is_staff", "account_user"."activation_code" FROM "account_user" WHERE "account_user"."email" = 'admin@admin.com' LIMIT 21; args=('admin@admin.com',); alias=default
(0.001) SELECT COUNT(*) AS "__count" FROM "authtoken_token"; args=(); alias=default
(0.000) SELECT COUNT(*) AS "__count" FROM "authtoken_token"; args=(); alias=default
(0.001) SELECT "authtoken_token"."key", "authtoken_token"."user_id", "authtoken_token"."created", "account_user"."password", "account_user"."last_login", "account_user"."email", "account_user"."name", "account_user"."last_name", "account_user"."is_active", "account_user"."is_staff", "account_user"."activation_code" FROM "authtoken_token" INNER JOIN "account_user" ON ("authtoken_token"."user_id" = "account_user"."email") ORDER BY "authtoken_token"."created" DESC, "authtoken_token"."key" DESC; args=(); alias=default
Exception while resolving variable 'get_short_name' in template 'admin/change_list.html'.
Traceback (most recent call last):
  File "/Users/admin/Desktop/AirTicket/emka/lib/python3.10/site-packages/django/template/base.py", line 880, in _resolve_lookup
    current = current[bit]
  File "/Users/admin/Desktop/AirTicket/emka/lib/python3.10/site-packages/django/utils/functional.py", line 268, in inner
    return func(_wrapped, *args)
TypeError: 'User' object is not subscriptable

During handling of the above exception, another exception occurred:

Traceback (most recent call last):
  File "/Users/admin/Desktop/AirTicket/emka/lib/python3.10/site-packages/django/template/base.py", line 890, in _resolve_lookup
    current = getattr(current, bit)
  File "/Users/admin/Desktop/AirTicket/emka/lib/python3.10/site-packages/django/utils/functional.py", line 268, in inner
    return func(_wrapped, *args)
AttributeError: 'User' object has no attribute 'get_short_name'

During handling of the above exception, another exception occurred:

Traceback (most recent call last):
  File "/Users/admin/Desktop/AirTicket/emka/lib/python3.10/site-packages/django/template/base.py", line 896, in _resolve_lookup
    current = current[int(bit)]
ValueError: invalid literal for int() with base 10: 'get_short_name'

During handling of the above exception, another exception occurred:

Traceback (most recent call last):
  File "/Users/admin/Desktop/AirTicket/emka/lib/python3.10/site-packages/django/template/base.py", line 903, in _resolve_lookup
    raise VariableDoesNotExist(
django.template.base.VariableDoesNotExist: Failed lookup for key [get_short_name] in <SimpleLazyObject: <User: admin@admin.com>>
"GET /admin/authtoken/tokenproxy/ HTTP/1.1" 200 9763
(0.001) SELECT "django_session"."session_key", "django_session"."session_data", "django_session"."expire_date" FROM "django_session" WHERE ("django_session"."expire_date" > '2023-05-19T06:56:31.367166+00:00'::timestamptz AND "django_session"."session_key" = 'ovbm6wk070izba8htlhuwqp44u5ggz9s') LIMIT 21; args=(datetime.datetime(2023, 5, 19, 6, 56, 31, 367166, tzinfo=datetime.timezone.utc), 'ovbm6wk070izba8htlhuwqp44u5ggz9s'); alias=default
(0.001) SELECT "account_user"."password", "account_user"."last_login", "account_user"."email", "account_user"."name", "account_user"."last_name", "account_user"."is_active", "account_user"."is_staff", "account_user"."activation_code" FROM "account_user" WHERE "account_user"."email" = 'admin@admin.com' LIMIT 21; args=('admin@admin.com',); alias=default
(0.000) BEGIN; args=None; alias=default
(0.001) SELECT "django_content_type"."id", "django_content_type"."app_label", "django_content_type"."model" FROM "django_content_type" WHERE ("django_content_type"."app_label" = 'authtoken' AND "django_content_type"."model" = 'tokenproxy') LIMIT 21; args=('authtoken', 'tokenproxy'); alias=default
(0.000) COMMIT; args=None; alias=default
Exception while resolving variable 'get_short_name' in template 'admin/change_form.html'.
Traceback (most recent call last):
  File "/Users/admin/Desktop/AirTicket/emka/lib/python3.10/site-packages/django/template/base.py", line 880, in _resolve_lookup
    current = current[bit]
  File "/Users/admin/Desktop/AirTicket/emka/lib/python3.10/site-packages/django/utils/functional.py", line 268, in inner
    return func(_wrapped, *args)
TypeError: 'User' object is not subscriptable

During handling of the above exception, another exception occurred:

Traceback (most recent call last):
  File "/Users/admin/Desktop/AirTicket/emka/lib/python3.10/site-packages/django/template/base.py", line 890, in _resolve_lookup
    current = getattr(current, bit)
  File "/Users/admin/Desktop/AirTicket/emka/lib/python3.10/site-packages/django/utils/functional.py", line 268, in inner
    return func(_wrapped, *args)
AttributeError: 'User' object has no attribute 'get_short_name'

During handling of the above exception, another exception occurred:

Traceback (most recent call last):
  File "/Users/admin/Desktop/AirTicket/emka/lib/python3.10/site-packages/django/template/base.py", line 896, in _resolve_lookup
    current = current[int(bit)]
ValueError: invalid literal for int() with base 10: 'get_short_name'

During handling of the above exception, another exception occurred:

Traceback (most recent call last):
  File "/Users/admin/Desktop/AirTicket/emka/lib/python3.10/site-packages/django/template/base.py", line 903, in _resolve_lookup
    raise VariableDoesNotExist(
django.template.base.VariableDoesNotExist: Failed lookup for key [get_short_name] in <SimpleLazyObject: <User: admin@admin.com>>
(0.001) DECLARE "_django_curs_6129250304_sync_1" NO SCROLL CURSOR WITH HOLD FOR SELECT "account_user"."password", "account_user"."last_login", "account_user"."email", "account_user"."name", "account_user"."last_name", "account_user"."is_active", "account_user"."is_staff", "account_user"."activation_code" FROM "account_user"; args=(); alias=default
"GET /admin/authtoken/tokenproxy/add/ HTTP/1.1" 200 11572
"GET /static/admin/css/forms.css HTTP/1.1" 200 8953
(0.002) SELECT "django_session"."session_key", "django_session"."session_data", "django_session"."expire_date" FROM "django_session" WHERE ("django_session"."expire_date" > '2023-05-19T06:56:31.435422+00:00'::timestamptz AND "django_session"."session_key" = 'ovbm6wk070izba8htlhuwqp44u5ggz9s') LIMIT 21; args=(datetime.datetime(2023, 5, 19, 6, 56, 31, 435422, tzinfo=datetime.timezone.utc), 'ovbm6wk070izba8htlhuwqp44u5ggz9s'); alias=default
(0.001) SELECT "account_user"."password", "account_user"."last_login", "account_user"."email", "account_user"."name", "account_user"."last_name", "account_user"."is_active", "account_user"."is_staff", "account_user"."activation_code" FROM "account_user" WHERE "account_user"."email" = 'admin@admin.com' LIMIT 21; args=('admin@admin.com',); alias=default
"GET /admin/jsi18n/ HTTP/1.1" 200 3343
"GET /static/admin/css/widgets.css HTTP/1.1" 200 11900
"GET /static/admin/js/prepopulate_init.js HTTP/1.1" 200 586
"GET /static/admin/img/icon-changelink.svg HTTP/1.1" 304 0
"GET /static/admin/img/icon-viewlink.svg HTTP/1.1" 200 581
"GET /static/admin/js/change_form.js HTTP/1.1" 200 606
(0.001) SELECT "django_session"."session_key", "django_session"."session_data", "django_session"."expire_date" FROM "django_session" WHERE ("django_session"."expire_date" > '2023-05-19T06:56:37.088110+00:00'::timestamptz AND "django_session"."session_key" = 'ovbm6wk070izba8htlhuwqp44u5ggz9s') LIMIT 21; args=(datetime.datetime(2023, 5, 19, 6, 56, 37, 88110, tzinfo=datetime.timezone.utc), 'ovbm6wk070izba8htlhuwqp44u5ggz9s'); alias=default
(0.001) SELECT "account_user"."password", "account_user"."last_login", "account_user"."email", "account_user"."name", "account_user"."last_name", "account_user"."is_active", "account_user"."is_staff", "account_user"."activation_code" FROM "account_user" WHERE "account_user"."email" = 'admin@admin.com' LIMIT 21; args=('admin@admin.com',); alias=default
(0.000) BEGIN; args=None; alias=default
(0.001) SELECT "account_user"."password", "account_user"."last_login", "account_user"."email", "account_user"."name", "account_user"."last_name", "account_user"."is_active", "account_user"."is_staff", "account_user"."activation_code" FROM "account_user" WHERE "account_user"."email" = 'admin@admin.com' LIMIT 21; args=('admin@admin.com',); alias=default
(0.001) SELECT 1 AS "a" FROM "account_user" WHERE "account_user"."email" = 'admin@admin.com' LIMIT 1; args=(1, 'admin@admin.com'); alias=default
(0.002) SELECT 1 AS "a" FROM "authtoken_token" WHERE "authtoken_token"."user_id" = 'admin@admin.com' LIMIT 1; args=(1, 'admin@admin.com'); alias=default
(0.001) UPDATE "authtoken_token" SET "user_id" = 'admin@admin.com', "created" = NULL WHERE "authtoken_token"."key" = 'e8c22c03118f9abcf44f55cf149abcc4b311e23c'; args=('admin@admin.com', 'e8c22c03118f9abcf44f55cf149abcc4b311e23c'); alias=default
(0.005) INSERT INTO "authtoken_token" ("key", "user_id", "created") VALUES ('e8c22c03118f9abcf44f55cf149abcc4b311e23c', 'admin@admin.com', '2023-05-19T06:56:37.110672+00:00'::timestamptz); args=('e8c22c03118f9abcf44f55cf149abcc4b311e23c', 'admin@admin.com', datetime.datetime(2023, 5, 19, 6, 56, 37, 110672, tzinfo=datetime.timezone.utc)); alias=default
(0.005) INSERT INTO "django_admin_log" ("action_time", "user_id", "content_type_id", "object_id", "object_repr", "action_flag", "change_message") VALUES ('2023-05-19T06:56:37.116418+00:00'::timestamptz, 'admin@admin.com', 7, 'admin@admin.com', 'e8c22c03118f9abcf44f55cf149abcc4b311e23c', 1, '[{"added": {}}]') RETURNING "django_admin_log"."id"; args=(datetime.datetime(2023, 5, 19, 6, 56, 37, 116418, tzinfo=datetime.timezone.utc), 'admin@admin.com', 7, 'admin@admin.com', 'e8c22c03118f9abcf44f55cf149abcc4b311e23c', 1, '[{"added": {}}]'); alias=default
(0.002) COMMIT; args=None; alias=default
"POST /admin/authtoken/tokenproxy/add/ HTTP/1.1" 302 0
(0.003) SELECT "django_session"."session_key", "django_session"."session_data", "django_session"."expire_date" FROM "django_session" WHERE ("django_session"."expire_date" > '2023-05-19T06:56:37.130260+00:00'::timestamptz AND "django_session"."session_key" = 'ovbm6wk070izba8htlhuwqp44u5ggz9s') LIMIT 21; args=(datetime.datetime(2023, 5, 19, 6, 56, 37, 130260, tzinfo=datetime.timezone.utc), 'ovbm6wk070izba8htlhuwqp44u5ggz9s'); alias=default
(0.001) SELECT "account_user"."password", "account_user"."last_login", "account_user"."email", "account_user"."name", "account_user"."last_name", "account_user"."is_active", "account_user"."is_staff", "account_user"."activation_code" FROM "account_user" WHERE "account_user"."email" = 'admin@admin.com' LIMIT 21; args=('admin@admin.com',); alias=default
(0.002) SELECT COUNT(*) AS "__count" FROM "authtoken_token"; args=(); alias=default
(0.000) SELECT COUNT(*) AS "__count" FROM "authtoken_token"; args=(); alias=default
(0.001) SELECT "authtoken_token"."key", "authtoken_token"."user_id", "authtoken_token"."created", "account_user"."password", "account_user"."last_login", "account_user"."email", "account_user"."name", "account_user"."last_name", "account_user"."is_active", "account_user"."is_staff", "account_user"."activation_code" FROM "authtoken_token" INNER JOIN "account_user" ON ("authtoken_token"."user_id" = "account_user"."email") ORDER BY "authtoken_token"."created" DESC, "authtoken_token"."key" DESC; args=(); alias=default
Exception while resolving variable 'get_short_name' in template 'admin/change_list.html'.
Traceback (most recent call last):
  File "/Users/admin/Desktop/AirTicket/emka/lib/python3.10/site-packages/django/template/base.py", line 880, in _resolve_lookup
    current = current[bit]
  File "/Users/admin/Desktop/AirTicket/emka/lib/python3.10/site-packages/django/utils/functional.py", line 268, in inner
    return func(_wrapped, *args)
TypeError: 'User' object is not subscriptable

During handling of the above exception, another exception occurred:

Traceback (most recent call last):
  File "/Users/admin/Desktop/AirTicket/emka/lib/python3.10/site-packages/django/template/base.py", line 890, in _resolve_lookup
    current = getattr(current, bit)
  File "/Users/admin/Desktop/AirTicket/emka/lib/python3.10/site-packages/django/utils/functional.py", line 268, in inner
    return func(_wrapped, *args)
AttributeError: 'User' object has no attribute 'get_short_name'

During handling of the above exception, another exception occurred:

Traceback (most recent call last):
  File "/Users/admin/Desktop/AirTicket/emka/lib/python3.10/site-packages/django/template/base.py", line 896, in _resolve_lookup
    current = current[int(bit)]
ValueError: invalid literal for int() with base 10: 'get_short_name'

During handling of the above exception, another exception occurred:

Traceback (most recent call last):
  File "/Users/admin/Desktop/AirTicket/emka/lib/python3.10/site-packages/django/template/base.py", line 903, in _resolve_lookup
    raise VariableDoesNotExist(
django.template.base.VariableDoesNotExist: Failed lookup for key [get_short_name] in <SimpleLazyObject: <User: admin@admin.com>>
"GET /admin/authtoken/tokenproxy/ HTTP/1.1" 200 11035
"GET /static/admin/img/icon-yes.svg HTTP/1.1" 200 436
"GET /static/admin/img/sorting-icons.svg HTTP/1.1" 200 1097
